2019-08-31 14:40:04,130 - [run_test.py-->line:18] - INFO: -------开启测试运行程序-----------
2019-08-31 14:40:07,590 - [test_login.py-->line:41] - INFO: 正在请求地址http://test.lemonban.com/futureloan/mvc/api/member/login
2019-08-31 14:40:07,764 - [test_login.py-->line:57] - DEBUG: 正常登录成功，该条用例执行通过
2019-08-31 14:40:07,765 - [test_login.py-->line:41] - INFO: 正在请求地址http://test.lemonban.com/futureloan/mvc/api/member/login
2019-08-31 14:40:07,889 - [test_login.py-->line:57] - DEBUG: 密码不正确，该条用例执行通过
2019-08-31 14:40:07,889 - [test_login.py-->line:41] - INFO: 正在请求地址http://test.lemonban.com/futureloan/mvc/api/member/login
2019-08-31 14:40:08,011 - [test_login.py-->line:57] - DEBUG: 账号未注册，该条用例执行通过
2019-08-31 14:40:08,012 - [test_login.py-->line:41] - INFO: 正在请求地址http://test.lemonban.com/futureloan/mvc/api/member/login
2019-08-31 14:40:08,134 - [test_login.py-->line:57] - DEBUG: 手机号为空，该条用例执行通过
2019-08-31 14:40:08,134 - [test_login.py-->line:41] - INFO: 正在请求地址http://test.lemonban.com/futureloan/mvc/api/member/login
2019-08-31 14:40:08,250 - [test_login.py-->line:57] - DEBUG: 手机号未注册，该条用例执行通过
2019-08-31 14:40:08,250 - [test_login.py-->line:41] - INFO: 正在请求地址http://test.lemonban.com/futureloan/mvc/api/member/login
2019-08-31 14:40:08,391 - [test_login.py-->line:57] - DEBUG: 手机号包含非数字，该条用例执行通过
2019-08-31 14:40:08,391 - [test_login.py-->line:41] - INFO: 正在请求地址http://test.lemonban.com/futureloan/mvc/api/member/login
2019-08-31 14:40:08,520 - [test_login.py-->line:57] - DEBUG: 手机号为非手机号码数字，该条用例执行通过
2019-08-31 14:40:08,520 - [test_login.py-->line:41] - INFO: 正在请求地址http://test.lemonban.com/futureloan/mvc/api/member/login
2019-08-31 14:40:08,672 - [test_login.py-->line:57] - DEBUG: 手机号长度不足11位，该条用例执行通过
2019-08-31 14:40:08,673 - [test_login.py-->line:41] - INFO: 正在请求地址http://test.lemonban.com/futureloan/mvc/api/member/login
2019-08-31 14:40:08,802 - [test_login.py-->line:57] - DEBUG: 手机号长度超过11位，该条用例执行通过
2019-08-31 14:40:08,814 - [run_test.py-->line:40] - INFO: ----------本次所有额用例执行完毕---------------------
在请求地址http://test.lemonban.com/futureloan/mvc/api/member/login
2019-08-31 11:13:19,404 - [test_login.py-->line:58] - DEBUG: 正常登录成功，该条用例执行通过
2019-08-31 11:13:19,405 - [test_login.py-->line:41] - INFO: 正在请求地址http://test.lemonban.com/futureloan/mvc/api/member/login
2019-08-31 11:13:19,499 - [test_login.py-->line:58] - DEBUG: 密码不正确，该条用例执行通过
2019-08-31 11:13:19,500 - [test_login.py-->line:41] - INFO: 正在请求地址http://test.lemonban.com/futureloan/mvc/api/member/login
2019-08-31 11:13:19,614 - [test_login.py-->line:58] - DEBUG: 账号不正确，该条用例执行通过
2019-08-31 11:13:19,628 - [run_test.py-->line:40] - INFO: ----------本次所有额用例执行完毕---------------------
2019-08-31 13:58:55,970 - [run_test.py-->line:18] - INFO: -------开启测试运行程序-----------
2019-08-31 13:59:00,224 - [test_login.py-->line:41] - INFO: 正在请求地址http://test.lemonban.com/futureloan/mvc/api/member/login
2019-08-31 13:59:00,384 - [test_login.py-->line:57] - DEBUG: 正常登录成功，该条用例执行通过
2019-08-31 13:59:00,385 - [test_login.py-->line:41] - INFO: 正在请求地址http://test.lemonban.com/futureloan/mvc/api/member/login
2019-08-31 13:59:00,501 - [test_login.py-->line:57] - DEBUG: 密码不正确，该条用例执行通过
2019-08-31 13:59:00,502 - [test_login.py-->line:41] - INFO: 正在请求地址http://test.lemonban.com/futureloan/mvc/api/member/login
2019-08-31 13:59:00,613 - [test_login.py-->line:57] - DEBUG: 账号不正确，该条用例执行通过
2019-08-31 13:59:00,624 - [run_test.py-->line:40] - INFO: ----------本次所有额用例执行完毕---------------------
2019-08-31 13:59:28,623 - [run_test.py-->line:18] - INFO: -------开启测试运行程序-----------
2019-08-31 13:59:29,812 - [test_login.py-->line:41] - INFO: 正在请求地址http://test.lemonban.com/futureloan/mvc/api/member/login
2019-08-31 13:59:29,921 - [test_login.py-->line:57] - DEBUG: 正常登录成功，该条用例执行通过
2019-08-31 13:59:29,921 - [test_login.py-->line:41] - INFO: 正在请求地址http://test.lemonban.com/futureloan/mvc/api/member/login
2019-08-31 13:59:30,054 - [test_login.py-->line:57] - DEBUG: 密码不正确，该条用例执行通过
2019-08-31 13:59:30,055 - [test_login.py-->line:41] - INFO: 正在请求地址http://test.lemonban.com/futureloan/mvc/api/member/login
2019-08-31 13:59:30,159 - [test_login.py-->line:57] - DEBUG: 账号不正确，该条用例执行通过
2019-08-31 13:59:30,170 - [run_test.py-->line:40] - INFO: ----------本次所有额用例执行完毕---------------------
2019-09-03 20:24:24,107 - [run_test.py-->line:18] - INFO: -------------------开启测试运行程序--------------
2019-09-03 20:24:29,332 - [test_login.py-->line:41] - INFO: 正在请求地址http://test.lemonban.com/futureloan/mvc/api/member/login
2019-09-03 20:24:29,618 - [test_login.py-->line:57] - DEBUG: 正常登录成功，该条用例执行通过
2019-09-03 20:24:29,618 - [test_login.py-->line:41] - INFO: 正在请求地址http://test.lemonban.com/futureloan/mvc/api/member/login
2019-09-03 20:24:29,761 - [test_login.py-->line:57] - DEBUG: 密码不正确，该条用例执行通过
2019-09-03 20:24:29,761 - [test_login.py-->line:41] - INFO: 正在请求地址http://test.lemonban.com/futureloan/mvc/api/member/login
2019-09-03 20:24:29,924 - [test_login.py-->line:57] - DEBUG: 账号未注册，该条用例执行通过
2019-09-03 20:24:29,924 - [test_login.py-->line:41] - INFO: 正在请求地址http://test.lemonban.com/futureloan/mvc/api/member/login
2019-09-03 20:24:30,067 - [test_login.py-->line:57] - DEBUG: 手机号为空，该条用例执行通过
2019-09-03 20:24:30,068 - [test_login.py-->line:41] - INFO: 正在请求地址http://test.lemonban.com/futureloan/mvc/api/member/login
2019-09-03 20:24:30,215 - [test_login.py-->line:57] - DEBUG: 手机号未注册，该条用例执行通过
2019-09-03 20:24:30,215 - [test_login.py-->line:41] - INFO: 正在请求地址http://test.lemonban.com/futureloan/mvc/api/member/login
2019-09-03 20:24:30,377 - [test_login.py-->line:57] - DEBUG: 手机号包含非数字，该条用例执行通过
2019-09-03 20:24:30,377 - [test_login.py-->line:41] - INFO: 正在请求地址http://test.lemonban.com/futureloan/mvc/api/member/login
2019-09-03 20:24:30,539 - [test_login.py-->line:57] - DEBUG: 手机号为非手机号码数字，该条用例执行通过
2019-09-03 20:24:30,540 - [test_login.py-->line:41] - INFO: 正在请求地址http://test.lemonban.com/futureloan/mvc/api/member/login
2019-09-03 20:24:30,716 - [test_login.py-->line:57] - DEBUG: 手机号长度不足11位，该条用例执行通过
2019-09-03 20:24:30,717 - [test_login.py-->line:41] - INFO: 正在请求地址http://test.lemonban.com/futureloan/mvc/api/member/login
2019-09-03 20:24:30,892 - [test_login.py-->line:57] - DEBUG: 手机号长度超过11位，该条用例执行通过
2019-09-03 20:24:31,072 - [test_login.py-->line:88] - INFO: 用例执行通过
2019-09-03 20:24:31,256 - [test_login.py-->line:88] - INFO: 用例执行通过
2019-09-03 20:24:31,444 - [test_login.py-->line:88] - INFO: 用例执行通过
2019-09-03 20:24:31,589 - [test_login.py-->line:88] - INFO: 用例执行通过
2019-09-03 20:24:31,722 - [test_login.py-->line:88] - INFO: 用例执行通过
2019-09-03 20:24:31,876 - [test_login.py-->line:88] - INFO: 用例执行通过
2019-09-03 20:24:32,029 - [test_login.py-->line:88] - INFO: 用例执行通过
2019-09-03 20:24:32,197 - [test_login.py-->line:88] - INFO: 用例执行通过
2019-09-03 20:24:32,333 - [test_login.py-->line:88] - INFO: 用例执行通过
2019-09-03 20:24:32,507 - [test_login.py-->line:88] - INFO: 用例执行通过
2019-09-03 20:24:32,670 - [test_login.py-->line:88] - INFO: 用例执行通过
2019-09-03 20:24:32,709 - [run_test.py-->line:40] - INFO: ----------本次所有用例执行完毕---------------------
2019-09-03 20:36:18,004 - [run_test.py-->line:18] - INFO: -------------------开启测试运行程序--------------
2019-09-03 20:36:21,121 - [test_login.py-->line:41] - INFO: 正在请求地址http://test.lemonban.com/futureloan/mvc/api/member/login
2019-09-03 20:36:21,283 - [test_login.py-->line:57] - DEBUG: 正常登录成功，该条用例执行通过
2019-09-03 20:36:21,284 - [test_login.py-->line:41] - INFO: 正在请求地址http://test.lemonban.com/futureloan/mvc/api/member/login
2019-09-03 20:36:21,429 - [test_login.py-->line:57] - DEBUG: 密码不正确，该条用例执行通过
2019-09-03 20:36:21,430 - [test_login.py-->line:41] - INFO: 正在请求地址http://test.lemonban.com/futureloan/mvc/api/member/login
2019-09-03 20:36:21,584 - [test_login.py-->line:57] - DEBUG: 账号未注册，该条用例执行通过
2019-09-03 20:36:21,585 - [test_login.py-->line:41] - INFO: 正在请求地址http://test.lemonban.com/futureloan/mvc/api/member/login
2019-09-03 20:36:21,723 - [test_login.py-->line:57] - DEBUG: 手机号为空，该条用例执行通过
2019-09-03 20:36:21,724 - [test_login.py-->line:41] - INFO: 正在请求地址http://test.lemonban.com/futureloan/mvc/api/member/login
2019-09-03 20:36:21,877 - [test_login.py-->line:57] - DEBUG: 手机号未注册，该条用例执行通过
2019-09-03 20:36:21,878 - [test_login.py-->line:41] - INFO: 正在请求地址http://test.lemonban.com/futureloan/mvc/api/member/login
2019-09-03 20:36:22,060 - [test_login.py-->line:57] - DEBUG: 手机号包含非数字，该条用例执行通过
2019-09-03 20:36:22,060 - [test_login.py-->line:41] - INFO: 正在请求地址http://test.lemonban.com/futureloan/mvc/api/member/login
2019-09-03 20:36:22,211 - [test_login.py-->line:57] - DEBUG: 手机号为非手机号码数字，该条用例执行通过
2019-09-03 20:36:22,212 - [test_login.py-->line:41] - INFO: 正在请求地址http://test.lemonban.com/futureloan/mvc/api/member/login
2019-09-03 20:36:22,384 - [test_login.py-->line:57] - DEBUG: 手机号长度不足11位，该条用例执行通过
2019-09-03 20:36:22,385 - [test_login.py-->line:41] - INFO: 正在请求地址http://test.lemonban.com/futureloan/mvc/api/member/login
2019-09-03 20:36:22,544 - [test_login.py-->line:57] - DEBUG: 手机号长度超过11位，该条用例执行通过
2019-09-03 20:36:22,711 - [test_login.py-->line:83] - INFO: 用例执行未通过
2019-09-03 20:36:22,711 - [test_login.py-->line:84] - ERROR: {'status': 1, 'code': '10001', 'data': None, 'msg': '注册成功'} != {'status': 0, 'code': '20110', 'data': None, 'msg': '手机号码已被注册'}
- {'code': '10001', 'data': None, 'msg': '注册成功', 'status': 1}
?             ---                           --             ^

+ {'code': '20110', 'data': None, 'msg': '手机号码已被注册', 'status': 0}
?           +++                           ++++++               ^
Traceback (most recent call last):
  File "C:\project\python21\class21_api_project\testcases\test_login.py", line 79, in test_register
    self.assertEqual(eval(case.excepted),res)
  File "C:\python37\lib\unittest\case.py", line 839, in assertEqual
    assertion_func(first, second, msg=msg)
  File "C:\python37\lib\unittest\case.py", line 1138, in assertDictEqual
    self.fail(self._formatMessage(msg, standardMsg))
  File "C:\python37\lib\unittest\case.py", line 680, in fail
    raise self.failureException(msg)
AssertionError: {'status': 1, 'code': '10001', 'data': None, 'msg': '注册成功'} != {'status': 0, 'code': '20110', 'data': None, 'msg': '手机号码已被注册'}
- {'code': '10001', 'data': None, 'msg': '注册成功', 'status': 1}
?             ---                           --             ^

+ {'code': '20110', 'data': None, 'msg': '手机号码已被注册', 'status': 0}
?           +++                           ++++++               ^

2019-09-03 20:36:22,888 - [test_login.py-->line:83] - INFO: 用例执行未通过
2019-09-03 20:36:22,888 - [test_login.py-->line:84] - ERROR: {'status': 1, 'code': '10001', 'data': None, 'msg': '注册成功'} != {'status': 0, 'code': '20110', 'data': None, 'msg': '手机号码已被注册'}
- {'code': '10001', 'data': None, 'msg': '注册成功', 'status': 1}
?             ---                           --             ^

+ {'code': '20110', 'data': None, 'msg': '手机号码已被注册', 'status': 0}
?           +++                           ++++++               ^
Traceback (most recent call last):
  File "C:\project\python21\class21_api_project\testcases\test_login.py", line 79, in test_register
    self.assertEqual(eval(case.excepted),res)
  File "C:\python37\lib\unittest\case.py", line 839, in assertEqual
    assertion_func(first, second, msg=msg)
  File "C:\python37\lib\unittest\case.py", line 1138, in assertDictEqual
    self.fail(self._formatMessage(msg, standardMsg))
  File "C:\python37\lib\unittest\case.py", line 680, in fail
    raise self.failureException(msg)
AssertionError: {'status': 1, 'code': '10001', 'data': None, 'msg': '注册成功'} != {'status': 0, 'code': '20110', 'data': None, 'msg': '手机号码已被注册'}
- {'code': '10001', 'data': None, 'msg': '注册成功', 'status': 1}
?             ---                           --             ^

+ {'code': '20110', 'data': None, 'msg': '手机号码已被注册', 'status': 0}
?           +++                           ++++++               ^

2019-09-03 20:36:23,114 - [test_login.py-->line:88] - INFO: 用例执行通过
2019-09-03 20:36:23,270 - [test_login.py-->line:88] - INFO: 用例执行通过
2019-09-03 20:36:23,397 - [test_login.py-->line:88] - INFO: 用例执行通过
2019-09-03 20:36:23,584 - [test_login.py-->line:88] - INFO: 用例执行通过
2019-09-03 20:36:23,737 - [test_login.py-->line:88] - INFO: 用例执行通过
2019-09-03 20:36:23,870 - [test_login.py-->line:88] - INFO: 用例执行通过
2019-09-03 20:36:24,011 - [test_login.py-->line:88] - INFO: 用例执行通过
2019-09-03 20:36:24,160 - [test_login.py-->line:88] - INFO: 用例执行通过
2019-09-03 20:36:24,337 - [test_login.py-->line:88] - INFO: 用例执行通过
2019-09-03 20:36:24,349 - [run_test.py-->line:40] - INFO: ----------本次所有用例执行完毕---------------------
2019-09-03 20:54:53,210 - [run_test.py-->line:19] - INFO: -------------------开启测试运行程序--------------
2019-09-03 20:54:56,170 - [test_login.py-->line:45] - INFO: 正在请求地址http://test.lemonban.com/futureloan/mvc/api/member/login
2019-09-03 20:54:56,360 - [test_login.py-->line:61] - DEBUG: 正常登录成功，该条用例执行通过
2019-09-03 20:54:56,360 - [test_login.py-->line:45] - INFO: 正在请求地址http://test.lemonban.com/futureloan/mvc/api/member/login
2019-09-03 20:54:56,531 - [test_login.py-->line:61] - DEBUG: 密码不正确，该条用例执行通过
2019-09-03 20:54:56,531 - [test_login.py-->line:45] - INFO: 正在请求地址http://test.lemonban.com/futureloan/mvc/api/member/login
2019-09-03 20:54:56,690 - [test_login.py-->line:61] - DEBUG: 账号未注册，该条用例执行通过
2019-09-03 20:54:56,690 - [test_login.py-->line:45] - INFO: 正在请求地址http://test.lemonban.com/futureloan/mvc/api/member/login
2019-09-03 20:54:56,836 - [test_login.py-->line:61] - DEBUG: 手机号为空，该条用例执行通过
2019-09-03 20:54:56,836 - [test_login.py-->line:45] - INFO: 正在请求地址http://test.lemonban.com/futureloan/mvc/api/member/login
2019-09-03 20:54:56,990 - [test_login.py-->line:61] - DEBUG: 手机号未注册，该条用例执行通过
2019-09-03 20:54:56,991 - [test_login.py-->line:45] - INFO: 正在请求地址http://test.lemonban.com/futureloan/mvc/api/member/login
2019-09-03 20:54:57,134 - [test_login.py-->line:61] - DEBUG: 手机号包含非数字，该条用例执行通过
2019-09-03 20:54:57,135 - [test_login.py-->line:45] - INFO: 正在请求地址http://test.lemonban.com/futureloan/mvc/api/member/login
2019-09-03 20:54:57,290 - [test_login.py-->line:61] - DEBUG: 手机号为非手机号码数字，该条用例执行通过
2019-09-03 20:54:57,290 - [test_login.py-->line:45] - INFO: 正在请求地址http://test.lemonban.com/futureloan/mvc/api/member/login
2019-09-03 20:54:57,443 - [test_login.py-->line:61] - DEBUG: 手机号长度不足11位，该条用例执行通过
2019-09-03 20:54:57,443 - [test_login.py-->line:45] - INFO: 正在请求地址http://test.lemonban.com/futureloan/mvc/api/member/login
2019-09-03 20:54:57,599 - [test_login.py-->line:61] - DEBUG: 手机号长度超过11位，该条用例执行通过
2019-09-03 20:54:57,787 - [test_login.py-->line:84] - INFO: 用例执行未通过
2019-09-03 20:54:57,788 - [test_login.py-->line:85] - ERROR: {'status': 1, 'code': '10001', 'data': None, 'msg': '注册成功'} != {'status': 0, 'code': '20110', 'data': None, 'msg': '手机号码已被注册'}
- {'code': '10001', 'data': None, 'msg': '注册成功', 'status': 1}
?             ---                           --             ^

+ {'code': '20110', 'data': None, 'msg': '手机号码已被注册', 'status': 0}
?           +++                           ++++++               ^
Traceback (most recent call last):
  File "C:\project\python21\class21_api_project\testcases\test_login.py", line 80, in test_register
    self.assertEqual(eval(case.excepted), res)
  File "C:\python37\lib\unittest\case.py", line 839, in assertEqual
    assertion_func(first, second, msg=msg)
  File "C:\python37\lib\unittest\case.py", line 1138, in assertDictEqual
    self.fail(self._formatMessage(msg, standardMsg))
  File "C:\python37\lib\unittest\case.py", line 680, in fail
    raise self.failureException(msg)
AssertionError: {'status': 1, 'code': '10001', 'data': None, 'msg': '注册成功'} != {'status': 0, 'code': '20110', 'data': None, 'msg': '手机号码已被注册'}
- {'code': '10001', 'data': None, 'msg': '注册成功', 'status': 1}
?             ---                           --             ^

+ {'code': '20110', 'data': None, 'msg': '手机号码已被注册', 'status': 0}
?           +++                           ++++++               ^

2019-09-03 20:54:57,960 - [test_login.py-->line:84] - INFO: 用例执行未通过
2019-09-03 20:54:57,961 - [test_login.py-->line:85] - ERROR: {'status': 1, 'code': '10001', 'data': None, 'msg': '注册成功'} != {'status': 0, 'code': '20110', 'data': None, 'msg': '手机号码已被注册'}
- {'code': '10001', 'data': None, 'msg': '注册成功', 'status': 1}
?             ---                           --             ^

+ {'code': '20110', 'data': None, 'msg': '手机号码已被注册', 'status': 0}
?           +++                           ++++++               ^
Traceback (most recent call last):
  File "C:\project\python21\class21_api_project\testcases\test_login.py", line 80, in test_register
    self.assertEqual(eval(case.excepted), res)
  File "C:\python37\lib\unittest\case.py", line 839, in assertEqual
    assertion_func(first, second, msg=msg)
  File "C:\python37\lib\unittest\case.py", line 1138, in assertDictEqual
    self.fail(self._formatMessage(msg, standardMsg))
  File "C:\python37\lib\unittest\case.py", line 680, in fail
    raise self.failureException(msg)
AssertionError: {'status': 1, 'code': '10001', 'data': None, 'msg': '注册成功'} != {'status': 0, 'code': '20110', 'data': None, 'msg': '手机号码已被注册'}
- {'code': '10001', 'data': None, 'msg': '注册成功', 'status': 1}
?             ---                           --             ^

+ {'code': '20110', 'data': None, 'msg': '手机号码已被注册', 'status': 0}
?           +++                           ++++++               ^

2019-09-03 20:54:58,193 - [test_login.py-->line:89] - INFO: 用例执行通过
2019-09-03 20:54:58,355 - [test_login.py-->line:89] - INFO: 用例执行通过
2019-09-03 20:54:58,521 - [test_login.py-->line:89] - INFO: 用例执行通过
2019-09-03 20:54:58,669 - [test_login.py-->line:89] - INFO: 用例执行通过
2019-09-03 20:54:58,825 - [test_login.py-->line:89] - INFO: 用例执行通过
2019-09-03 20:54:58,973 - [test_login.py-->line:89] - INFO: 用例执行通过
2019-09-03 20:54:59,140 - [test_login.py-->line:89] - INFO: 用例执行通过
2019-09-03 20:54:59,311 - [test_login.py-->line:89] - INFO: 用例执行通过
2019-09-03 20:54:59,470 - [test_login.py-->line:89] - INFO: 用例执行通过
2019-09-03 20:54:59,485 - [run_test.py-->line:43] - INFO: ----------本次所有用例执行完毕---------------------
2019-09-03 22:10:18,032 - [run_test.py-->line:19] - INFO: -------------------开启测试运行程序--------------
2019-09-03 22:10:22,680 - [test_login.py-->line:46] - INFO: 正在请求地址http://test.lemonban.com/futureloan/mvc/api/member/login
2019-09-03 22:10:22,820 - [test_login.py-->line:62] - DEBUG: 正常登录成功，该条用例执行通过
2019-09-03 22:10:22,820 - [test_login.py-->line:46] - INFO: 正在请求地址http://test.lemonban.com/futureloan/mvc/api/member/login
2019-09-03 22:10:22,951 - [test_login.py-->line:62] - DEBUG: 密码不正确，该条用例执行通过
2019-09-03 22:10:22,952 - [test_login.py-->line:46] - INFO: 正在请求地址http://test.lemonban.com/futureloan/mvc/api/member/login
2019-09-03 22:10:23,093 - [test_login.py-->line:62] - DEBUG: 账号未注册，该条用例执行通过
2019-09-03 22:10:23,093 - [test_login.py-->line:46] - INFO: 正在请求地址http://test.lemonban.com/futureloan/mvc/api/member/login
2019-09-03 22:10:23,237 - [test_login.py-->line:62] - DEBUG: 手机号为空，该条用例执行通过
2019-09-03 22:10:23,237 - [test_login.py-->line:46] - INFO: 正在请求地址http://test.lemonban.com/futureloan/mvc/api/member/login
2019-09-03 22:10:23,379 - [test_login.py-->line:62] - DEBUG: 手机号未注册，该条用例执行通过
2019-09-03 22:10:23,380 - [test_login.py-->line:46] - INFO: 正在请求地址http://test.lemonban.com/futureloan/mvc/api/member/login
2019-09-03 22:10:23,509 - [test_login.py-->line:62] - DEBUG: 手机号包含非数字，该条用例执行通过
2019-09-03 22:10:23,510 - [test_login.py-->line:46] - INFO: 正在请求地址http://test.lemonban.com/futureloan/mvc/api/member/login
2019-09-03 22:10:23,637 - [test_login.py-->line:62] - DEBUG: 手机号为非手机号码数字，该条用例执行通过
2019-09-03 22:10:23,637 - [test_login.py-->line:46] - INFO: 正在请求地址http://test.lemonban.com/futureloan/mvc/api/member/login
2019-09-03 22:10:23,796 - [test_login.py-->line:62] - DEBUG: 手机号长度不足11位，该条用例执行通过
2019-09-03 22:10:23,797 - [test_login.py-->line:46] - INFO: 正在请求地址http://test.lemonban.com/futureloan/mvc/api/member/login
2019-09-03 22:10:23,950 - [test_login.py-->line:62] - DEBUG: 手机号长度超过11位，该条用例执行通过
2019-09-03 22:10:24,125 - [test_login.py-->line:101] - INFO: 用例执行通过
2019-09-03 22:10:24,301 - [test_login.py-->line:96] - INFO: 用例执行未通过
2019-09-03 22:10:24,301 - [test_login.py-->line:97] - ERROR: 1 != 0
Traceback (most recent call last):
  File "C:\project\python21\class21_api_project\testcases\test_login.py", line 92, in test_register
    self.assertEqual(1, db_res)
  File "C:\python37\lib\unittest\case.py", line 839, in assertEqual
    assertion_func(first, second, msg=msg)
  File "C:\python37\lib\unittest\case.py", line 832, in _baseAssertEqual
    raise self.failureException(msg)
AssertionError: 1 != 0
2019-09-03 22:10:24,452 - [test_login.py-->line:101] - INFO: 用例执行通过
2019-09-03 22:10:24,563 - [test_login.py-->line:101] - INFO: 用例执行通过
2019-09-03 22:10:24,677 - [test_login.py-->line:101] - INFO: 用例执行通过
2019-09-03 22:10:24,792 - [test_login.py-->line:101] - INFO: 用例执行通过
2019-09-03 22:10:24,896 - [test_login.py-->line:101] - INFO: 用例执行通过
2019-09-03 22:10:25,007 - [test_login.py-->line:101] - INFO: 用例执行通过
2019-09-03 22:10:25,119 - [test_login.py-->line:101] - INFO: 用例执行通过
2019-09-03 22:10:25,229 - [test_login.py-->line:101] - INFO: 用例执行通过
2019-09-03 22:10:25,342 - [test_login.py-->line:101] - INFO: 用例执行通过
2019-09-03 22:10:25,355 - [run_test.py-->line:43] - INFO: ----------本次所有用例执行完毕---------------------
2019-09-05 14:45:30,505 - [run_test.py-->line:19] - INFO: -------------------开启测试运行程序--------------
2019-09-05 14:45:34,454 - [test_login.py-->line:46] - INFO: 正在请求地址http://test.lemonban.com/futureloan/mvc/api/member/login
2019-09-05 14:45:34,677 - [test_login.py-->line:62] - DEBUG: 正常登录成功，该条用例执行通过
2019-09-05 14:45:34,678 - [test_login.py-->line:46] - INFO: 正在请求地址http://test.lemonban.com/futureloan/mvc/api/member/login
2019-09-05 14:45:34,963 - [test_login.py-->line:62] - DEBUG: 密码不正确，该条用例执行通过
2019-09-05 14:45:34,964 - [test_login.py-->line:46] - INFO: 正在请求地址http://test.lemonban.com/futureloan/mvc/api/member/login
2019-09-05 14:45:35,275 - [test_login.py-->line:62] - DEBUG: 账号未注册，该条用例执行通过
2019-09-05 14:45:35,276 - [test_login.py-->line:46] - INFO: 正在请求地址http://test.lemonban.com/futureloan/mvc/api/member/login
2019-09-05 14:45:35,494 - [test_login.py-->line:62] - DEBUG: 手机号为空，该条用例执行通过
2019-09-05 14:45:35,495 - [test_login.py-->line:46] - INFO: 正在请求地址http://test.lemonban.com/futureloan/mvc/api/member/login
2019-09-05 14:45:35,673 - [test_login.py-->line:62] - DEBUG: 手机号未注册，该条用例执行通过
2019-09-05 14:45:35,673 - [test_login.py-->line:46] - INFO: 正在请求地址http://test.lemonban.com/futureloan/mvc/api/member/login
2019-09-05 14:45:35,877 - [test_login.py-->line:62] - DEBUG: 手机号包含非数字，该条用例执行通过
2019-09-05 14:45:35,878 - [test_login.py-->line:46] - INFO: 正在请求地址http://test.lemonban.com/futureloan/mvc/api/member/login
2019-09-05 14:45:36,027 - [test_login.py-->line:62] - DEBUG: 手机号为非手机号码数字，该条用例执行通过
2019-09-05 14:45:36,027 - [test_login.py-->line:46] - INFO: 正在请求地址http://test.lemonban.com/futureloan/mvc/api/member/login
2019-09-05 14:45:36,286 - [test_login.py-->line:62] - DEBUG: 手机号长度不足11位，该条用例执行通过
2019-09-05 14:45:36,286 - [test_login.py-->line:46] - INFO: 正在请求地址http://test.lemonban.com/futureloan/mvc/api/member/login
2019-09-05 14:45:36,507 - [test_login.py-->line:62] - DEBUG: 手机号长度超过11位，该条用例执行通过
2019-09-05 14:45:36,711 - [test_login.py-->line:96] - INFO: 用例执行未通过
2019-09-05 14:45:36,712 - [test_login.py-->line:97] - ERROR: {'status': 1, 'code': '10001', 'data': None, 'msg': '注册成功'} != {'status': 0, 'code': '20110', 'data': None, 'msg': '手机号码已被注册'}
- {'code': '10001', 'data': None, 'msg': '注册成功', 'status': 1}
?             ---                           --             ^

+ {'code': '20110', 'data': None, 'msg': '手机号码已被注册', 'status': 0}
?           +++                           ++++++               ^
Traceback (most recent call last):
  File "C:\project\python21\class21_api_project\testcases\test_login.py", line 89, in test_register
    self.assertEqual(eval(case.excepted), res)
  File "C:\python37\lib\unittest\case.py", line 839, in assertEqual
    assertion_func(first, second, msg=msg)
  File "C:\python37\lib\unittest\case.py", line 1138, in assertDictEqual
    self.fail(self._formatMessage(msg, standardMsg))
  File "C:\python37\lib\unittest\case.py", line 680, in fail
    raise self.failureException(msg)
AssertionError: {'status': 1, 'code': '10001', 'data': None, 'msg': '注册成功'} != {'status': 0, 'code': '20110', 'data': None, 'msg': '手机号码已被注册'}
- {'code': '10001', 'data': None, 'msg': '注册成功', 'status': 1}
?             ---                           --             ^

+ {'code': '20110', 'data': None, 'msg': '手机号码已被注册', 'status': 0}
?           +++                           ++++++               ^

2019-09-05 14:45:36,944 - [test_login.py-->line:96] - INFO: 用例执行未通过
2019-09-05 14:45:36,944 - [test_login.py-->line:97] - ERROR: {'status': 1, 'code': '10001', 'data': None, 'msg': '注册成功'} != {'status': 0, 'code': '20110', 'data': None, 'msg': '手机号码已被注册'}
- {'code': '10001', 'data': None, 'msg': '注册成功', 'status': 1}
?             ---                           --             ^

+ {'code': '20110', 'data': None, 'msg': '手机号码已被注册', 'status': 0}
?           +++                           ++++++               ^
Traceback (most recent call last):
  File "C:\project\python21\class21_api_project\testcases\test_login.py", line 89, in test_register
    self.assertEqual(eval(case.excepted), res)
  File "C:\python37\lib\unittest\case.py", line 839, in assertEqual
    assertion_func(first, second, msg=msg)
  File "C:\python37\lib\unittest\case.py", line 1138, in assertDictEqual
    self.fail(self._formatMessage(msg, standardMsg))
  File "C:\python37\lib\unittest\case.py", line 680, in fail
    raise self.failureException(msg)
AssertionError: {'status': 1, 'code': '10001', 'data': None, 'msg': '注册成功'} != {'status': 0, 'code': '20110', 'data': None, 'msg': '手机号码已被注册'}
- {'code': '10001', 'data': None, 'msg': '注册成功', 'status': 1}
?             ---                           --             ^

+ {'code': '20110', 'data': None, 'msg': '手机号码已被注册', 'status': 0}
?           +++                           ++++++               ^

2019-09-05 14:45:37,106 - [test_login.py-->line:101] - INFO: 用例执行通过
2019-09-05 14:45:37,251 - [test_login.py-->line:101] - INFO: 用例执行通过
2019-09-05 14:45:37,383 - [test_login.py-->line:101] - INFO: 用例执行通过
2019-09-05 14:45:37,529 - [test_login.py-->line:101] - INFO: 用例执行通过
2019-09-05 14:45:37,672 - [test_login.py-->line:101] - INFO: 用例执行通过
2019-09-05 14:45:37,807 - [test_login.py-->line:101] - INFO: 用例执行通过
2019-09-05 14:45:37,949 - [test_login.py-->line:101] - INFO: 用例执行通过
2019-09-05 14:45:38,079 - [test_login.py-->line:101] - INFO: 用例执行通过
2019-09-05 14:45:38,199 - [test_login.py-->line:101] - INFO: 用例执行通过
2019-09-05 14:45:38,224 - [run_test.py-->line:43] - INFO: ----------本次所有用例执行完毕---------------------
2019-09-05 20:33:46,459 - [run_test.py-->line:19] - INFO: -------------------开启测试运行程序--------------
2019-09-05 20:33:54,464 - [test_login.py-->line:46] - INFO: 正在请求地址http://test.lemonban.com/futureloan/mvc/api/member/login
2019-09-05 20:33:54,638 - [test_login.py-->line:46] - INFO: 正在请求地址http://test.lemonban.com/futureloan/mvc/api/member/login
2019-09-05 20:33:54,756 - [test_login.py-->line:46] - INFO: 正在请求地址http://test.lemonban.com/futureloan/mvc/api/member/login
2019-09-05 20:33:54,860 - [test_login.py-->line:46] - INFO: 正在请求地址http://test.lemonban.com/futureloan/mvc/api/member/login
2019-09-05 20:33:54,948 - [test_login.py-->line:46] - INFO: 正在请求地址http://test.lemonban.com/futureloan/mvc/api/member/login
2019-09-05 20:33:55,049 - [test_login.py-->line:46] - INFO: 正在请求地址http://test.lemonban.com/futureloan/mvc/api/member/login
2019-09-05 20:33:55,156 - [test_login.py-->line:46] - INFO: 正在请求地址http://test.lemonban.com/futureloan/mvc/api/member/login
2019-09-05 20:33:55,281 - [test_login.py-->line:46] - INFO: 正在请求地址http://test.lemonban.com/futureloan/mvc/api/member/login
2019-09-05 20:33:55,424 - [test_login.py-->line:46] - INFO: 正在请求地址http://test.lemonban.com/futureloan/mvc/api/member/login
2019-09-05 20:33:57,722 - [run_test.py-->line:43] - INFO: ----------本次所有用例执行完毕---------------------
2019-09-05 20:34:40,684 - [run_test.py-->line:19] - INFO: -------------------开启测试运行程序--------------
2019-09-05 20:34:45,547 - [test_login.py-->line:46] - INFO: 正在请求地址http://test.lemonban.com/futureloan/mvc/api/member/login
2019-09-05 20:34:45,744 - [test_login.py-->line:62] - DEBUG: 正常登录成功，该条用例执行通过
2019-09-05 20:34:45,745 - [test_login.py-->line:46] - INFO: 正在请求地址http://test.lemonban.com/futureloan/mvc/api/member/login
2019-09-05 20:34:45,920 - [test_login.py-->line:62] - DEBUG: 密码不正确，该条用例执行通过
2019-09-05 20:34:45,921 - [test_login.py-->line:46] - INFO: 正在请求地址http://test.lemonban.com/futureloan/mvc/api/member/login
2019-09-05 20:34:46,108 - [test_login.py-->line:62] - DEBUG: 账号未注册，该条用例执行通过
2019-09-05 20:34:46,108 - [test_login.py-->line:46] - INFO: 正在请求地址http://test.lemonban.com/futureloan/mvc/api/member/login
2019-09-05 20:34:46,284 - [test_login.py-->line:62] - DEBUG: 手机号为空，该条用例执行通过
2019-09-05 20:34:46,285 - [test_login.py-->line:46] - INFO: 正在请求地址http://test.lemonban.com/futureloan/mvc/api/member/login
2019-09-05 20:34:46,503 - [test_login.py-->line:62] - DEBUG: 手机号未注册，该条用例执行通过
2019-09-05 20:34:46,504 - [test_login.py-->line:46] - INFO: 正在请求地址http://test.lemonban.com/futureloan/mvc/api/member/login
2019-09-05 20:34:46,705 - [test_login.py-->line:62] - DEBUG: 手机号包含非数字，该条用例执行通过
2019-09-05 20:34:46,706 - [test_login.py-->line:46] - INFO: 正在请求地址http://test.lemonban.com/futureloan/mvc/api/member/login
2019-09-05 20:34:46,906 - [test_login.py-->line:62] - DEBUG: 手机号为非手机号码数字，该条用例执行通过
2019-09-05 20:34:46,906 - [test_login.py-->line:46] - INFO: 正在请求地址http://test.lemonban.com/futureloan/mvc/api/member/login
2019-09-05 20:34:47,163 - [test_login.py-->line:62] - DEBUG: 手机号长度不足11位，该条用例执行通过
2019-09-05 20:34:47,164 - [test_login.py-->line:46] - INFO: 正在请求地址http://test.lemonban.com/futureloan/mvc/api/member/login
2019-09-05 20:34:47,361 - [test_login.py-->line:62] - DEBUG: 手机号长度超过11位，该条用例执行通过
2019-09-05 20:34:47,582 - [test_login.py-->line:96] - INFO: 用例执行未通过
2019-09-05 20:34:47,582 - [test_login.py-->line:97] - ERROR: {'status': 1, 'code': '10001', 'data': None, 'msg': '注册成功'} != {'status': 0, 'code': '20110', 'data': None, 'msg': '手机号码已被注册'}
- {'code': '10001', 'data': None, 'msg': '注册成功', 'status': 1}
?             ---                           --             ^

+ {'code': '20110', 'data': None, 'msg': '手机号码已被注册', 'status': 0}
?           +++                           ++++++               ^
Traceback (most recent call last):
  File "C:\project\python21\class21_api_project\testcases\test_login.py", line 89, in test_register
    self.assertEqual(eval(case.excepted), res)
  File "C:\python37\lib\unittest\case.py", line 839, in assertEqual
    assertion_func(first, second, msg=msg)
  File "C:\python37\lib\unittest\case.py", line 1138, in assertDictEqual
    self.fail(self._formatMessage(msg, standardMsg))
  File "C:\python37\lib\unittest\case.py", line 680, in fail
    raise self.failureException(msg)
AssertionError: {'status': 1, 'code': '10001', 'data': None, 'msg': '注册成功'} != {'status': 0, 'code': '20110', 'data': None, 'msg': '手机号码已被注册'}
- {'code': '10001', 'data': None, 'msg': '注册成功', 'status': 1}
?             ---                           --             ^

+ {'code': '20110', 'data': None, 'msg': '手机号码已被注册', 'status': 0}
?           +++                           ++++++               ^

2019-09-05 20:34:47,818 - [test_login.py-->line:96] - INFO: 用例执行未通过
2019-09-05 20:34:47,818 - [test_login.py-->line:97] - ERROR: {'status': 1, 'code': '10001', 'data': None, 'msg': '注册成功'} != {'status': 0, 'code': '20110', 'data': None, 'msg': '手机号码已被注册'}
- {'code': '10001', 'data': None, 'msg': '注册成功', 'status': 1}
?             ---                           --             ^

+ {'code': '20110', 'data': None, 'msg': '手机号码已被注册', 'status': 0}
?           +++                           ++++++               ^
Traceback (most recent call last):
  File "C:\project\python21\class21_api_project\testcases\test_login.py", line 89, in test_register
    self.assertEqual(eval(case.excepted), res)
  File "C:\python37\lib\unittest\case.py", line 839, in assertEqual
    assertion_func(first, second, msg=msg)
  File "C:\python37\lib\unittest\case.py", line 1138, in assertDictEqual
    self.fail(self._formatMessage(msg, standardMsg))
  File "C:\python37\lib\unittest\case.py", line 680, in fail
    raise self.failureException(msg)
AssertionError: {'status': 1, 'code': '10001', 'data': None, 'msg': '注册成功'} != {'status': 0, 'code': '20110', 'data': None, 'msg': '手机号码已被注册'}
- {'code': '10001', 'data': None, 'msg': '注册成功', 'status': 1}
?             ---                           --             ^

+ {'code': '20110', 'data': None, 'msg': '手机号码已被注册', 'status': 0}
?           +++                           ++++++               ^

2019-09-05 20:34:48,024 - [test_login.py-->line:101] - INFO: 用例执行通过
2019-09-05 20:34:48,212 - [test_login.py-->line:101] - INFO: 用例执行通过
2019-09-05 20:34:48,399 - [test_login.py-->line:101] - INFO: 用例执行通过
2019-09-05 20:34:48,565 - [test_login.py-->line:101] - INFO: 用例执行通过
2019-09-05 20:34:48,773 - [test_login.py-->line:101] - INFO: 用例执行通过
2019-09-05 20:34:48,968 - [test_login.py-->line:101] - INFO: 用例执行通过
2019-09-05 20:34:49,153 - [test_login.py-->line:101] - INFO: 用例执行通过
2019-09-05 20:34:49,325 - [test_login.py-->line:101] - INFO: 用例执行通过
2019-09-05 20:34:49,518 - [test_login.py-->line:101] - INFO: 用例执行通过
2019-09-05 20:34:49,701 - [test_recharge.py-->line:70] - INFO: 正常登陆:用例执行通过
2019-09-05 20:34:50,213 - [test_recharge.py-->line:70] - INFO: 充值手机号码不存在:用例执行通过
2019-09-05 20:34:50,359 - [test_recharge.py-->line:70] - INFO: 充值金额小数点大于两位:用例执行通过
2019-09-05 20:34:50,512 - [test_recharge.py-->line:70] - INFO: 充值额度为负数:用例执行通过
2019-09-05 20:34:50,650 - [test_recharge.py-->line:70] - INFO: 充值额度为空:用例执行通过
2019-09-05 20:34:50,819 - [test_recharge.py-->line:70] - INFO: 充值失败，充值额度大于50万:用例执行通过
2019-09-05 20:34:50,971 - [test_recharge.py-->line:70] - INFO: 充值失败，充值金额小数超过两位:用例执行通过
2019-09-05 20:34:51,133 - [test_recharge.py-->line:70] - INFO: 充值失败，充值金额输入的不是数字:用例执行通过
2019-09-05 20:34:51,148 - [run_test.py-->line:43] - INFO: ----------本次所有用例执行完毕---------------------
2019-09-05 20:36:36,622 - [run_test.py-->line:19] - INFO: -------------------开启测试运行程序--------------
2019-09-05 20:36:41,731 - [test_login.py-->line:46] - INFO: 正在请求地址http://test.lemonban.com/futureloan/mvc/api/member/login
2019-09-05 20:36:41,926 - [test_login.py-->line:62] - DEBUG: 正常登录成功，该条用例执行通过
2019-09-05 20:36:41,926 - [test_login.py-->line:46] - INFO: 正在请求地址http://test.lemonban.com/futureloan/mvc/api/member/login
2019-09-05 20:36:42,122 - [test_login.py-->line:62] - DEBUG: 密码不正确，该条用例执行通过
2019-09-05 20:36:42,122 - [test_login.py-->line:46] - INFO: 正在请求地址http://test.lemonban.com/futureloan/mvc/api/member/login
2019-09-05 20:36:42,321 - [test_login.py-->line:62] - DEBUG: 账号未注册，该条用例执行通过
2019-09-05 20:36:42,321 - [test_login.py-->line:46] - INFO: 正在请求地址http://test.lemonban.com/futureloan/mvc/api/member/login
2019-09-05 20:36:42,475 - [test_login.py-->line:62] - DEBUG: 手机号为空，该条用例执行通过
2019-09-05 20:36:42,475 - [test_login.py-->line:46] - INFO: 正在请求地址http://test.lemonban.com/futureloan/mvc/api/member/login
2019-09-05 20:36:42,670 - [test_login.py-->line:62] - DEBUG: 手机号未注册，该条用例执行通过
2019-09-05 20:36:42,670 - [test_login.py-->line:46] - INFO: 正在请求地址http://test.lemonban.com/futureloan/mvc/api/member/login
2019-09-05 20:36:42,874 - [test_login.py-->line:62] - DEBUG: 手机号包含非数字，该条用例执行通过
2019-09-05 20:36:42,876 - [test_login.py-->line:46] - INFO: 正在请求地址http://test.lemonban.com/futureloan/mvc/api/member/login
2019-09-05 20:36:43,109 - [test_login.py-->line:62] - DEBUG: 手机号为非手机号码数字，该条用例执行通过
2019-09-05 20:36:43,109 - [test_login.py-->line:46] - INFO: 正在请求地址http://test.lemonban.com/futureloan/mvc/api/member/login
2019-09-05 20:36:43,305 - [test_login.py-->line:62] - DEBUG: 手机号长度不足11位，该条用例执行通过
2019-09-05 20:36:43,306 - [test_login.py-->line:46] - INFO: 正在请求地址http://test.lemonban.com/futureloan/mvc/api/member/login
2019-09-05 20:36:43,494 - [test_login.py-->line:62] - DEBUG: 手机号长度超过11位，该条用例执行通过
2019-09-05 20:36:43,770 - [test_login.py-->line:96] - INFO: 用例执行未通过
2019-09-05 20:36:43,770 - [test_login.py-->line:97] - ERROR: {'status': 1, 'code': '10001', 'data': None, 'msg': '注册成功'} != {'status': 0, 'code': '20110', 'data': None, 'msg': '手机号码已被注册'}
- {'code': '10001', 'data': None, 'msg': '注册成功', 'status': 1}
?             ---                           --             ^

+ {'code': '20110', 'data': None, 'msg': '手机号码已被注册', 'status': 0}
?           +++                           ++++++               ^
Traceback (most recent call last):
  File "C:\project\python21\class21_api_project\testcases\test_login.py", line 89, in test_register
    self.assertEqual(eval(case.excepted), res)
  File "C:\python37\lib\unittest\case.py", line 839, in assertEqual
    assertion_func(first, second, msg=msg)
  File "C:\python37\lib\unittest\case.py", line 1138, in assertDictEqual
    self.fail(self._formatMessage(msg, standardMsg))
  File "C:\python37\lib\unittest\case.py", line 680, in fail
    raise self.failureException(msg)
AssertionError: {'status': 1, 'code': '10001', 'data': None, 'msg': '注册成功'} != {'status': 0, 'code': '20110', 'data': None, 'msg': '手机号码已被注册'}
- {'code': '10001', 'data': None, 'msg': '注册成功', 'status': 1}
?             ---                           --             ^

+ {'code': '20110', 'data': None, 'msg': '手机号码已被注册', 'status': 0}
?           +++                           ++++++               ^

2019-09-05 20:36:44,032 - [test_login.py-->line:96] - INFO: 用例执行未通过
2019-09-05 20:36:44,032 - [test_login.py-->line:97] - ERROR: {'status': 1, 'code': '10001', 'data': None, 'msg': '注册成功'} != {'status': 0, 'code': '20110', 'data': None, 'msg': '手机号码已被注册'}
- {'code': '10001', 'data': None, 'msg': '注册成功', 'status': 1}
?             ---                           --             ^

+ {'code': '20110', 'data': None, 'msg': '手机号码已被注册', 'status': 0}
?           +++                           ++++++               ^
Traceback (most recent call last):
  File "C:\project\python21\class21_api_project\testcases\test_login.py", line 89, in test_register
    self.assertEqual(eval(case.excepted), res)
  File "C:\python37\lib\unittest\case.py", line 839, in assertEqual
    assertion_func(first, second, msg=msg)
  File "C:\python37\lib\unittest\case.py", line 1138, in assertDictEqual
    self.fail(self._formatMessage(msg, standardMsg))
  File "C:\python37\lib\unittest\case.py", line 680, in fail
    raise self.failureException(msg)
AssertionError: {'status': 1, 'code': '10001', 'data': None, 'msg': '注册成功'} != {'status': 0, 'code': '20110', 'data': None, 'msg': '手机号码已被注册'}
- {'code': '10001', 'data': None, 'msg': '注册成功', 'status': 1}
?             ---                           --             ^

+ {'code': '20110', 'data': None, 'msg': '手机号码已被注册', 'status': 0}
?           +++                           ++++++               ^

2019-09-05 20:36:44,217 - [test_login.py-->line:101] - INFO: 用例执行通过
2019-09-05 20:36:44,400 - [test_login.py-->line:101] - INFO: 用例执行通过
2019-09-05 20:36:44,573 - [test_login.py-->line:101] - INFO: 用例执行通过
2019-09-05 20:36:44,810 - [test_login.py-->line:101] - INFO: 用例执行通过
2019-09-05 20:36:44,983 - [test_login.py-->line:101] - INFO: 用例执行通过
2019-09-05 20:36:45,195 - [test_login.py-->line:101] - INFO: 用例执行通过
2019-09-05 20:36:45,376 - [test_login.py-->line:101] - INFO: 用例执行通过
2019-09-05 20:36:45,594 - [test_login.py-->line:101] - INFO: 用例执行通过
2019-09-05 20:36:45,780 - [test_login.py-->line:101] - INFO: 用例执行通过
2019-09-05 20:36:45,993 - [test_recharge.py-->line:70] - INFO: 正常登陆:用例执行通过
2019-09-05 20:36:46,322 - [test_recharge.py-->line:64] - INFO: 正常充值:用例执行未通过
2019-09-05 20:36:46,322 - [test_recharge.py-->line:65] - ERROR: 50000 != Decimal('0.00')
Traceback (most recent call last):
  File "C:\project\python21\class21_api_project\testcases\test_recharge.py", line 58, in test_recharge
    self.assertEqual(money, change_money)
  File "C:\python37\lib\unittest\case.py", line 839, in assertEqual
    assertion_func(first, second, msg=msg)
  File "C:\python37\lib\unittest\case.py", line 832, in _baseAssertEqual
    raise self.failureException(msg)
AssertionError: 50000 != Decimal('0.00')
2019-09-05 20:36:46,664 - [test_recharge.py-->line:64] - INFO: 正常充值：充值金额为小数:用例执行未通过
2019-09-05 20:36:46,664 - [test_recharge.py-->line:65] - ERROR: 100.1 != Decimal('0.00')
Traceback (most recent call last):
  File "C:\project\python21\class21_api_project\testcases\test_recharge.py", line 58, in test_recharge
    self.assertEqual(money, change_money)
  File "C:\python37\lib\unittest\case.py", line 839, in assertEqual
    assertion_func(first, second, msg=msg)
  File "C:\python37\lib\unittest\case.py", line 832, in _baseAssertEqual
    raise self.failureException(msg)
AssertionError: 100.1 != Decimal('0.00')
2019-09-05 20:36:46,886 - [test_recharge.py-->line:70] - INFO: 充值手机号码不存在:用例执行通过
2019-09-05 20:36:47,081 - [test_recharge.py-->line:70] - INFO: 充值金额小数点大于两位:用例执行通过
2019-09-05 20:36:47,272 - [test_recharge.py-->line:70] - INFO: 充值额度为负数:用例执行通过
2019-09-05 20:36:47,447 - [test_recharge.py-->line:70] - INFO: 充值额度为空:用例执行通过
2019-09-05 20:36:47,623 - [test_recharge.py-->line:70] - INFO: 充值失败，充值额度大于50万:用例执行通过
2019-09-05 20:36:47,792 - [test_recharge.py-->line:70] - INFO: 充值失败，充值金额小数超过两位:用例执行通过
2019-09-05 20:36:47,939 - [test_recharge.py-->line:70] - INFO: 充值失败，充值金额输入的不是数字:用例执行通过
2019-09-05 20:36:47,957 - [run_test.py-->line:43] - INFO: ----------本次所有用例执行完毕---------------------
2019-09-05 20:46:42,250 - [run_test.py-->line:19] - INFO: -------------------开启测试运行程序--------------
2019-09-05 20:46:45,333 - [test_login.py-->line:46] - INFO: 正在请求地址http://test.lemonban.com/futureloan/mvc/api/member/login
2019-09-05 20:46:45,511 - [test_login.py-->line:62] - DEBUG: 正常登录成功，该条用例执行通过
2019-09-05 20:46:45,512 - [test_login.py-->line:46] - INFO: 正在请求地址http://test.lemonban.com/futureloan/mvc/api/member/login
2019-09-05 20:46:45,693 - [test_login.py-->line:62] - DEBUG: 密码不正确，该条用例执行通过
2019-09-05 20:46:45,693 - [test_login.py-->line:46] - INFO: 正在请求地址http://test.lemonban.com/futureloan/mvc/api/member/login
2019-09-05 20:46:45,873 - [test_login.py-->line:62] - DEBUG: 账号未注册，该条用例执行通过
2019-09-05 20:46:45,873 - [test_login.py-->line:46] - INFO: 正在请求地址http://test.lemonban.com/futureloan/mvc/api/member/login
2019-09-05 20:46:46,048 - [test_login.py-->line:62] - DEBUG: 手机号为空，该条用例执行通过
2019-09-05 20:46:46,049 - [test_login.py-->line:46] - INFO: 正在请求地址http://test.lemonban.com/futureloan/mvc/api/member/login
2019-09-05 20:46:46,268 - [test_login.py-->line:62] - DEBUG: 手机号未注册，该条用例执行通过
2019-09-05 20:46:46,268 - [test_login.py-->line:46] - INFO: 正在请求地址http://test.lemonban.com/futureloan/mvc/api/member/login
2019-09-05 20:46:46,457 - [test_login.py-->line:62] - DEBUG: 手机号包含非数字，该条用例执行通过
2019-09-05 20:46:46,457 - [test_login.py-->line:46] - INFO: 正在请求地址http://test.lemonban.com/futureloan/mvc/api/member/login
2019-09-05 20:46:46,692 - [test_login.py-->line:62] - DEBUG: 手机号为非手机号码数字，该条用例执行通过
2019-09-05 20:46:46,693 - [test_login.py-->line:46] - INFO: 正在请求地址http://test.lemonban.com/futureloan/mvc/api/member/login
2019-09-05 20:46:46,905 - [test_login.py-->line:62] - DEBUG: 手机号长度不足11位，该条用例执行通过
2019-09-05 20:46:46,905 - [test_login.py-->line:46] - INFO: 正在请求地址http://test.lemonban.com/futureloan/mvc/api/member/login
2019-09-05 20:46:47,092 - [test_login.py-->line:62] - DEBUG: 手机号长度超过11位，该条用例执行通过
2019-09-05 20:46:47,324 - [test_login.py-->line:96] - INFO: 用例执行未通过
2019-09-05 20:46:47,324 - [test_login.py-->line:97] - ERROR: {'status': 1, 'code': '10001', 'data': None, 'msg': '注册成功'} != {'status': 0, 'code': '20110', 'data': None, 'msg': '手机号码已被注册'}
- {'code': '10001', 'data': None, 'msg': '注册成功', 'status': 1}
?             ---                           --             ^

+ {'code': '20110', 'data': None, 'msg': '手机号码已被注册', 'status': 0}
?           +++                           ++++++               ^
Traceback (most recent call last):
  File "C:\project\python21\class21_api_project\testcases\test_login.py", line 89, in test_register
    self.assertEqual(eval(case.excepted), res)
  File "C:\python37\lib\unittest\case.py", line 839, in assertEqual
    assertion_func(first, second, msg=msg)
  File "C:\python37\lib\unittest\case.py", line 1138, in assertDictEqual
    self.fail(self._formatMessage(msg, standardMsg))
  File "C:\python37\lib\unittest\case.py", line 680, in fail
    raise self.failureException(msg)
AssertionError: {'status': 1, 'code': '10001', 'data': None, 'msg': '注册成功'} != {'status': 0, 'code': '20110', 'data': None, 'msg': '手机号码已被注册'}
- {'code': '10001', 'data': None, 'msg': '注册成功', 'status': 1}
?             ---                           --             ^

+ {'code': '20110', 'data': None, 'msg': '手机号码已被注册', 'status': 0}
?           +++                           ++++++               ^

2019-09-05 20:46:47,570 - [test_login.py-->line:96] - INFO: 用例执行未通过
2019-09-05 20:46:47,570 - [test_login.py-->line:97] - ERROR: {'status': 1, 'code': '10001', 'data': None, 'msg': '注册成功'} != {'status': 0, 'code': '20110', 'data': None, 'msg': '手机号码已被注册'}
- {'code': '10001', 'data': None, 'msg': '注册成功', 'status': 1}
?             ---                           --             ^

+ {'code': '20110', 'data': None, 'msg': '手机号码已被注册', 'status': 0}
?           +++                           ++++++               ^
Traceback (most recent call last):
  File "C:\project\python21\class21_api_project\testcases\test_login.py", line 89, in test_register
    self.assertEqual(eval(case.excepted), res)
  File "C:\python37\lib\unittest\case.py", line 839, in assertEqual
    assertion_func(first, second, msg=msg)
  File "C:\python37\lib\unittest\case.py", line 1138, in assertDictEqual
    self.fail(self._formatMessage(msg, standardMsg))
  File "C:\python37\lib\unittest\case.py", line 680, in fail
    raise self.failureException(msg)
AssertionError: {'status': 1, 'code': '10001', 'data': None, 'msg': '注册成功'} != {'status': 0, 'code': '20110', 'data': None, 'msg': '手机号码已被注册'}
- {'code': '10001', 'data': None, 'msg': '注册成功', 'status': 1}
?             ---                           --             ^

+ {'code': '20110', 'data': None, 'msg': '手机号码已被注册', 'status': 0}
?           +++                           ++++++               ^

2019-09-05 20:46:47,769 - [test_login.py-->line:101] - INFO: 用例执行通过
2019-09-05 20:46:47,948 - [test_login.py-->line:101] - INFO: 用例执行通过
2019-09-05 20:46:48,095 - [test_login.py-->line:101] - INFO: 用例执行通过
2019-09-05 20:46:48,272 - [test_login.py-->line:101] - INFO: 用例执行通过
2019-09-05 20:46:48,430 - [test_login.py-->line:101] - INFO: 用例执行通过
2019-09-05 20:46:48,618 - [test_login.py-->line:101] - INFO: 用例执行通过
2019-09-05 20:46:48,776 - [test_login.py-->line:101] - INFO: 用例执行通过
2019-09-05 20:46:48,959 - [test_login.py-->line:101] - INFO: 用例执行通过
2019-09-05 20:46:49,107 - [test_login.py-->line:101] - INFO: 用例执行通过
2019-09-05 20:46:49,322 - [test_recharge.py-->line:69] - INFO: 正常登陆:用例执行通过
2019-09-05 20:46:49,666 - [test_recharge.py-->line:69] - INFO: 正常充值:用例执行通过
2019-09-05 20:46:49,989 - [test_recharge.py-->line:63] - INFO: 正常充值：充值金额为小数:用例执行未通过
2019-09-05 20:46:49,989 - [test_recharge.py-->line:64] - ERROR: 100.1 != Decimal('100.10')
Traceback (most recent call last):
  File "C:\project\python21\class21_api_project\testcases\test_recharge.py", line 57, in test_recharge
    self.assertEqual(money, change_money)
  File "C:\python37\lib\unittest\case.py", line 839, in assertEqual
    assertion_func(first, second, msg=msg)
  File "C:\python37\lib\unittest\case.py", line 832, in _baseAssertEqual
    raise self.failureException(msg)
AssertionError: 100.1 != Decimal('100.10')
2019-09-05 20:46:50,126 - [test_recharge.py-->line:69] - INFO: 充值手机号码不存在:用例执行通过
2019-09-05 20:46:50,287 - [test_recharge.py-->line:69] - INFO: 充值金额小数点大于两位:用例执行通过
2019-09-05 20:46:50,443 - [test_recharge.py-->line:69] - INFO: 充值额度为负数:用例执行通过
2019-09-05 20:46:50,632 - [test_recharge.py-->line:69] - INFO: 充值额度为空:用例执行通过
2019-09-05 20:46:50,826 - [test_recharge.py-->line:69] - INFO: 充值失败，充值额度大于50万:用例执行通过
2019-09-05 20:46:50,993 - [test_recharge.py-->line:69] - INFO: 充值失败，充值金额小数超过两位:用例执行通过
2019-09-05 20:46:51,162 - [test_recharge.py-->line:69] - INFO: 充值失败，充值金额输入的不是数字:用例执行通过
2019-09-05 20:46:51,176 - [run_test.py-->line:43] - INFO: ----------本次所有用例执行完毕---------------------
2019-09-05 20:48:17,945 - [run_test.py-->line:19] - INFO: -------------------开启测试运行程序--------------
2019-09-05 20:48:27,982 - [test_login.py-->line:46] - INFO: 正在请求地址http://test.lemonban.com/futureloan/mvc/api/member/login
2019-09-05 20:48:28,164 - [test_login.py-->line:62] - DEBUG: 正常登录成功，该条用例执行通过
2019-09-05 20:48:28,164 - [test_login.py-->line:46] - INFO: 正在请求地址http://test.lemonban.com/futureloan/mvc/api/member/login
2019-09-05 20:48:28,367 - [test_login.py-->line:62] - DEBUG: 密码不正确，该条用例执行通过
2019-09-05 20:48:28,368 - [test_login.py-->line:46] - INFO: 正在请求地址http://test.lemonban.com/futureloan/mvc/api/member/login
2019-09-05 20:48:28,553 - [test_login.py-->line:62] - DEBUG: 账号未注册，该条用例执行通过
2019-09-05 20:48:28,553 - [test_login.py-->line:46] - INFO: 正在请求地址http://test.lemonban.com/futureloan/mvc/api/member/login
2019-09-05 20:48:28,720 - [test_login.py-->line:62] - DEBUG: 手机号为空，该条用例执行通过
2019-09-05 20:48:28,720 - [test_login.py-->line:46] - INFO: 正在请求地址http://test.lemonban.com/futureloan/mvc/api/member/login
2019-09-05 20:48:28,902 - [test_login.py-->line:62] - DEBUG: 手机号未注册，该条用例执行通过
2019-09-05 20:48:28,902 - [test_login.py-->line:46] - INFO: 正在请求地址http://test.lemonban.com/futureloan/mvc/api/member/login
2019-09-05 20:48:29,110 - [test_login.py-->line:62] - DEBUG: 手机号包含非数字，该条用例执行通过
2019-09-05 20:48:29,111 - [test_login.py-->line:46] - INFO: 正在请求地址http://test.lemonban.com/futureloan/mvc/api/member/login
2019-09-05 20:48:29,329 - [test_login.py-->line:62] - DEBUG: 手机号为非手机号码数字，该条用例执行通过
2019-09-05 20:48:29,332 - [test_login.py-->line:46] - INFO: 正在请求地址http://test.lemonban.com/futureloan/mvc/api/member/login
2019-09-05 20:48:29,544 - [test_login.py-->line:62] - DEBUG: 手机号长度不足11位，该条用例执行通过
2019-09-05 20:48:29,544 - [test_login.py-->line:46] - INFO: 正在请求地址http://test.lemonban.com/futureloan/mvc/api/member/login
2019-09-05 20:48:29,736 - [test_login.py-->line:62] - DEBUG: 手机号长度超过11位，该条用例执行通过
2019-09-05 20:48:29,985 - [test_login.py-->line:96] - INFO: 用例执行未通过
2019-09-05 20:48:29,985 - [test_login.py-->line:97] - ERROR: {'status': 1, 'code': '10001', 'data': None, 'msg': '注册成功'} != {'status': 0, 'code': '20110', 'data': None, 'msg': '手机号码已被注册'}
- {'code': '10001', 'data': None, 'msg': '注册成功', 'status': 1}
?             ---                           --             ^

+ {'code': '20110', 'data': None, 'msg': '手机号码已被注册', 'status': 0}
?           +++                           ++++++               ^
Traceback (most recent call last):
  File "C:\project\python21\class21_api_project\testcases\test_login.py", line 89, in test_register
    self.assertEqual(eval(case.excepted), res)
  File "C:\python37\lib\unittest\case.py", line 839, in assertEqual
    assertion_func(first, second, msg=msg)
  File "C:\python37\lib\unittest\case.py", line 1138, in assertDictEqual
    self.fail(self._formatMessage(msg, standardMsg))
  File "C:\python37\lib\unittest\case.py", line 680, in fail
    raise self.failureException(msg)
AssertionError: {'status': 1, 'code': '10001', 'data': None, 'msg': '注册成功'} != {'status': 0, 'code': '20110', 'data': None, 'msg': '手机号码已被注册'}
- {'code': '10001', 'data': None, 'msg': '注册成功', 'status': 1}
?             ---                           --             ^

+ {'code': '20110', 'data': None, 'msg': '手机号码已被注册', 'status': 0}
?           +++                           ++++++               ^

2019-09-05 20:48:30,249 - [test_login.py-->line:96] - INFO: 用例执行未通过
2019-09-05 20:48:30,250 - [test_login.py-->line:97] - ERROR: {'status': 1, 'code': '10001', 'data': None, 'msg': '注册成功'} != {'status': 0, 'code': '20110', 'data': None, 'msg': '手机号码已被注册'}
- {'code': '10001', 'data': None, 'msg': '注册成功', 'status': 1}
?             ---                           --             ^

+ {'code': '20110', 'data': None, 'msg': '手机号码已被注册', 'status': 0}
?           +++                           ++++++               ^
Traceback (most recent call last):
  File "C:\project\python21\class21_api_project\testcases\test_login.py", line 89, in test_register
    self.assertEqual(eval(case.excepted), res)
  File "C:\python37\lib\unittest\case.py", line 839, in assertEqual
    assertion_func(first, second, msg=msg)
  File "C:\python37\lib\unittest\case.py", line 1138, in assertDictEqual
    self.fail(self._formatMessage(msg, standardMsg))
  File "C:\python37\lib\unittest\case.py", line 680, in fail
    raise self.failureException(msg)
AssertionError: {'status': 1, 'code': '10001', 'data': None, 'msg': '注册成功'} != {'status': 0, 'code': '20110', 'data': None, 'msg': '手机号码已被注册'}
- {'code': '10001', 'data': None, 'msg': '注册成功', 'status': 1}
?             ---                           --             ^

+ {'code': '20110', 'data': None, 'msg': '手机号码已被注册', 'status': 0}
?           +++                           ++++++               ^

2019-09-05 20:48:30,449 - [test_login.py-->line:101] - INFO: 用例执行通过
2019-09-05 20:48:30,644 - [test_login.py-->line:101] - INFO: 用例执行通过
2019-09-05 20:48:30,815 - [test_login.py-->line:101] - INFO: 用例执行通过
2019-09-05 20:48:30,994 - [test_login.py-->line:101] - INFO: 用例执行通过
2019-09-05 20:48:31,160 - [test_login.py-->line:101] - INFO: 用例执行通过
2019-09-05 20:48:31,353 - [test_login.py-->line:101] - INFO: 用例执行通过
2019-09-05 20:48:31,514 - [test_login.py-->line:101] - INFO: 用例执行通过
2019-09-05 20:48:31,688 - [test_login.py-->line:101] - INFO: 用例执行通过
2019-09-05 20:48:31,863 - [test_login.py-->line:101] - INFO: 用例执行通过
2019-09-05 20:48:32,058 - [test_recharge.py-->line:69] - INFO: 正常登陆:用例执行通过
2019-09-05 20:48:32,374 - [test_recharge.py-->line:69] - INFO: 正常充值:用例执行通过
2019-09-05 20:48:32,741 - [test_recharge.py-->line:69] - INFO: 正常充值：充值金额为小数:用例执行通过
2019-09-05 20:48:32,893 - [test_recharge.py-->line:69] - INFO: 充值手机号码不存在:用例执行通过
2019-09-05 20:48:33,054 - [test_recharge.py-->line:69] - INFO: 充值金额小数点大于两位:用例执行通过
2019-09-05 20:48:33,204 - [test_recharge.py-->line:69] - INFO: 充值额度为负数:用例执行通过
2019-09-05 20:48:33,368 - [test_recharge.py-->line:69] - INFO: 充值额度为空:用例执行通过
2019-09-05 20:48:33,537 - [test_recharge.py-->line:69] - INFO: 充值失败，充值额度大于50万:用例执行通过
2019-09-05 20:48:33,721 - [test_recharge.py-->line:69] - INFO: 充值失败，充值金额小数超过两位:用例执行通过
2019-09-05 20:48:33,863 - [test_recharge.py-->line:69] - INFO: 充值失败，充值金额输入的不是数字:用例执行通过
2019-09-05 20:48:33,883 - [run_test.py-->line:43] - INFO: ----------本次所有用例执行完毕---------------------
2019-09-05 20:53:35,050 - [run_test.py-->line:19] - INFO: -------------------开启测试运行程序--------------
2019-09-05 20:53:40,934 - [test_login.py-->line:46] - INFO: 正在请求地址http://test.lemonban.com/futureloan/mvc/api/member/login
2019-09-05 20:53:41,141 - [test_login.py-->line:62] - DEBUG: 正常登录成功，该条用例执行通过
2019-09-05 20:53:41,142 - [test_login.py-->line:46] - INFO: 正在请求地址http://test.lemonban.com/futureloan/mvc/api/member/login
2019-09-05 20:53:41,390 - [test_login.py-->line:62] - DEBUG: 密码不正确，该条用例执行通过
2019-09-05 20:53:41,392 - [test_login.py-->line:46] - INFO: 正在请求地址http://test.lemonban.com/futureloan/mvc/api/member/login
2019-09-05 20:53:41,630 - [test_login.py-->line:62] - DEBUG: 账号未注册，该条用例执行通过
2019-09-05 20:53:41,630 - [test_login.py-->line:46] - INFO: 正在请求地址http://test.lemonban.com/futureloan/mvc/api/member/login
2019-09-05 20:53:41,910 - [test_login.py-->line:62] - DEBUG: 手机号为空，该条用例执行通过
2019-09-05 20:53:41,911 - [test_login.py-->line:46] - INFO: 正在请求地址http://test.lemonban.com/futureloan/mvc/api/member/login
2019-09-05 20:53:42,136 - [test_login.py-->line:62] - DEBUG: 手机号未注册，该条用例执行通过
2019-09-05 20:53:42,137 - [test_login.py-->line:46] - INFO: 正在请求地址http://test.lemonban.com/futureloan/mvc/api/member/login
2019-09-05 20:53:42,348 - [test_login.py-->line:62] - DEBUG: 手机号包含非数字，该条用例执行通过
2019-09-05 20:53:42,348 - [test_login.py-->line:46] - INFO: 正在请求地址http://test.lemonban.com/futureloan/mvc/api/member/login
2019-09-05 20:53:42,583 - [test_login.py-->line:62] - DEBUG: 手机号为非手机号码数字，该条用例执行通过
2019-09-05 20:53:42,583 - [test_login.py-->line:46] - INFO: 正在请求地址http://test.lemonban.com/futureloan/mvc/api/member/login
2019-09-05 20:53:42,815 - [test_login.py-->line:62] - DEBUG: 手机号长度不足11位，该条用例执行通过
2019-09-05 20:53:42,816 - [test_login.py-->line:46] - INFO: 正在请求地址http://test.lemonban.com/futureloan/mvc/api/member/login
2019-09-05 20:53:43,030 - [test_login.py-->line:62] - DEBUG: 手机号长度超过11位，该条用例执行通过
2019-09-05 20:53:43,280 - [test_login.py-->line:96] - INFO: 用例执行未通过
2019-09-05 20:53:43,280 - [test_login.py-->line:97] - ERROR: {'status': 1, 'code': '10001', 'data': None, 'msg': '注册成功'} != {'status': 0, 'code': '20110', 'data': None, 'msg': '手机号码已被注册'}
- {'code': '10001', 'data': None, 'msg': '注册成功', 'status': 1}
?             ---                           --             ^

+ {'code': '20110', 'data': None, 'msg': '手机号码已被注册', 'status': 0}
?           +++                           ++++++               ^
Traceback (most recent call last):
  File "C:\project\python21\class21_api_project\testcases\test_login.py", line 89, in test_register
    self.assertEqual(eval(case.excepted), res)
  File "C:\python37\lib\unittest\case.py", line 839, in assertEqual
    assertion_func(first, second, msg=msg)
  File "C:\python37\lib\unittest\case.py", line 1138, in assertDictEqual
    self.fail(self._formatMessage(msg, standardMsg))
  File "C:\python37\lib\unittest\case.py", line 680, in fail
    raise self.failureException(msg)
AssertionError: {'status': 1, 'code': '10001', 'data': None, 'msg': '注册成功'} != {'status': 0, 'code': '20110', 'data': None, 'msg': '手机号码已被注册'}
- {'code': '10001', 'data': None, 'msg': '注册成功', 'status': 1}
?             ---                           --             ^

+ {'code': '20110', 'data': None, 'msg': '手机号码已被注册', 'status': 0}
?           +++                           ++++++               ^

2019-09-05 20:53:43,584 - [test_login.py-->line:96] - INFO: 用例执行未通过
2019-09-05 20:53:43,584 - [test_login.py-->line:97] - ERROR: {'status': 1, 'code': '10001', 'data': None, 'msg': '注册成功'} != {'status': 0, 'code': '20110', 'data': None, 'msg': '手机号码已被注册'}
- {'code': '10001', 'data': None, 'msg': '注册成功', 'status': 1}
?             ---                           --             ^

+ {'code': '20110', 'data': None, 'msg': '手机号码已被注册', 'status': 0}
?           +++                           ++++++               ^
Traceback (most recent call last):
  File "C:\project\python21\class21_api_project\testcases\test_login.py", line 89, in test_register
    self.assertEqual(eval(case.excepted), res)
  File "C:\python37\lib\unittest\case.py", line 839, in assertEqual
    assertion_func(first, second, msg=msg)
  File "C:\python37\lib\unittest\case.py", line 1138, in assertDictEqual
    self.fail(self._formatMessage(msg, standardMsg))
  File "C:\python37\lib\unittest\case.py", line 680, in fail
    raise self.failureException(msg)
AssertionError: {'status': 1, 'code': '10001', 'data': None, 'msg': '注册成功'} != {'status': 0, 'code': '20110', 'data': None, 'msg': '手机号码已被注册'}
- {'code': '10001', 'data': None, 'msg': '注册成功', 'status': 1}
?             ---                           --             ^

+ {'code': '20110', 'data': None, 'msg': '手机号码已被注册', 'status': 0}
?           +++                           ++++++               ^

2019-09-05 20:53:43,806 - [test_login.py-->line:101] - INFO: 用例执行通过
2019-09-05 20:53:44,004 - [test_login.py-->line:101] - INFO: 用例执行通过
2019-09-05 20:53:44,184 - [test_login.py-->line:101] - INFO: 用例执行通过
2019-09-05 20:53:44,379 - [test_login.py-->line:101] - INFO: 用例执行通过
2019-09-05 20:53:44,581 - [test_login.py-->line:101] - INFO: 用例执行通过
2019-09-05 20:53:44,768 - [test_login.py-->line:101] - INFO: 用例执行通过
2019-09-05 20:53:44,985 - [test_login.py-->line:101] - INFO: 用例执行通过
2019-09-05 20:53:45,146 - [test_login.py-->line:101] - INFO: 用例执行通过
2019-09-05 20:53:45,334 - [test_login.py-->line:101] - INFO: 用例执行通过
2019-09-05 20:53:45,523 - [test_recharge.py-->line:70] - INFO: 正常登陆:用例执行通过
2019-09-05 20:53:45,918 - [test_recharge.py-->line:70] - INFO: 正常充值:用例执行通过
2019-09-05 20:53:46,287 - [test_recharge.py-->line:70] - INFO: 正常充值：充值金额为小数:用例执行通过
2019-09-05 20:53:46,447 - [test_recharge.py-->line:70] - INFO: 充值手机号码不存在:用例执行通过
2019-09-05 20:53:46,632 - [test_recharge.py-->line:70] - INFO: 充值金额小数点大于两位:用例执行通过
2019-09-05 20:53:46,820 - [test_recharge.py-->line:70] - INFO: 充值额度为负数:用例执行通过
2019-09-05 20:53:47,027 - [test_recharge.py-->line:70] - INFO: 充值额度为空:用例执行通过
2019-09-05 20:53:47,177 - [test_recharge.py-->line:70] - INFO: 充值失败，充值额度大于50万:用例执行通过
2019-09-05 20:53:47,355 - [test_recharge.py-->line:70] - INFO: 充值失败，充值金额小数超过两位:用例执行通过
2019-09-05 20:53:47,598 - [test_recharge.py-->line:70] - INFO: 充值失败，充值金额输入的不是数字:用例执行通过
2019-09-05 20:53:47,813 - [test_recharge.py-->line:120] - INFO: 正常登陆:用例执行通过
2019-09-05 20:53:48,180 - [test_recharge.py-->line:120] - INFO: 取现成功:用例执行通过
2019-09-05 20:53:48,347 - [test_recharge.py-->line:120] - INFO: 取现失败，手机号为空:用例执行通过
2019-09-05 20:53:48,524 - [test_recharge.py-->line:120] - INFO: 取现失败，金额为空:用例执行通过
2019-09-05 20:53:48,736 - [test_recharge.py-->line:120] - INFO: 取现失败，金额不大于0:用例执行通过
2019-09-05 20:53:48,954 - [test_recharge.py-->line:120] - INFO: 取现失败，金额大于50万:用例执行通过
2019-09-05 20:53:49,134 - [test_recharge.py-->line:120] - INFO: 取现失败，金额小数超过两位:用例执行通过
2019-09-05 20:53:49,337 - [test_recharge.py-->line:120] - INFO: 取现失败，金额不是数字:用例执行通过
2019-09-05 20:53:49,362 - [run_test.py-->line:43] - INFO: ----------本次所有用例执行完毕---------------------
2019-09-05 21:26:06,461 - [run_test.py-->line:19] - INFO: -------------------开启测试运行程序--------------
2019-09-05 21:26:15,382 - [test_login.py-->line:47] - INFO: 正在请求地址http://test.lemonban.com/futureloan/mvc/api/member/login
2019-09-05 21:26:15,605 - [test_login.py-->line:63] - DEBUG: 正常登录成功，该条用例执行通过
2019-09-05 21:26:15,607 - [test_login.py-->line:47] - INFO: 正在请求地址http://test.lemonban.com/futureloan/mvc/api/member/login
2019-09-05 21:26:15,822 - [test_login.py-->line:63] - DEBUG: 密码不正确，该条用例执行通过
2019-09-05 21:26:15,823 - [test_login.py-->line:47] - INFO: 正在请求地址http://test.lemonban.com/futureloan/mvc/api/member/login
2019-09-05 21:26:16,026 - [test_login.py-->line:63] - DEBUG: 账号未注册，该条用例执行通过
2019-09-05 21:26:16,027 - [test_login.py-->line:47] - INFO: 正在请求地址http://test.lemonban.com/futureloan/mvc/api/member/login
2019-09-05 21:26:16,194 - [test_login.py-->line:63] - DEBUG: 手机号为空，该条用例执行通过
2019-09-05 21:26:16,194 - [test_login.py-->line:47] - INFO: 正在请求地址http://test.lemonban.com/futureloan/mvc/api/member/login
2019-09-05 21:26:16,426 - [test_login.py-->line:63] - DEBUG: 手机号未注册，该条用例执行通过
2019-09-05 21:26:16,427 - [test_login.py-->line:47] - INFO: 正在请求地址http://test.lemonban.com/futureloan/mvc/api/member/login
2019-09-05 21:26:16,628 - [test_login.py-->line:63] - DEBUG: 手机号包含非数字，该条用例执行通过
2019-09-05 21:26:16,629 - [test_login.py-->line:47] - INFO: 正在请求地址http://test.lemonban.com/futureloan/mvc/api/member/login
2019-09-05 21:26:16,884 - [test_login.py-->line:63] - DEBUG: 手机号为非手机号码数字，该条用例执行通过
2019-09-05 21:26:16,885 - [test_login.py-->line:47] - INFO: 正在请求地址http://test.lemonban.com/futureloan/mvc/api/member/login
2019-09-05 21:26:17,091 - [test_login.py-->line:63] - DEBUG: 手机号长度不足11位，该条用例执行通过
2019-09-05 21:26:17,091 - [test_login.py-->line:47] - INFO: 正在请求地址http://test.lemonban.com/futureloan/mvc/api/member/login
2019-09-05 21:26:17,295 - [test_login.py-->line:63] - DEBUG: 手机号长度超过11位，该条用例执行通过
2019-09-05 21:28:54,118 - [run_test.py-->line:19] - INFO: -------------------开启测试运行程序--------------
2019-09-05 21:28:57,612 - [test_login.py-->line:47] - INFO: 正在请求地址http://test.lemonban.com/futureloan/mvc/api/member/login
2019-09-05 21:28:57,825 - [test_login.py-->line:63] - DEBUG: 正常登录成功，该条用例执行通过
2019-09-05 21:28:57,825 - [test_login.py-->line:47] - INFO: 正在请求地址http://test.lemonban.com/futureloan/mvc/api/member/login
2019-09-05 21:28:58,044 - [test_login.py-->line:63] - DEBUG: 密码不正确，该条用例执行通过
2019-09-05 21:28:58,044 - [test_login.py-->line:47] - INFO: 正在请求地址http://test.lemonban.com/futureloan/mvc/api/member/login
2019-09-05 21:28:58,256 - [test_login.py-->line:63] - DEBUG: 账号未注册，该条用例执行通过
2019-09-05 21:28:58,257 - [test_login.py-->line:47] - INFO: 正在请求地址http://test.lemonban.com/futureloan/mvc/api/member/login
2019-09-05 21:28:58,481 - [test_login.py-->line:63] - DEBUG: 手机号为空，该条用例执行通过
2019-09-05 21:28:58,482 - [test_login.py-->line:47] - INFO: 正在请求地址http://test.lemonban.com/futureloan/mvc/api/member/login
2019-09-05 21:28:58,680 - [test_login.py-->line:63] - DEBUG: 手机号未注册，该条用例执行通过
2019-09-05 21:28:58,681 - [test_login.py-->line:47] - INFO: 正在请求地址http://test.lemonban.com/futureloan/mvc/api/member/login
2019-09-05 21:28:58,942 - [test_login.py-->line:63] - DEBUG: 手机号包含非数字，该条用例执行通过
2019-09-05 21:28:58,942 - [test_login.py-->line:47] - INFO: 正在请求地址http://test.lemonban.com/futureloan/mvc/api/member/login
2019-09-05 21:28:59,152 - [test_login.py-->line:63] - DEBUG: 手机号为非手机号码数字，该条用例执行通过
2019-09-05 21:28:59,154 - [test_login.py-->line:47] - INFO: 正在请求地址http://test.lemonban.com/futureloan/mvc/api/member/login
2019-09-05 21:28:59,371 - [test_login.py-->line:63] - DEBUG: 手机号长度不足11位，该条用例执行通过
2019-09-05 21:28:59,372 - [test_login.py-->line:47] - INFO: 正在请求地址http://test.lemonban.com/futureloan/mvc/api/member/login
2019-09-05 21:28:59,584 - [test_login.py-->line:63] - DEBUG: 手机号长度超过11位，该条用例执行通过
2019-09-05 21:28:59,937 - [test_login.py-->line:99] - INFO: 用例执行未通过
2019-09-05 21:28:59,938 - [test_login.py-->line:100] - ERROR: 1 != 0
Traceback (most recent call last):
  File "C:\project\python21\class21_api_project\testcases\test_login.py", line 94, in test_register
    self.assertEqual(1, db_res)
  File "C:\python37\lib\unittest\case.py", line 839, in assertEqual
    assertion_func(first, second, msg=msg)
  File "C:\python37\lib\unittest\case.py", line 832, in _baseAssertEqual
    raise self.failureException(msg)
AssertionError: 1 != 0
2019-09-05 21:29:00,311 - [test_login.py-->line:99] - INFO: 用例执行未通过
2019-09-05 21:29:00,311 - [test_login.py-->line:100] - ERROR: 1 != 0
Traceback (most recent call last):
  File "C:\project\python21\class21_api_project\testcases\test_login.py", line 94, in test_register
    self.assertEqual(1, db_res)
  File "C:\python37\lib\unittest\case.py", line 839, in assertEqual
    assertion_func(first, second, msg=msg)
  File "C:\python37\lib\unittest\case.py", line 832, in _baseAssertEqual
    raise self.failureException(msg)
AssertionError: 1 != 0
2019-09-05 21:29:00,645 - [test_login.py-->line:104] - INFO: 用例执行通过
2019-09-05 21:29:00,887 - [test_login.py-->line:104] - INFO: 用例执行通过
2019-09-05 21:29:01,123 - [test_login.py-->line:104] - INFO: 用例执行通过
2019-09-05 21:29:01,392 - [test_login.py-->line:104] - INFO: 用例执行通过
2019-09-05 21:29:01,634 - [test_login.py-->line:104] - INFO: 用例执行通过
2019-09-05 21:29:01,882 - [test_login.py-->line:104] - INFO: 用例执行通过
2019-09-05 21:29:02,184 - [test_login.py-->line:104] - INFO: 用例执行通过
2019-09-05 21:29:02,440 - [test_login.py-->line:104] - INFO: 用例执行通过
2019-09-05 21:29:02,695 - [test_login.py-->line:104] - INFO: 用例执行通过
2019-09-05 21:29:02,921 - [test_recharge.py-->line:71] - INFO: 正常登陆:用例执行通过
2019-09-05 21:29:03,329 - [test_recharge.py-->line:71] - INFO: 正常充值:用例执行通过
2019-09-05 21:29:03,683 - [test_recharge.py-->line:71] - INFO: 正常充值：充值金额为小数:用例执行通过
2019-09-05 21:29:03,840 - [test_recharge.py-->line:71] - INFO: 充值手机号码不存在:用例执行通过
2019-09-05 21:29:04,002 - [test_recharge.py-->line:71] - INFO: 充值金额小数点大于两位:用例执行通过
2019-09-05 21:29:04,169 - [test_recharge.py-->line:71] - INFO: 充值额度为负数:用例执行通过
2019-09-05 21:29:04,355 - [test_recharge.py-->line:71] - INFO: 充值额度为空:用例执行通过
2019-09-05 21:29:04,517 - [test_recharge.py-->line:71] - INFO: 充值失败，充值额度大于50万:用例执行通过
2019-09-05 21:29:04,671 - [test_recharge.py-->line:71] - INFO: 充值失败，充值金额小数超过两位:用例执行通过
2019-09-05 21:29:04,844 - [test_recharge.py-->line:71] - INFO: 充值失败，充值金额输入的不是数字:用例执行通过
2019-09-05 21:29:05,059 - [test_recharge.py-->line:121] - INFO: 正常登陆:用例执行通过
2019-09-05 21:29:05,387 - [test_recharge.py-->line:121] - INFO: 取现成功:用例执行通过
2019-09-05 21:29:05,591 - [test_recharge.py-->line:121] - INFO: 取现失败，手机号为空:用例执行通过
2019-09-05 21:29:05,755 - [test_recharge.py-->line:121] - INFO: 取现失败，金额为空:用例执行通过
2019-09-05 21:29:05,949 - [test_recharge.py-->line:121] - INFO: 取现失败，金额不大于0:用例执行通过
2019-09-05 21:29:06,132 - [test_recharge.py-->line:121] - INFO: 取现失败，金额大于50万:用例执行通过
2019-09-05 21:29:06,315 - [test_recharge.py-->line:121] - INFO: 取现失败，金额小数超过两位:用例执行通过
2019-09-05 21:29:06,482 - [test_recharge.py-->line:121] - INFO: 取现失败，金额不是数字:用例执行通过
2019-09-05 21:29:06,497 - [run_test.py-->line:43] - INFO: ----------本次所有用例执行完毕---------------------
2019-09-05 21:30:21,724 - [run_test.py-->line:19] - INFO: -------------------开启测试运行程序--------------
2019-09-05 21:30:25,357 - [test_login.py-->line:47] - INFO: 正在请求地址http://test.lemonban.com/futureloan/mvc/api/member/login
2019-09-05 21:30:25,621 - [test_login.py-->line:63] - DEBUG: 正常登录成功，该条用例执行通过
2019-09-05 21:30:25,621 - [test_login.py-->line:47] - INFO: 正在请求地址http://test.lemonban.com/futureloan/mvc/api/member/login
2019-09-05 21:30:25,809 - [test_login.py-->line:63] - DEBUG: 密码不正确，该条用例执行通过
2019-09-05 21:30:25,810 - [test_login.py-->line:47] - INFO: 正在请求地址http://test.lemonban.com/futureloan/mvc/api/member/login
2019-09-05 21:30:26,015 - [test_login.py-->line:63] - DEBUG: 账号未注册，该条用例执行通过
2019-09-05 21:30:26,015 - [test_login.py-->line:47] - INFO: 正在请求地址http://test.lemonban.com/futureloan/mvc/api/member/login
2019-09-05 21:30:26,198 - [test_login.py-->line:63] - DEBUG: 手机号为空，该条用例执行通过
2019-09-05 21:30:26,199 - [test_login.py-->line:47] - INFO: 正在请求地址http://test.lemonban.com/futureloan/mvc/api/member/login
2019-09-05 21:30:26,415 - [test_login.py-->line:63] - DEBUG: 手机号未注册，该条用例执行通过
2019-09-05 21:30:26,416 - [test_login.py-->line:47] - INFO: 正在请求地址http://test.lemonban.com/futureloan/mvc/api/member/login
2019-09-05 21:30:26,658 - [test_login.py-->line:63] - DEBUG: 手机号包含非数字，该条用例执行通过
2019-09-05 21:30:26,659 - [test_login.py-->line:47] - INFO: 正在请求地址http://test.lemonban.com/futureloan/mvc/api/member/login
2019-09-05 21:30:26,924 - [test_login.py-->line:63] - DEBUG: 手机号为非手机号码数字，该条用例执行通过
2019-09-05 21:30:26,924 - [test_login.py-->line:47] - INFO: 正在请求地址http://test.lemonban.com/futureloan/mvc/api/member/login
2019-09-05 21:30:27,153 - [test_login.py-->line:63] - DEBUG: 手机号长度不足11位，该条用例执行通过
2019-09-05 21:30:27,153 - [test_login.py-->line:47] - INFO: 正在请求地址http://test.lemonban.com/futureloan/mvc/api/member/login
2019-09-05 21:30:27,393 - [test_login.py-->line:63] - DEBUG: 手机号长度超过11位，该条用例执行通过
2019-09-05 21:30:27,934 - [test_login.py-->line:105] - INFO: 用例执行通过
2019-09-05 21:30:28,184 - [test_login.py-->line:105] - INFO: 用例执行通过
2019-09-05 21:30:28,445 - [test_login.py-->line:105] - INFO: 用例执行通过
2019-09-05 21:30:28,690 - [test_login.py-->line:105] - INFO: 用例执行通过
2019-09-05 21:30:28,944 - [test_login.py-->line:105] - INFO: 用例执行通过
2019-09-05 21:30:29,180 - [test_login.py-->line:105] - INFO: 用例执行通过
2019-09-05 21:30:29,413 - [test_login.py-->line:105] - INFO: 用例执行通过
2019-09-05 21:30:29,674 - [test_login.py-->line:105] - INFO: 用例执行通过
2019-09-05 21:30:29,907 - [test_login.py-->line:105] - INFO: 用例执行通过
2019-09-05 21:30:30,139 - [test_recharge.py-->line:71] - INFO: 正常登陆:用例执行通过
2019-09-05 21:30:30,491 - [test_recharge.py-->line:71] - INFO: 正常充值:用例执行通过
2019-09-05 21:30:30,873 - [test_recharge.py-->line:71] - INFO: 正常充值：充值金额为小数:用例执行通过
2019-09-05 21:30:31,049 - [test_recharge.py-->line:71] - INFO: 充值手机号码不存在:用例执行通过
2019-09-05 21:30:31,217 - [test_recharge.py-->line:71] - INFO: 充值金额小数点大于两位:用例执行通过
2019-09-05 21:30:31,383 - [test_recharge.py-->line:71] - INFO: 充值额度为负数:用例执行通过
2019-09-05 21:30:31,542 - [test_recharge.py-->line:71] - INFO: 充值额度为空:用例执行通过
2019-09-05 21:30:31,736 - [test_recharge.py-->line:71] - INFO: 充值失败，充值额度大于50万:用例执行通过
2019-09-05 21:30:31,968 - [test_recharge.py-->line:71] - INFO: 充值失败，充值金额小数超过两位:用例执行通过
2019-09-05 21:30:32,169 - [test_recharge.py-->line:71] - INFO: 充值失败，充值金额输入的不是数字:用例执行通过
2019-09-05 21:30:32,419 - [test_recharge.py-->line:121] - INFO: 正常登陆:用例执行通过
2019-09-05 21:30:32,784 - [test_recharge.py-->line:121] - INFO: 取现成功:用例执行通过
2019-09-05 21:30:32,951 - [test_recharge.py-->line:121] - INFO: 取现失败，手机号为空:用例执行通过
2019-09-05 21:30:33,134 - [test_recharge.py-->line:121] - INFO: 取现失败，金额为空:用例执行通过
2019-09-05 21:30:33,324 - [test_recharge.py-->line:121] - INFO: 取现失败，金额不大于0:用例执行通过
2019-09-05 21:30:33,506 - [test_recharge.py-->line:121] - INFO: 取现失败，金额大于50万:用例执行通过
2019-09-05 21:30:33,678 - [test_recharge.py-->line:121] - INFO: 取现失败，金额小数超过两位:用例执行通过
2019-09-05 21:30:33,862 - [test_recharge.py-->line:121] - INFO: 取现失败，金额不是数字:用例执行通过
2019-09-05 21:30:33,888 - [run_test.py-->line:43] - INFO: ----------本次所有用例执行完毕---------------------
2019-09-05 21:31:16,927 - [run_test.py-->line:19] - INFO: -------------------开启测试运行程序--------------
2019-09-05 21:31:24,273 - [test_login.py-->line:47] - INFO: 正在请求地址http://test.lemonban.com/futureloan/mvc/api/member/login
2019-09-05 21:31:24,585 - [test_login.py-->line:63] - DEBUG: 正常登录成功，该条用例执行通过
2019-09-05 21:31:24,586 - [test_login.py-->line:47] - INFO: 正在请求地址http://test.lemonban.com/futureloan/mvc/api/member/login
2019-09-05 21:31:24,907 - [test_login.py-->line:63] - DEBUG: 密码不正确，该条用例执行通过
2019-09-05 21:31:24,907 - [test_login.py-->line:47] - INFO: 正在请求地址http://test.lemonban.com/futureloan/mvc/api/member/login
2019-09-05 21:31:25,298 - [test_login.py-->line:63] - DEBUG: 账号未注册，该条用例执行通过
2019-09-05 21:31:25,300 - [test_login.py-->line:47] - INFO: 正在请求地址http://test.lemonban.com/futureloan/mvc/api/member/login
2019-09-05 21:31:25,606 - [test_login.py-->line:63] - DEBUG: 手机号为空，该条用例执行通过
2019-09-05 21:31:25,606 - [test_login.py-->line:47] - INFO: 正在请求地址http://test.lemonban.com/futureloan/mvc/api/member/login
2019-09-05 21:31:25,948 - [test_login.py-->line:63] - DEBUG: 手机号未注册，该条用例执行通过
2019-09-05 21:31:25,950 - [test_login.py-->line:47] - INFO: 正在请求地址http://test.lemonban.com/futureloan/mvc/api/member/login
2019-09-05 21:31:26,421 - [test_login.py-->line:63] - DEBUG: 手机号包含非数字，该条用例执行通过
2019-09-05 21:31:26,426 - [test_login.py-->line:47] - INFO: 正在请求地址http://test.lemonban.com/futureloan/mvc/api/member/login
2019-09-05 21:31:26,758 - [test_login.py-->line:63] - DEBUG: 手机号为非手机号码数字，该条用例执行通过
2019-09-05 21:31:26,759 - [test_login.py-->line:47] - INFO: 正在请求地址http://test.lemonban.com/futureloan/mvc/api/member/login
2019-09-05 21:31:27,022 - [test_login.py-->line:63] - DEBUG: 手机号长度不足11位，该条用例执行通过
2019-09-05 21:31:27,022 - [test_login.py-->line:47] - INFO: 正在请求地址http://test.lemonban.com/futureloan/mvc/api/member/login
2019-09-05 21:31:27,255 - [test_login.py-->line:63] - DEBUG: 手机号长度超过11位，该条用例执行通过
2019-09-05 21:31:27,605 - [test_login.py-->line:105] - INFO: 用例执行通过
2019-09-05 21:31:27,982 - [test_login.py-->line:105] - INFO: 用例执行通过
2019-09-05 21:31:28,346 - [test_login.py-->line:105] - INFO: 用例执行通过
2019-09-05 21:31:28,633 - [test_login.py-->line:105] - INFO: 用例执行通过
2019-09-05 21:31:28,905 - [test_login.py-->line:105] - INFO: 用例执行通过
2019-09-05 21:31:29,158 - [test_login.py-->line:105] - INFO: 用例执行通过
2019-09-05 21:31:29,451 - [test_login.py-->line:105] - INFO: 用例执行通过
2019-09-05 21:31:29,703 - [test_login.py-->line:105] - INFO: 用例执行通过
2019-09-05 21:31:29,979 - [test_login.py-->line:105] - INFO: 用例执行通过
2019-09-05 21:31:30,247 - [test_login.py-->line:105] - INFO: 用例执行通过
2019-09-05 21:31:30,585 - [test_login.py-->line:105] - INFO: 用例执行通过
2019-09-05 21:31:31,013 - [test_recharge.py-->line:71] - INFO: 正常登陆:用例执行通过
2019-09-05 21:31:31,532 - [test_recharge.py-->line:71] - INFO: 正常充值:用例执行通过
2019-09-05 21:31:32,075 - [test_recharge.py-->line:71] - INFO: 正常充值：充值金额为小数:用例执行通过
2019-09-05 21:31:32,375 - [test_recharge.py-->line:71] - INFO: 充值手机号码不存在:用例执行通过
2019-09-05 21:31:32,675 - [test_recharge.py-->line:71] - INFO: 充值金额小数点大于两位:用例执行通过
2019-09-05 21:31:32,885 - [test_recharge.py-->line:71] - INFO: 充值额度为负数:用例执行通过
2019-09-05 21:31:33,100 - [test_recharge.py-->line:71] - INFO: 充值额度为空:用例执行通过
2019-09-05 21:31:33,316 - [test_recharge.py-->line:71] - INFO: 充值失败，充值额度大于50万:用例执行通过
2019-09-05 21:31:33,536 - [test_recharge.py-->line:71] - INFO: 充值失败，充值金额小数超过两位:用例执行通过
2019-09-05 21:31:33,736 - [test_recharge.py-->line:71] - INFO: 充值失败，充值金额输入的不是数字:用例执行通过
2019-09-05 21:31:34,020 - [test_recharge.py-->line:121] - INFO: 正常登陆:用例执行通过
2019-09-05 21:31:34,404 - [test_recharge.py-->line:121] - INFO: 取现成功:用例执行通过
2019-09-05 21:31:34,601 - [test_recharge.py-->line:121] - INFO: 取现失败，手机号为空:用例执行通过
2019-09-05 21:31:34,799 - [test_recharge.py-->line:121] - INFO: 取现失败，金额为空:用例执行通过
2019-09-05 21:31:34,989 - [test_recharge.py-->line:121] - INFO: 取现失败，金额不大于0:用例执行通过
2019-09-05 21:31:35,182 - [test_recharge.py-->line:121] - INFO: 取现失败，金额大于50万:用例执行通过
2019-09-05 21:31:35,421 - [test_recharge.py-->line:121] - INFO: 取现失败，金额小数超过两位:用例执行通过
2019-09-05 21:31:35,616 - [test_recharge.py-->line:121] - INFO: 取现失败，金额不是数字:用例执行通过
2019-09-05 21:31:35,649 - [run_test.py-->line:43] - INFO: ----------本次所有用例执行完毕---------------------
2019-09-07 11:22:20,664 - [run_test.py-->line:19] - INFO: -------------------开启测试运行程序--------------
2019-09-07 11:22:29,520 - [test_login.py-->line:57] - INFO: 正在请求地址http://test.lemonban.com/futureloan/mvc/api/member/login
2019-09-07 11:22:29,739 - [test_login.py-->line:68] - DEBUG: 正常登录成功，该条用例执行未通过
2019-09-07 11:22:29,827 - [test_login.py-->line:57] - INFO: 正在请求地址http://test.lemonban.com/futureloan/mvc/api/member/login
2019-09-07 11:22:30,053 - [test_login.py-->line:68] - DEBUG: 密码不正确，该条用例执行未通过
2019-09-07 11:22:30,111 - [test_login.py-->line:57] - INFO: 正在请求地址http://test.lemonban.com/futureloan/mvc/api/member/login
2019-09-07 11:22:30,337 - [test_login.py-->line:68] - DEBUG: 账号未注册，该条用例执行未通过
2019-09-07 11:22:30,406 - [test_login.py-->line:57] - INFO: 正在请求地址http://test.lemonban.com/futureloan/mvc/api/member/login
2019-09-07 11:22:30,623 - [test_login.py-->line:73] - DEBUG: 手机号为空，该条用例执行通过
2019-09-07 11:22:30,683 - [test_login.py-->line:57] - INFO: 正在请求地址http://test.lemonban.com/futureloan/mvc/api/member/login
2019-09-07 11:22:30,932 - [test_login.py-->line:68] - DEBUG: 手机号包含非数字，该条用例执行未通过
2019-09-07 11:22:31,002 - [test_login.py-->line:57] - INFO: 正在请求地址http://test.lemonban.com/futureloan/mvc/api/member/login
2019-09-07 11:22:31,233 - [test_login.py-->line:68] - DEBUG: 手机号为非手机号码数字，该条用例执行未通过
2019-09-07 11:22:31,299 - [test_login.py-->line:57] - INFO: 正在请求地址http://test.lemonban.com/futureloan/mvc/api/member/login
2019-09-07 11:22:31,510 - [test_login.py-->line:68] - DEBUG: 手机号长度不足11位，该条用例执行未通过
2019-09-07 11:22:31,568 - [test_login.py-->line:57] - INFO: 正在请求地址http://test.lemonban.com/futureloan/mvc/api/member/login
2019-09-07 11:22:31,777 - [test_login.py-->line:68] - DEBUG: 手机号长度超过11位，该条用例执行未通过
2019-09-07 11:22:32,146 - [test_login.py-->line:130] - INFO: 用例执行通过
2019-09-07 11:22:32,570 - [test_login.py-->line:130] - INFO: 用例执行通过
2019-09-07 11:22:32,835 - [test_login.py-->line:125] - INFO: 用例执行未通过
2019-09-07 11:22:32,835 - [test_login.py-->line:126] - ERROR: {'status': 0, 'code': '20110', 'data': None, 'msg': '手机号码已被注册'} != {'status': 0, 'code': '20109', 'data': None, 'msg': '手机号码格式不正确'}
- {'code': '20110', 'data': None, 'msg': '手机号码已被注册', 'status': 0}
?              -                              ^^^^

+ {'code': '20109', 'data': None, 'msg': '手机号码格式不正确', 'status': 0}
?               +                             ^^^^^
Traceback (most recent call last):
  File "C:\project\python21\class21_api_project\testcases\test_login.py", line 114, in test_register
    self.assertEqual(eval(case.excepted), res)
  File "C:\python37\lib\unittest\case.py", line 839, in assertEqual
    assertion_func(first, second, msg=msg)
  File "C:\python37\lib\unittest\case.py", line 1138, in assertDictEqual
    self.fail(self._formatMessage(msg, standardMsg))
  File "C:\python37\lib\unittest\case.py", line 680, in fail
    raise self.failureException(msg)
AssertionError: {'status': 0, 'code': '20110', 'data': None, 'msg': '手机号码已被注册'} != {'status': 0, 'code': '20109', 'data': None, 'msg': '手机号码格式不正确'}
- {'code': '20110', 'data': None, 'msg': '手机号码已被注册', 'status': 0}
?              -                              ^^^^

+ {'code': '20109', 'data': None, 'msg': '手机号码格式不正确', 'status': 0}
?               +                             ^^^^^

2019-09-07 11:22:33,164 - [test_login.py-->line:130] - INFO: 用例执行通过
2019-09-07 11:22:33,418 - [test_login.py-->line:130] - INFO: 用例执行通过
2019-09-07 11:22:33,689 - [test_login.py-->line:130] - INFO: 用例执行通过
2019-09-07 11:22:34,004 - [test_login.py-->line:130] - INFO: 用例执行通过
2019-09-07 11:22:34,261 - [test_login.py-->line:130] - INFO: 用例执行通过
2019-09-07 11:22:34,497 - [test_login.py-->line:130] - INFO: 用例执行通过
2019-09-07 11:22:34,761 - [test_login.py-->line:130] - INFO: 用例执行通过
2019-09-07 11:22:35,022 - [test_login.py-->line:130] - INFO: 用例执行通过
2019-09-07 11:22:35,270 - [test_recharge.py-->line:80] - INFO: 正常登陆:用例执行通过
2019-09-07 11:22:35,695 - [test_recharge.py-->line:80] - INFO: 正常充值:用例执行通过
2019-09-07 11:22:36,120 - [test_recharge.py-->line:80] - INFO: 正常充值：充值金额为小数:用例执行通过
2019-09-07 11:22:36,300 - [test_recharge.py-->line:80] - INFO: 充值手机号码不存在:用例执行通过
2019-09-07 11:22:36,507 - [test_recharge.py-->line:80] - INFO: 充值金额小数点大于两位:用例执行通过
2019-09-07 11:22:36,705 - [test_recharge.py-->line:80] - INFO: 充值额度为负数:用例执行通过
2019-09-07 11:22:36,897 - [test_recharge.py-->line:80] - INFO: 充值额度为空:用例执行通过
2019-09-07 11:22:37,078 - [test_recharge.py-->line:80] - INFO: 充值失败，充值额度大于50万:用例执行通过
2019-09-07 11:22:37,290 - [test_recharge.py-->line:80] - INFO: 充值失败，充值金额小数超过两位:用例执行通过
2019-09-07 11:22:37,475 - [test_recharge.py-->line:80] - INFO: 充值失败，充值金额输入的不是数字:用例执行通过
2019-09-07 11:22:37,731 - [test_recharge.py-->line:134] - INFO: 正常登陆:用例执行通过
2019-09-07 11:22:38,127 - [test_recharge.py-->line:134] - INFO: 取现成功:用例执行通过
2019-09-07 11:22:38,294 - [test_recharge.py-->line:134] - INFO: 取现失败，手机号为空:用例执行通过
2019-09-07 11:22:38,570 - [test_recharge.py-->line:134] - INFO: 取现失败，金额为空:用例执行通过
2019-09-07 11:22:38,798 - [test_recharge.py-->line:134] - INFO: 取现失败，金额不大于0:用例执行通过
2019-09-07 11:22:39,021 - [test_recharge.py-->line:134] - INFO: 取现失败，金额大于50万:用例执行通过
2019-09-07 11:22:39,212 - [test_recharge.py-->line:134] - INFO: 取现失败，金额小数超过两位:用例执行通过
2019-09-07 11:22:39,414 - [test_recharge.py-->line:134] - INFO: 取现失败，金额不是数字:用例执行通过
2019-09-07 11:22:39,450 - [run_test.py-->line:43] - INFO: ----------本次所有用例执行完毕---------------------
2019-09-07 11:24:50,105 - [run_test.py-->line:19] - INFO: -------------------开启测试运行程序--------------
2019-09-07 11:24:55,322 - [test_login.py-->line:57] - INFO: 正在请求地址http://test.lemonban.com/futureloan/mvc/api/member/login
2019-09-07 11:24:55,570 - [test_login.py-->line:68] - DEBUG: 正常登录成功，该条用例执行未通过
2019-09-07 11:24:55,626 - [test_login.py-->line:57] - INFO: 正在请求地址http://test.lemonban.com/futureloan/mvc/api/member/login
2019-09-07 11:24:55,846 - [test_login.py-->line:68] - DEBUG: 密码不正确，该条用例执行未通过
2019-09-07 11:24:55,917 - [test_login.py-->line:57] - INFO: 正在请求地址http://test.lemonban.com/futureloan/mvc/api/member/login
2019-09-07 11:24:56,124 - [test_login.py-->line:68] - DEBUG: 账号未注册，该条用例执行未通过
2019-09-07 11:24:56,176 - [test_login.py-->line:57] - INFO: 正在请求地址http://test.lemonban.com/futureloan/mvc/api/member/login
2019-09-07 11:24:56,391 - [test_login.py-->line:73] - DEBUG: 手机号为空，该条用例执行通过
2019-09-07 11:24:56,445 - [test_login.py-->line:57] - INFO: 正在请求地址http://test.lemonban.com/futureloan/mvc/api/member/login
2019-09-07 11:24:56,713 - [test_login.py-->line:68] - DEBUG: 手机号包含非数字，该条用例执行未通过
2019-09-07 11:24:56,768 - [test_login.py-->line:57] - INFO: 正在请求地址http://test.lemonban.com/futureloan/mvc/api/member/login
2019-09-07 11:24:57,005 - [test_login.py-->line:68] - DEBUG: 手机号为非手机号码数字，该条用例执行未通过
2019-09-07 11:24:57,056 - [test_login.py-->line:57] - INFO: 正在请求地址http://test.lemonban.com/futureloan/mvc/api/member/login
2019-09-07 11:24:57,276 - [test_login.py-->line:68] - DEBUG: 手机号长度不足11位，该条用例执行未通过
2019-09-07 11:24:57,331 - [test_login.py-->line:57] - INFO: 正在请求地址http://test.lemonban.com/futureloan/mvc/api/member/login
2019-09-07 11:24:57,539 - [test_login.py-->line:68] - DEBUG: 手机号长度超过11位，该条用例执行未通过
2019-09-07 11:24:57,910 - [test_login.py-->line:130] - INFO: 用例执行通过
2019-09-07 11:24:58,358 - [test_login.py-->line:130] - INFO: 用例执行通过
2019-09-07 11:24:58,625 - [test_login.py-->line:125] - INFO: 用例执行未通过
2019-09-07 11:24:58,625 - [test_login.py-->line:126] - ERROR: {'status': 0, 'code': '20110', 'data': None, 'msg': '手机号码已被注册'} != {'status': 0, 'code': '20109', 'data': None, 'msg': '手机号码格式不正确'}
- {'code': '20110', 'data': None, 'msg': '手机号码已被注册', 'status': 0}
?              -                              ^^^^

+ {'code': '20109', 'data': None, 'msg': '手机号码格式不正确', 'status': 0}
?               +                             ^^^^^
Traceback (most recent call last):
  File "C:\project\python21\class21_api_project\testcases\test_login.py", line 114, in test_register
    self.assertEqual(eval(case.excepted), res)
  File "C:\python37\lib\unittest\case.py", line 839, in assertEqual
    assertion_func(first, second, msg=msg)
  File "C:\python37\lib\unittest\case.py", line 1138, in assertDictEqual
    self.fail(self._formatMessage(msg, standardMsg))
  File "C:\python37\lib\unittest\case.py", line 680, in fail
    raise self.failureException(msg)
AssertionError: {'status': 0, 'code': '20110', 'data': None, 'msg': '手机号码已被注册'} != {'status': 0, 'code': '20109', 'data': None, 'msg': '手机号码格式不正确'}
- {'code': '20110', 'data': None, 'msg': '手机号码已被注册', 'status': 0}
?              -                              ^^^^

+ {'code': '20109', 'data': None, 'msg': '手机号码格式不正确', 'status': 0}
?               +                             ^^^^^

2019-09-07 11:24:58,919 - [test_login.py-->line:130] - INFO: 用例执行通过
2019-09-07 11:24:59,200 - [test_login.py-->line:130] - INFO: 用例执行通过
2019-09-07 11:24:59,517 - [test_login.py-->line:130] - INFO: 用例执行通过
2019-09-07 11:24:59,803 - [test_login.py-->line:130] - INFO: 用例执行通过
2019-09-07 11:25:00,091 - [test_login.py-->line:130] - INFO: 用例执行通过
2019-09-07 11:25:00,373 - [test_login.py-->line:130] - INFO: 用例执行通过
2019-09-07 11:25:00,640 - [test_login.py-->line:130] - INFO: 用例执行通过
2019-09-07 11:25:00,934 - [test_login.py-->line:130] - INFO: 用例执行通过
2019-09-07 11:25:01,229 - [test_recharge.py-->line:80] - INFO: 正常登陆:用例执行通过
2019-09-07 11:25:01,671 - [test_recharge.py-->line:80] - INFO: 正常充值:用例执行通过
2019-09-07 11:25:02,125 - [test_recharge.py-->line:80] - INFO: 正常充值：充值金额为小数:用例执行通过
2019-09-07 11:25:02,358 - [test_recharge.py-->line:80] - INFO: 充值手机号码不存在:用例执行通过
2019-09-07 11:25:02,567 - [test_recharge.py-->line:80] - INFO: 充值金额小数点大于两位:用例执行通过
2019-09-07 11:25:02,780 - [test_recharge.py-->line:80] - INFO: 充值额度为负数:用例执行通过
2019-09-07 11:25:02,951 - [test_recharge.py-->line:80] - INFO: 充值额度为空:用例执行通过
2019-09-07 11:25:03,144 - [test_recharge.py-->line:80] - INFO: 充值失败，充值额度大于50万:用例执行通过
2019-09-07 11:25:03,343 - [test_recharge.py-->line:80] - INFO: 充值失败，充值金额小数超过两位:用例执行通过
2019-09-07 11:25:03,538 - [test_recharge.py-->line:80] - INFO: 充值失败，充值金额输入的不是数字:用例执行通过
2019-09-07 11:25:03,758 - [test_recharge.py-->line:134] - INFO: 正常登陆:用例执行通过
2019-09-07 11:25:04,208 - [test_recharge.py-->line:134] - INFO: 取现成功:用例执行通过
2019-09-07 11:25:04,381 - [test_recharge.py-->line:134] - INFO: 取现失败，手机号为空:用例执行通过
2019-09-07 11:25:04,619 - [test_recharge.py-->line:134] - INFO: 取现失败，金额为空:用例执行通过
2019-09-07 11:25:04,834 - [test_recharge.py-->line:134] - INFO: 取现失败，金额不大于0:用例执行通过
2019-09-07 11:25:05,047 - [test_recharge.py-->line:134] - INFO: 取现失败，金额大于50万:用例执行通过
2019-09-07 11:25:05,233 - [test_recharge.py-->line:134] - INFO: 取现失败，金额小数超过两位:用例执行通过
2019-09-07 11:25:05,427 - [test_recharge.py-->line:134] - INFO: 取现失败，金额不是数字:用例执行通过
2019-09-07 11:25:05,449 - [run_test.py-->line:43] - INFO: ----------本次所有用例执行完毕---------------------
2019-09-07 11:29:21,230 - [run_test.py-->line:19] - INFO: -------------------开启测试运行程序--------------
2019-09-07 11:29:25,178 - [test_login.py-->line:57] - INFO: 正在请求地址http://test.lemonban.com/futureloan/mvc/api/member/login
2019-09-07 11:29:25,415 - [test_login.py-->line:73] - DEBUG: 正常登录成功，该条用例执行通过
2019-09-07 11:29:25,479 - [test_login.py-->line:57] - INFO: 正在请求地址http://test.lemonban.com/futureloan/mvc/api/member/login
2019-09-07 11:29:25,692 - [test_login.py-->line:73] - DEBUG: 密码不正确，该条用例执行通过
2019-09-07 11:29:25,742 - [test_login.py-->line:57] - INFO: 正在请求地址http://test.lemonban.com/futureloan/mvc/api/member/login
2019-09-07 11:29:25,977 - [test_login.py-->line:73] - DEBUG: 账号未注册，该条用例执行通过
2019-09-07 11:29:26,040 - [test_login.py-->line:57] - INFO: 正在请求地址http://test.lemonban.com/futureloan/mvc/api/member/login
2019-09-07 11:29:26,224 - [test_login.py-->line:73] - DEBUG: 手机号为空，该条用例执行通过
2019-09-07 11:29:26,293 - [test_login.py-->line:57] - INFO: 正在请求地址http://test.lemonban.com/futureloan/mvc/api/member/login
2019-09-07 11:29:26,540 - [test_login.py-->line:73] - DEBUG: 手机号包含非数字，该条用例执行通过
2019-09-07 11:29:26,610 - [test_login.py-->line:57] - INFO: 正在请求地址http://test.lemonban.com/futureloan/mvc/api/member/login
2019-09-07 11:29:26,837 - [test_login.py-->line:73] - DEBUG: 手机号为非手机号码数字，该条用例执行通过
2019-09-07 11:29:26,887 - [test_login.py-->line:57] - INFO: 正在请求地址http://test.lemonban.com/futureloan/mvc/api/member/login
2019-09-07 11:29:27,110 - [test_login.py-->line:73] - DEBUG: 手机号长度不足11位，该条用例执行通过
2019-09-07 11:29:27,158 - [test_login.py-->line:57] - INFO: 正在请求地址http://test.lemonban.com/futureloan/mvc/api/member/login
2019-09-07 11:29:27,438 - [test_login.py-->line:73] - DEBUG: 手机号长度超过11位，该条用例执行通过
2019-09-07 11:29:27,776 - [test_login.py-->line:132] - INFO: 用例执行通过
2019-09-07 11:29:28,156 - [test_login.py-->line:132] - INFO: 用例执行通过
2019-09-07 11:29:28,421 - [test_login.py-->line:132] - INFO: 用例执行通过
2019-09-07 11:29:28,696 - [test_login.py-->line:132] - INFO: 用例执行通过
2019-09-07 11:29:28,982 - [test_login.py-->line:132] - INFO: 用例执行通过
2019-09-07 11:29:29,270 - [test_login.py-->line:132] - INFO: 用例执行通过
2019-09-07 11:29:29,549 - [test_login.py-->line:132] - INFO: 用例执行通过
2019-09-07 11:29:29,804 - [test_login.py-->line:132] - INFO: 用例执行通过
2019-09-07 11:29:30,095 - [test_login.py-->line:132] - INFO: 用例执行通过
2019-09-07 11:29:30,399 - [test_login.py-->line:132] - INFO: 用例执行通过
2019-09-07 11:29:30,738 - [test_login.py-->line:132] - INFO: 用例执行通过
2019-09-07 11:29:31,079 - [test_recharge.py-->line:80] - INFO: 正常登陆:用例执行通过
2019-09-07 11:29:31,502 - [test_recharge.py-->line:80] - INFO: 正常充值:用例执行通过
2019-09-07 11:29:31,913 - [test_recharge.py-->line:80] - INFO: 正常充值：充值金额为小数:用例执行通过
2019-09-07 11:29:32,131 - [test_recharge.py-->line:80] - INFO: 充值手机号码不存在:用例执行通过
2019-09-07 11:29:32,306 - [test_recharge.py-->line:80] - INFO: 充值金额小数点大于两位:用例执行通过
2019-09-07 11:29:32,522 - [test_recharge.py-->line:80] - INFO: 充值额度为负数:用例执行通过
2019-09-07 11:29:32,732 - [test_recharge.py-->line:80] - INFO: 充值额度为空:用例执行通过
2019-09-07 11:29:32,948 - [test_recharge.py-->line:80] - INFO: 充值失败，充值额度大于50万:用例执行通过
2019-09-07 11:29:33,152 - [test_recharge.py-->line:80] - INFO: 充值失败，充值金额小数超过两位:用例执行通过
2019-09-07 11:29:33,351 - [test_recharge.py-->line:80] - INFO: 充值失败，充值金额输入的不是数字:用例执行通过
2019-09-07 11:29:33,577 - [test_recharge.py-->line:134] - INFO: 正常登陆:用例执行通过
2019-09-07 11:29:33,954 - [test_recharge.py-->line:134] - INFO: 取现成功:用例执行通过
2019-09-07 11:29:34,179 - [test_recharge.py-->line:134] - INFO: 取现失败，手机号为空:用例执行通过
2019-09-07 11:29:34,420 - [test_recharge.py-->line:134] - INFO: 取现失败，金额为空:用例执行通过
2019-09-07 11:29:34,632 - [test_recharge.py-->line:134] - INFO: 取现失败，金额不大于0:用例执行通过
2019-09-07 11:29:34,849 - [test_recharge.py-->line:134] - INFO: 取现失败，金额大于50万:用例执行通过
2019-09-07 11:29:35,040 - [test_recharge.py-->line:134] - INFO: 取现失败，金额小数超过两位:用例执行通过
2019-09-07 11:29:35,243 - [test_recharge.py-->line:134] - INFO: 取现失败，金额不是数字:用例执行通过
2019-09-07 11:29:35,264 - [run_test.py-->line:43] - INFO: ----------本次所有用例执行完毕---------------------
2019-09-10 20:29:26,414 - [run_test.py-->line:19] - INFO: -------------------开启测试运行程序--------------
2019-09-10 20:29:35,290 - [test_login.py-->line:57] - INFO: 正在请求地址http://test.lemonban.com/futureloan/mvc/api/member/login
2019-09-10 20:29:35,569 - [test_login.py-->line:73] - DEBUG: 正常登录成功，该条用例执行通过
2019-09-10 20:29:35,636 - [test_login.py-->line:57] - INFO: 正在请求地址http://test.lemonban.com/futureloan/mvc/api/member/login
2019-09-10 20:29:35,895 - [test_login.py-->line:73] - DEBUG: 密码不正确，该条用例执行通过
2019-09-10 20:29:35,984 - [test_login.py-->line:57] - INFO: 正在请求地址http://test.lemonban.com/futureloan/mvc/api/member/login
2019-09-10 20:29:36,267 - [test_login.py-->line:73] - DEBUG: 账号未注册，该条用例执行通过
2019-09-10 20:29:36,333 - [test_login.py-->line:57] - INFO: 正在请求地址http://test.lemonban.com/futureloan/mvc/api/member/login
2019-09-10 20:29:36,573 - [test_login.py-->line:73] - DEBUG: 手机号为空，该条用例执行通过
2019-09-10 20:29:36,631 - [test_login.py-->line:57] - INFO: 正在请求地址http://test.lemonban.com/futureloan/mvc/api/member/login
2019-09-10 20:29:36,887 - [test_login.py-->line:73] - DEBUG: 手机号包含非数字，该条用例执行通过
2019-09-10 20:29:36,948 - [test_login.py-->line:57] - INFO: 正在请求地址http://test.lemonban.com/futureloan/mvc/api/member/login
2019-09-10 20:29:37,177 - [test_login.py-->line:73] - DEBUG: 手机号为非手机号码数字，该条用例执行通过
2019-09-10 20:29:37,229 - [test_login.py-->line:57] - INFO: 正在请求地址http://test.lemonban.com/futureloan/mvc/api/member/login
2019-09-10 20:29:37,467 - [test_login.py-->line:73] - DEBUG: 手机号长度不足11位，该条用例执行通过
2019-09-10 20:29:37,529 - [test_login.py-->line:57] - INFO: 正在请求地址http://test.lemonban.com/futureloan/mvc/api/member/login
2019-09-10 20:29:37,787 - [test_login.py-->line:73] - DEBUG: 手机号长度超过11位，该条用例执行通过
2019-09-10 20:29:38,194 - [test_login.py-->line:132] - INFO: 用例执行通过
2019-09-10 20:29:38,597 - [test_login.py-->line:132] - INFO: 用例执行通过
2019-09-10 20:29:38,888 - [test_login.py-->line:132] - INFO: 用例执行通过
2019-09-10 20:29:39,166 - [test_login.py-->line:132] - INFO: 用例执行通过
2019-09-10 20:29:39,460 - [test_login.py-->line:132] - INFO: 用例执行通过
2019-09-10 20:29:39,719 - [test_login.py-->line:132] - INFO: 用例执行通过
2019-09-10 20:29:40,000 - [test_login.py-->line:132] - INFO: 用例执行通过
2019-09-10 20:29:40,263 - [test_login.py-->line:132] - INFO: 用例执行通过
2019-09-10 20:29:40,526 - [test_login.py-->line:132] - INFO: 用例执行通过
2019-09-10 20:29:40,793 - [test_login.py-->line:132] - INFO: 用例执行通过
2019-09-10 20:29:41,073 - [test_login.py-->line:132] - INFO: 用例执行通过
2019-09-10 20:29:41,306 - [test_recharge.py-->line:80] - INFO: 正常登陆:用例执行通过
2019-09-10 20:29:41,732 - [test_recharge.py-->line:80] - INFO: 正常充值:用例执行通过
2019-09-10 20:29:42,165 - [test_recharge.py-->line:80] - INFO: 正常充值：充值金额为小数:用例执行通过
2019-09-10 20:29:42,372 - [test_recharge.py-->line:80] - INFO: 充值手机号码不存在:用例执行通过
2019-09-10 20:29:42,566 - [test_recharge.py-->line:80] - INFO: 充值金额小数点大于两位:用例执行通过
2019-09-10 20:29:42,820 - [test_recharge.py-->line:80] - INFO: 充值额度为负数:用例执行通过
2019-09-10 20:29:43,013 - [test_recharge.py-->line:80] - INFO: 充值额度为空:用例执行通过
2019-09-10 20:29:43,237 - [test_recharge.py-->line:80] - INFO: 充值失败，充值额度大于50万:用例执行通过
2019-09-10 20:29:43,484 - [test_recharge.py-->line:80] - INFO: 充值失败，充值金额小数超过两位:用例执行通过
2019-09-10 20:29:43,690 - [test_recharge.py-->line:80] - INFO: 充值失败，充值金额输入的不是数字:用例执行通过
2019-09-10 20:29:43,954 - [test_recharge.py-->line:134] - INFO: 正常登陆:用例执行通过
2019-09-10 20:29:44,386 - [test_recharge.py-->line:134] - INFO: 取现成功:用例执行通过
2019-09-10 20:29:44,589 - [test_recharge.py-->line:134] - INFO: 取现失败，手机号为空:用例执行通过
2019-09-10 20:29:44,795 - [test_recharge.py-->line:134] - INFO: 取现失败，金额为空:用例执行通过
2019-09-10 20:29:44,993 - [test_recharge.py-->line:134] - INFO: 取现失败，金额不大于0:用例执行通过
2019-09-10 20:29:45,256 - [test_recharge.py-->line:134] - INFO: 取现失败，金额大于50万:用例执行通过
2019-09-10 20:29:45,447 - [test_recharge.py-->line:134] - INFO: 取现失败，金额小数超过两位:用例执行通过
2019-09-10 20:29:45,667 - [test_recharge.py-->line:134] - INFO: 取现失败，金额不是数字:用例执行通过
2019-09-10 20:29:45,689 - [run_test.py-->line:43] - INFO: ----------本次所有用例执行完毕---------------------
2019-09-10 20:32:48,010 - [run_test.py-->line:19] - INFO: -------------------开启测试运行程序--------------
2019-09-10 20:32:52,340 - [test_add.py-->line:62] - INFO: 管理员正常登录:用例执行通过
2019-09-10 20:32:52,715 - [test_add.py-->line:62] - INFO: 标title为空:用例执行通过
2019-09-10 20:32:52,990 - [test_add.py-->line:56] - INFO: 借款金额少于1000:用例执行未通过
2019-09-10 20:32:52,990 - [test_add.py-->line:57] - ERROR: '20106' != '10001'
- 20106
+ 10001
Traceback (most recent call last):
  File "C:\project\python21\class21_api_project\testcases\test_add.py", line 48, in test_add
    self.assertEqual(str(case.excepted_code), res_code)
  File "C:\python37\lib\unittest\case.py", line 839, in assertEqual
    assertion_func(first, second, msg=msg)
  File "C:\python37\lib\unittest\case.py", line 1220, in assertMultiLineEqual
    self.fail(self._formatMessage(msg, standardMsg))
  File "C:\python37\lib\unittest\case.py", line 680, in fail
    raise self.failureException(msg)
AssertionError: '20106' != '10001'
- 20106
+ 10001

2019-09-10 20:32:53,269 - [test_add.py-->line:62] - INFO: 借款不能被100整除:用例执行通过
2019-09-10 20:32:53,472 - [test_add.py-->line:62] - INFO: 借款利率等于0:用例执行通过
2019-09-10 20:32:53,672 - [test_add.py-->line:62] - INFO: 借款利率大于24:用例执行通过
2019-09-10 20:32:53,874 - [test_add.py-->line:62] - INFO: 期限类型为(0，2，4)之外的数:用例执行通过
2019-09-10 20:32:53,937 - [test_login.py-->line:57] - INFO: 正在请求地址http://test.lemonban.com/futureloan/mvc/api/member/login
2019-09-10 20:32:54,193 - [test_login.py-->line:73] - DEBUG: 正常登录成功，该条用例执行通过
2019-09-10 20:32:54,281 - [test_login.py-->line:57] - INFO: 正在请求地址http://test.lemonban.com/futureloan/mvc/api/member/login
2019-09-10 20:32:54,557 - [test_login.py-->line:73] - DEBUG: 密码不正确，该条用例执行通过
2019-09-10 20:32:54,616 - [test_login.py-->line:57] - INFO: 正在请求地址http://test.lemonban.com/futureloan/mvc/api/member/login
2019-09-10 20:32:54,889 - [test_login.py-->line:73] - DEBUG: 账号未注册，该条用例执行通过
2019-09-10 20:32:54,979 - [test_login.py-->line:57] - INFO: 正在请求地址http://test.lemonban.com/futureloan/mvc/api/member/login
2019-09-10 20:32:55,214 - [test_login.py-->line:73] - DEBUG: 手机号为空，该条用例执行通过
2019-09-10 20:32:55,282 - [test_login.py-->line:57] - INFO: 正在请求地址http://test.lemonban.com/futureloan/mvc/api/member/login
2019-09-10 20:32:55,557 - [test_login.py-->line:73] - DEBUG: 手机号包含非数字，该条用例执行通过
2019-09-10 20:32:55,621 - [test_login.py-->line:57] - INFO: 正在请求地址http://test.lemonban.com/futureloan/mvc/api/member/login
2019-09-10 20:32:55,907 - [test_login.py-->line:73] - DEBUG: 手机号为非手机号码数字，该条用例执行通过
2019-09-10 20:32:55,999 - [test_login.py-->line:57] - INFO: 正在请求地址http://test.lemonban.com/futureloan/mvc/api/member/login
2019-09-10 20:32:56,336 - [test_login.py-->line:73] - DEBUG: 手机号长度不足11位，该条用例执行通过
2019-09-10 20:32:56,397 - [test_login.py-->line:57] - INFO: 正在请求地址http://test.lemonban.com/futureloan/mvc/api/member/login
2019-09-10 20:32:56,663 - [test_login.py-->line:73] - DEBUG: 手机号长度超过11位，该条用例执行通过
2019-09-10 20:32:57,125 - [test_login.py-->line:132] - INFO: 用例执行通过
2019-09-10 20:32:57,546 - [test_login.py-->line:132] - INFO: 用例执行通过
2019-09-10 20:32:57,886 - [test_login.py-->line:132] - INFO: 用例执行通过
2019-09-10 20:32:58,204 - [test_login.py-->line:132] - INFO: 用例执行通过
2019-09-10 20:32:58,543 - [test_login.py-->line:132] - INFO: 用例执行通过
2019-09-10 20:32:58,875 - [test_login.py-->line:132] - INFO: 用例执行通过
2019-09-10 20:32:59,259 - [test_login.py-->line:132] - INFO: 用例执行通过
2019-09-10 20:32:59,596 - [test_login.py-->line:132] - INFO: 用例执行通过
2019-09-10 20:33:00,006 - [test_login.py-->line:132] - INFO: 用例执行通过
2019-09-10 20:33:00,383 - [test_login.py-->line:132] - INFO: 用例执行通过
2019-09-10 20:33:00,745 - [test_login.py-->line:132] - INFO: 用例执行通过
2019-09-10 20:33:01,018 - [test_recharge.py-->line:80] - INFO: 正常登陆:用例执行通过
2019-09-10 20:33:01,485 - [test_recharge.py-->line:80] - INFO: 正常充值:用例执行通过
2019-09-10 20:33:01,916 - [test_recharge.py-->line:80] - INFO: 正常充值：充值金额为小数:用例执行通过
2019-09-10 20:33:02,107 - [test_recharge.py-->line:80] - INFO: 充值手机号码不存在:用例执行通过
2019-09-10 20:33:02,325 - [test_recharge.py-->line:80] - INFO: 充值金额小数点大于两位:用例执行通过
2019-09-10 20:33:02,546 - [test_recharge.py-->line:80] - INFO: 充值额度为负数:用例执行通过
2019-09-10 20:33:02,796 - [test_recharge.py-->line:80] - INFO: 充值额度为空:用例执行通过
2019-09-10 20:33:03,024 - [test_recharge.py-->line:80] - INFO: 充值失败，充值额度大于50万:用例执行通过
2019-09-10 20:33:03,293 - [test_recharge.py-->line:80] - INFO: 充值失败，充值金额小数超过两位:用例执行通过
2019-09-10 20:33:03,499 - [test_recharge.py-->line:80] - INFO: 充值失败，充值金额输入的不是数字:用例执行通过
2019-09-10 20:33:03,751 - [test_recharge.py-->line:134] - INFO: 正常登陆:用例执行通过
2019-09-10 20:33:04,340 - [test_recharge.py-->line:134] - INFO: 取现成功:用例执行通过
2019-09-10 20:33:04,540 - [test_recharge.py-->line:134] - INFO: 取现失败，手机号为空:用例执行通过
2019-09-10 20:33:04,757 - [test_recharge.py-->line:134] - INFO: 取现失败，金额为空:用例执行通过
2019-09-10 20:33:05,258 - [test_recharge.py-->line:134] - INFO: 取现失败，金额不大于0:用例执行通过
2019-09-10 20:33:05,539 - [test_recharge.py-->line:134] - INFO: 取现失败，金额大于50万:用例执行通过
2019-09-10 20:33:05,758 - [test_recharge.py-->line:134] - INFO: 取现失败，金额小数超过两位:用例执行通过
2019-09-10 20:33:05,962 - [test_recharge.py-->line:134] - INFO: 取现失败，金额不是数字:用例执行通过
2019-09-10 20:33:05,984 - [run_test.py-->line:43] - INFO: ----------本次所有用例执行完毕---------------------
2019-09-10 20:34:36,866 - [run_test.py-->line:19] - INFO: -------------------开启测试运行程序--------------
2019-09-10 20:34:41,121 - [test_add.py-->line:62] - INFO: 管理员正常登录:用例执行通过
2019-09-10 20:34:41,598 - [test_add.py-->line:62] - INFO: 正常加标:用例执行通过
2019-09-10 20:34:41,828 - [test_add.py-->line:62] - INFO: 标title为空:用例执行通过
2019-09-10 20:34:42,063 - [test_add.py-->line:56] - INFO: 借款金额少于1000:用例执行未通过
2019-09-10 20:34:42,063 - [test_add.py-->line:57] - ERROR: '20106' != '10001'
- 20106
+ 10001
Traceback (most recent call last):
  File "C:\project\python21\class21_api_project\testcases\test_add.py", line 48, in test_add
    self.assertEqual(str(case.excepted_code), res_code)
  File "C:\python37\lib\unittest\case.py", line 839, in assertEqual
    assertion_func(first, second, msg=msg)
  File "C:\python37\lib\unittest\case.py", line 1220, in assertMultiLineEqual
    self.fail(self._formatMessage(msg, standardMsg))
  File "C:\python37\lib\unittest\case.py", line 680, in fail
    raise self.failureException(msg)
AssertionError: '20106' != '10001'
- 20106
+ 10001

2019-09-10 20:34:42,252 - [test_add.py-->line:62] - INFO: 借款不能被100整除:用例执行通过
2019-09-10 20:34:42,478 - [test_add.py-->line:62] - INFO: 借款利率等于0:用例执行通过
2019-09-10 20:34:42,671 - [test_add.py-->line:62] - INFO: 借款利率大于24:用例执行通过
2019-09-10 20:34:43,138 - [test_add.py-->line:62] - INFO: 借款利率等于24:用例执行通过
2019-09-10 20:34:43,525 - [test_add.py-->line:62] - INFO: 借款期限类型为0:用例执行通过
2019-09-10 20:34:43,920 - [test_add.py-->line:62] - INFO: 借款期限类型为2:用例执行通过
2019-09-10 20:34:44,355 - [test_add.py-->line:62] - INFO: 借款期限类型为4:用例执行通过
2019-09-10 20:34:44,547 - [test_add.py-->line:62] - INFO: 期限类型为(0，2，4)之外的数:用例执行通过
2019-09-10 20:34:44,608 - [test_login.py-->line:57] - INFO: 正在请求地址http://test.lemonban.com/futureloan/mvc/api/member/login
2019-09-10 20:34:44,882 - [test_login.py-->line:73] - DEBUG: 正常登录成功，该条用例执行通过
2019-09-10 20:34:44,951 - [test_login.py-->line:57] - INFO: 正在请求地址http://test.lemonban.com/futureloan/mvc/api/member/login
2019-09-10 20:34:45,208 - [test_login.py-->line:73] - DEBUG: 密码不正确，该条用例执行通过
2019-09-10 20:34:45,257 - [test_login.py-->line:57] - INFO: 正在请求地址http://test.lemonban.com/futureloan/mvc/api/member/login
2019-09-10 20:34:45,506 - [test_login.py-->line:73] - DEBUG: 账号未注册，该条用例执行通过
2019-09-10 20:34:45,556 - [test_login.py-->line:57] - INFO: 正在请求地址http://test.lemonban.com/futureloan/mvc/api/member/login
2019-09-10 20:34:45,777 - [test_login.py-->line:73] - DEBUG: 手机号为空，该条用例执行通过
2019-09-10 20:34:45,851 - [test_login.py-->line:57] - INFO: 正在请求地址http://test.lemonban.com/futureloan/mvc/api/member/login
2019-09-10 20:34:46,152 - [test_login.py-->line:73] - DEBUG: 手机号包含非数字，该条用例执行通过
2019-09-10 20:34:46,225 - [test_login.py-->line:57] - INFO: 正在请求地址http://test.lemonban.com/futureloan/mvc/api/member/login
2019-09-10 20:34:46,482 - [test_login.py-->line:73] - DEBUG: 手机号为非手机号码数字，该条用例执行通过
2019-09-10 20:34:46,534 - [test_login.py-->line:57] - INFO: 正在请求地址http://test.lemonban.com/futureloan/mvc/api/member/login
2019-09-10 20:34:46,800 - [test_login.py-->line:73] - DEBUG: 手机号长度不足11位，该条用例执行通过
2019-09-10 20:34:46,857 - [test_login.py-->line:57] - INFO: 正在请求地址http://test.lemonban.com/futureloan/mvc/api/member/login
2019-09-10 20:34:47,081 - [test_login.py-->line:73] - DEBUG: 手机号长度超过11位，该条用例执行通过
2019-09-10 20:34:47,478 - [test_login.py-->line:132] - INFO: 用例执行通过
2019-09-10 20:34:47,842 - [test_login.py-->line:132] - INFO: 用例执行通过
2019-09-10 20:34:48,173 - [test_login.py-->line:132] - INFO: 用例执行通过
2019-09-10 20:34:48,547 - [test_login.py-->line:132] - INFO: 用例执行通过
2019-09-10 20:34:48,820 - [test_login.py-->line:132] - INFO: 用例执行通过
2019-09-10 20:34:49,138 - [test_login.py-->line:132] - INFO: 用例执行通过
2019-09-10 20:34:49,475 - [test_login.py-->line:132] - INFO: 用例执行通过
2019-09-10 20:34:49,750 - [test_login.py-->line:132] - INFO: 用例执行通过
2019-09-10 20:34:50,042 - [test_login.py-->line:132] - INFO: 用例执行通过
2019-09-10 20:34:50,343 - [test_login.py-->line:132] - INFO: 用例执行通过
2019-09-10 20:34:50,651 - [test_login.py-->line:132] - INFO: 用例执行通过
2019-09-10 20:34:50,958 - [test_recharge.py-->line:80] - INFO: 正常登陆:用例执行通过
2019-09-10 20:34:51,386 - [test_recharge.py-->line:80] - INFO: 正常充值:用例执行通过
2019-09-10 20:34:51,776 - [test_recharge.py-->line:80] - INFO: 正常充值：充值金额为小数:用例执行通过
2019-09-10 20:34:51,958 - [test_recharge.py-->line:80] - INFO: 充值手机号码不存在:用例执行通过
2019-09-10 20:34:52,150 - [test_recharge.py-->line:80] - INFO: 充值金额小数点大于两位:用例执行通过
2019-09-10 20:34:52,330 - [test_recharge.py-->line:80] - INFO: 充值额度为负数:用例执行通过
2019-09-10 20:34:52,538 - [test_recharge.py-->line:80] - INFO: 充值额度为空:用例执行通过
2019-09-10 20:34:52,726 - [test_recharge.py-->line:80] - INFO: 充值失败，充值额度大于50万:用例执行通过
2019-09-10 20:34:52,920 - [test_recharge.py-->line:80] - INFO: 充值失败，充值金额小数超过两位:用例执行通过
2019-09-10 20:34:53,122 - [test_recharge.py-->line:80] - INFO: 充值失败，充值金额输入的不是数字:用例执行通过
2019-09-10 20:34:53,398 - [test_recharge.py-->line:134] - INFO: 正常登陆:用例执行通过
2019-09-10 20:34:53,817 - [test_recharge.py-->line:134] - INFO: 取现成功:用例执行通过
2019-09-10 20:34:53,990 - [test_recharge.py-->line:134] - INFO: 取现失败，手机号为空:用例执行通过
2019-09-10 20:34:54,195 - [test_recharge.py-->line:134] - INFO: 取现失败，金额为空:用例执行通过
2019-09-10 20:34:54,527 - [test_recharge.py-->line:134] - INFO: 取现失败，金额不大于0:用例执行通过
2019-09-10 20:34:54,763 - [test_recharge.py-->line:134] - INFO: 取现失败，金额大于50万:用例执行通过
2019-09-10 20:34:54,960 - [test_recharge.py-->line:134] - INFO: 取现失败，金额小数超过两位:用例执行通过
2019-09-10 20:34:55,154 - [test_recharge.py-->line:134] - INFO: 取现失败，金额不是数字:用例执行通过
2019-09-10 20:34:55,172 - [run_test.py-->line:43] - INFO: ----------本次所有用例执行完毕---------------------
2019-09-10 20:36:15,554 - [run_test.py-->line:19] - INFO: -------------------开启测试运行程序--------------
2019-09-10 20:36:18,992 - [test_add.py-->line:63] - INFO: 管理员正常登录:用例执行通过
2019-09-10 20:36:19,422 - [test_add.py-->line:63] - INFO: 正常加标:用例执行通过
2019-09-10 20:36:19,668 - [test_add.py-->line:63] - INFO: 加标用户id不存在:用例执行通过
2019-09-10 20:36:19,861 - [test_add.py-->line:63] - INFO: 标title为空:用例执行通过
2019-09-10 20:36:20,060 - [test_add.py-->line:57] - INFO: 借款金额少于1000:用例执行未通过
2019-09-10 20:36:20,060 - [test_add.py-->line:58] - ERROR: '20106' != '10001'
- 20106
+ 10001
Traceback (most recent call last):
  File "C:\project\python21\class21_api_project\testcases\test_add.py", line 49, in test_add
    self.assertEqual(str(case.excepted_code), res_code)
  File "C:\python37\lib\unittest\case.py", line 839, in assertEqual
    assertion_func(first, second, msg=msg)
  File "C:\python37\lib\unittest\case.py", line 1220, in assertMultiLineEqual
    self.fail(self._formatMessage(msg, standardMsg))
  File "C:\python37\lib\unittest\case.py", line 680, in fail
    raise self.failureException(msg)
AssertionError: '20106' != '10001'
- 20106
+ 10001

2019-09-10 20:36:20,275 - [test_add.py-->line:63] - INFO: 借款不能被100整除:用例执行通过
2019-09-10 20:36:20,523 - [test_add.py-->line:63] - INFO: 借款利率等于0:用例执行通过
2019-09-10 20:36:20,776 - [test_add.py-->line:63] - INFO: 借款利率大于24:用例执行通过
2019-09-10 20:36:21,201 - [test_add.py-->line:63] - INFO: 借款利率等于24:用例执行通过
2019-09-10 20:36:21,623 - [test_add.py-->line:63] - INFO: 借款期限类型为0:用例执行通过
2019-09-10 20:36:22,064 - [test_add.py-->line:63] - INFO: 借款期限类型为2:用例执行通过
2019-09-10 20:36:22,533 - [test_add.py-->line:63] - INFO: 借款期限类型为4:用例执行通过
2019-09-10 20:36:22,726 - [test_add.py-->line:63] - INFO: 期限类型为(0，2，4)之外的数:用例执行通过
2019-09-10 20:36:22,799 - [test_login.py-->line:57] - INFO: 正在请求地址http://test.lemonban.com/futureloan/mvc/api/member/login
2019-09-10 20:36:23,086 - [test_login.py-->line:73] - DEBUG: 正常登录成功，该条用例执行通过
2019-09-10 20:36:23,150 - [test_login.py-->line:57] - INFO: 正在请求地址http://test.lemonban.com/futureloan/mvc/api/member/login
2019-09-10 20:36:23,382 - [test_login.py-->line:73] - DEBUG: 密码不正确，该条用例执行通过
2019-09-10 20:36:23,447 - [test_login.py-->line:57] - INFO: 正在请求地址http://test.lemonban.com/futureloan/mvc/api/member/login
2019-09-10 20:36:23,766 - [test_login.py-->line:73] - DEBUG: 账号未注册，该条用例执行通过
2019-09-10 20:36:23,841 - [test_login.py-->line:57] - INFO: 正在请求地址http://test.lemonban.com/futureloan/mvc/api/member/login
2019-09-10 20:36:24,071 - [test_login.py-->line:73] - DEBUG: 手机号为空，该条用例执行通过
2019-09-10 20:36:24,169 - [test_login.py-->line:57] - INFO: 正在请求地址http://test.lemonban.com/futureloan/mvc/api/member/login
2019-09-10 20:36:24,430 - [test_login.py-->line:73] - DEBUG: 手机号包含非数字，该条用例执行通过
2019-09-10 20:36:24,491 - [test_login.py-->line:57] - INFO: 正在请求地址http://test.lemonban.com/futureloan/mvc/api/member/login
2019-09-10 20:36:24,748 - [test_login.py-->line:73] - DEBUG: 手机号为非手机号码数字，该条用例执行通过
2019-09-10 20:36:24,811 - [test_login.py-->line:57] - INFO: 正在请求地址http://test.lemonban.com/futureloan/mvc/api/member/login
2019-09-10 20:36:25,130 - [test_login.py-->line:73] - DEBUG: 手机号长度不足11位，该条用例执行通过
2019-09-10 20:36:25,194 - [test_login.py-->line:57] - INFO: 正在请求地址http://test.lemonban.com/futureloan/mvc/api/member/login
2019-09-10 20:36:25,470 - [test_login.py-->line:73] - DEBUG: 手机号长度超过11位，该条用例执行通过
2019-09-10 20:36:25,879 - [test_login.py-->line:132] - INFO: 用例执行通过
2019-09-10 20:36:26,342 - [test_login.py-->line:132] - INFO: 用例执行通过
2019-09-10 20:36:26,782 - [test_login.py-->line:132] - INFO: 用例执行通过
2019-09-10 20:36:27,081 - [test_login.py-->line:132] - INFO: 用例执行通过
2019-09-10 20:36:27,457 - [test_login.py-->line:132] - INFO: 用例执行通过
2019-09-10 20:36:27,754 - [test_login.py-->line:132] - INFO: 用例执行通过
2019-09-10 20:36:28,070 - [test_login.py-->line:132] - INFO: 用例执行通过
2019-09-10 20:36:28,340 - [test_login.py-->line:132] - INFO: 用例执行通过
2019-09-10 20:36:28,645 - [test_login.py-->line:132] - INFO: 用例执行通过
2019-09-10 20:36:29,000 - [test_login.py-->line:132] - INFO: 用例执行通过
2019-09-10 20:36:29,346 - [test_login.py-->line:132] - INFO: 用例执行通过
2019-09-10 20:36:29,568 - [test_recharge.py-->line:80] - INFO: 正常登陆:用例执行通过
2019-09-10 20:36:30,063 - [test_recharge.py-->line:80] - INFO: 正常充值:用例执行通过
2019-09-10 20:36:30,495 - [test_recharge.py-->line:80] - INFO: 正常充值：充值金额为小数:用例执行通过
2019-09-10 20:36:30,716 - [test_recharge.py-->line:80] - INFO: 充值手机号码不存在:用例执行通过
2019-09-10 20:36:30,907 - [test_recharge.py-->line:80] - INFO: 充值金额小数点大于两位:用例执行通过
2019-09-10 20:36:31,118 - [test_recharge.py-->line:80] - INFO: 充值额度为负数:用例执行通过
2019-09-10 20:36:31,323 - [test_recharge.py-->line:80] - INFO: 充值额度为空:用例执行通过
2019-09-10 20:36:31,511 - [test_recharge.py-->line:80] - INFO: 充值失败，充值额度大于50万:用例执行通过
2019-09-10 20:36:31,704 - [test_recharge.py-->line:80] - INFO: 充值失败，充值金额小数超过两位:用例执行通过
2019-09-10 20:36:31,916 - [test_recharge.py-->line:80] - INFO: 充值失败，充值金额输入的不是数字:用例执行通过
2019-09-10 20:36:32,175 - [test_recharge.py-->line:134] - INFO: 正常登陆:用例执行通过
2019-09-10 20:36:32,575 - [test_recharge.py-->line:134] - INFO: 取现成功:用例执行通过
2019-09-10 20:36:32,762 - [test_recharge.py-->line:134] - INFO: 取现失败，手机号为空:用例执行通过
2019-09-10 20:36:33,015 - [test_recharge.py-->line:134] - INFO: 取现失败，金额为空:用例执行通过
2019-09-10 20:36:33,242 - [test_recharge.py-->line:134] - INFO: 取现失败，金额不大于0:用例执行通过
2019-09-10 20:36:33,485 - [test_recharge.py-->line:134] - INFO: 取现失败，金额大于50万:用例执行通过
2019-09-10 20:36:33,672 - [test_recharge.py-->line:134] - INFO: 取现失败，金额小数超过两位:用例执行通过
2019-09-10 20:36:33,889 - [test_recharge.py-->line:134] - INFO: 取现失败，金额不是数字:用例执行通过
2019-09-10 20:36:33,902 - [run_test.py-->line:43] - INFO: ----------本次所有用例执行完毕---------------------
2019-09-10 21:02:51,743 - [run_test.py-->line:19] - INFO: -------------------开启测试运行程序--------------
2019-09-10 21:02:58,203 - [test_add.py-->line:63] - INFO: 管理员正常登录:用例执行通过
2019-09-10 21:02:58,610 - [test_add.py-->line:63] - INFO: 正常加标:用例执行通过
2019-09-10 21:02:58,812 - [test_add.py-->line:63] - INFO: 加标用户id不存在:用例执行通过
2019-09-10 21:02:58,987 - [test_add.py-->line:63] - INFO: 标title为空:用例执行通过
2019-09-10 21:02:59,181 - [test_add.py-->line:57] - INFO: 借款金额少于1000:用例执行未通过
2019-09-10 21:02:59,182 - [test_add.py-->line:58] - ERROR: '20106' != '10001'
- 20106
+ 10001
Traceback (most recent call last):
  File "C:\project\python21\class21_api_project\testcases\test_add.py", line 49, in test_add
    self.assertEqual(str(case.excepted_code), res_code)
  File "C:\python37\lib\unittest\case.py", line 839, in assertEqual
    assertion_func(first, second, msg=msg)
  File "C:\python37\lib\unittest\case.py", line 1220, in assertMultiLineEqual
    self.fail(self._formatMessage(msg, standardMsg))
  File "C:\python37\lib\unittest\case.py", line 680, in fail
    raise self.failureException(msg)
AssertionError: '20106' != '10001'
- 20106
+ 10001

2019-09-10 21:02:59,357 - [test_add.py-->line:63] - INFO: 借款不能被100整除:用例执行通过
2019-09-10 21:02:59,557 - [test_add.py-->line:63] - INFO: 借款利率等于0:用例执行通过
2019-09-10 21:02:59,727 - [test_add.py-->line:63] - INFO: 借款利率大于24:用例执行通过
2019-09-10 21:03:00,153 - [test_add.py-->line:63] - INFO: 借款利率等于24:用例执行通过
2019-09-10 21:03:00,548 - [test_add.py-->line:63] - INFO: 借款期限类型为0:用例执行通过
2019-09-10 21:03:00,909 - [test_add.py-->line:63] - INFO: 借款期限类型为2:用例执行通过
2019-09-10 21:03:01,285 - [test_add.py-->line:63] - INFO: 借款期限类型为4:用例执行通过
2019-09-10 21:03:01,536 - [test_add.py-->line:63] - INFO: 期限类型为(0，2，4)之外的数:用例执行通过
2019-09-10 21:03:01,634 - [test_login.py-->line:57] - INFO: 正在请求地址http://test.lemonban.com/futureloan/mvc/api/member/login
2019-09-10 21:03:01,898 - [test_login.py-->line:73] - DEBUG: 正常登录成功，该条用例执行通过
2019-09-10 21:03:01,972 - [test_login.py-->line:57] - INFO: 正在请求地址http://test.lemonban.com/futureloan/mvc/api/member/login
2019-09-10 21:03:02,203 - [test_login.py-->line:73] - DEBUG: 密码不正确，该条用例执行通过
2019-09-10 21:03:02,268 - [test_login.py-->line:57] - INFO: 正在请求地址http://test.lemonban.com/futureloan/mvc/api/member/login
2019-09-10 21:03:02,504 - [test_login.py-->line:73] - DEBUG: 账号未注册，该条用例执行通过
2019-09-10 21:03:02,593 - [test_login.py-->line:57] - INFO: 正在请求地址http://test.lemonban.com/futureloan/mvc/api/member/login
2019-09-10 21:03:02,791 - [test_login.py-->line:73] - DEBUG: 手机号为空，该条用例执行通过
2019-09-10 21:03:02,869 - [test_login.py-->line:57] - INFO: 正在请求地址http://test.lemonban.com/futureloan/mvc/api/member/login
2019-09-10 21:03:03,139 - [test_login.py-->line:73] - DEBUG: 手机号包含非数字，该条用例执行通过
2019-09-10 21:03:03,203 - [test_login.py-->line:57] - INFO: 正在请求地址http://test.lemonban.com/futureloan/mvc/api/member/login
2019-09-10 21:03:03,446 - [test_login.py-->line:73] - DEBUG: 手机号为非手机号码数字，该条用例执行通过
2019-09-10 21:03:03,534 - [test_login.py-->line:57] - INFO: 正在请求地址http://test.lemonban.com/futureloan/mvc/api/member/login
2019-09-10 21:03:03,757 - [test_login.py-->line:73] - DEBUG: 手机号长度不足11位，该条用例执行通过
2019-09-10 21:03:03,814 - [test_login.py-->line:57] - INFO: 正在请求地址http://test.lemonban.com/futureloan/mvc/api/member/login
2019-09-10 21:03:04,061 - [test_login.py-->line:73] - DEBUG: 手机号长度超过11位，该条用例执行通过
2019-09-10 21:03:04,446 - [test_login.py-->line:132] - INFO: 用例执行通过
2019-09-10 21:03:04,851 - [test_login.py-->line:132] - INFO: 用例执行通过
2019-09-10 21:03:05,200 - [test_login.py-->line:132] - INFO: 用例执行通过
2019-09-10 21:03:05,501 - [test_login.py-->line:132] - INFO: 用例执行通过
2019-09-10 21:03:05,760 - [test_login.py-->line:132] - INFO: 用例执行通过
2019-09-10 21:03:06,076 - [test_login.py-->line:132] - INFO: 用例执行通过
2019-09-10 21:03:06,340 - [test_login.py-->line:132] - INFO: 用例执行通过
2019-09-10 21:03:06,602 - [test_login.py-->line:132] - INFO: 用例执行通过
2019-09-10 21:03:06,859 - [test_login.py-->line:132] - INFO: 用例执行通过
2019-09-10 21:03:07,140 - [test_login.py-->line:132] - INFO: 用例执行通过
2019-09-10 21:03:07,405 - [test_login.py-->line:132] - INFO: 用例执行通过
2019-09-10 21:03:07,641 - [test_recharge.py-->line:80] - INFO: 正常登陆:用例执行通过
2019-09-10 21:03:08,076 - [test_recharge.py-->line:80] - INFO: 正常充值:用例执行通过
2019-09-10 21:03:08,549 - [test_recharge.py-->line:80] - INFO: 正常充值：充值金额为小数:用例执行通过
2019-09-10 21:03:08,729 - [test_recharge.py-->line:80] - INFO: 充值手机号码不存在:用例执行通过
2019-09-10 21:03:08,917 - [test_recharge.py-->line:80] - INFO: 充值金额小数点大于两位:用例执行通过
2019-09-10 21:03:09,098 - [test_recharge.py-->line:80] - INFO: 充值额度为负数:用例执行通过
2019-09-10 21:03:09,310 - [test_recharge.py-->line:80] - INFO: 充值额度为空:用例执行通过
2019-09-10 21:03:09,502 - [test_recharge.py-->line:80] - INFO: 充值失败，充值额度大于50万:用例执行通过
2019-09-10 21:03:09,717 - [test_recharge.py-->line:80] - INFO: 充值失败，充值金额小数超过两位:用例执行通过
2019-09-10 21:03:09,918 - [test_recharge.py-->line:80] - INFO: 充值失败，充值金额输入的不是数字:用例执行通过
2019-09-10 21:03:10,222 - [test_recharge.py-->line:134] - INFO: 正常登陆:用例执行通过
2019-09-10 21:03:10,754 - [test_recharge.py-->line:134] - INFO: 取现成功:用例执行通过
2019-09-10 21:03:10,938 - [test_recharge.py-->line:134] - INFO: 取现失败，手机号为空:用例执行通过
2019-09-10 21:03:11,218 - [test_recharge.py-->line:134] - INFO: 取现失败，金额为空:用例执行通过
2019-09-10 21:03:11,463 - [test_recharge.py-->line:134] - INFO: 取现失败，金额不大于0:用例执行通过
2019-09-10 21:03:11,714 - [test_recharge.py-->line:134] - INFO: 取现失败，金额大于50万:用例执行通过
2019-09-10 21:03:11,882 - [test_recharge.py-->line:134] - INFO: 取现失败，金额小数超过两位:用例执行通过
2019-09-10 21:03:12,159 - [test_recharge.py-->line:134] - INFO: 取现失败，金额不是数字:用例执行通过
2019-09-10 21:03:12,175 - [run_test.py-->line:43] - INFO: ----------本次所有用例执行完毕---------------------
2019-09-10 21:04:22,613 - [run_test.py-->line:19] - INFO: -------------------开启测试运行程序--------------
2019-09-10 21:04:31,901 - [test_add.py-->line:63] - INFO: 管理员正常登录:用例执行通过
2019-09-10 21:04:32,353 - [test_add.py-->line:63] - INFO: 正常加标:用例执行通过
2019-09-10 21:04:32,571 - [test_add.py-->line:63] - INFO: 加标用户id不存在:用例执行通过
2019-09-10 21:04:32,758 - [test_add.py-->line:63] - INFO: 标title为空:用例执行通过
2019-09-10 21:04:32,985 - [test_add.py-->line:57] - INFO: 借款金额少于1000:用例执行未通过
2019-09-10 21:04:32,985 - [test_add.py-->line:58] - ERROR: '20106' != '10001'
- 20106
+ 10001
Traceback (most recent call last):
  File "C:\project\python21\class21_api_project\testcases\test_add.py", line 49, in test_add
    self.assertEqual(str(case.excepted_code), res_code)
  File "C:\python37\lib\unittest\case.py", line 839, in assertEqual
    assertion_func(first, second, msg=msg)
  File "C:\python37\lib\unittest\case.py", line 1220, in assertMultiLineEqual
    self.fail(self._formatMessage(msg, standardMsg))
  File "C:\python37\lib\unittest\case.py", line 680, in fail
    raise self.failureException(msg)
AssertionError: '20106' != '10001'
- 20106
+ 10001

2019-09-10 21:04:33,174 - [test_add.py-->line:63] - INFO: 借款不能被100整除:用例执行通过
2019-09-10 21:04:33,414 - [test_add.py-->line:63] - INFO: 借款利率等于0:用例执行通过
2019-09-10 21:04:33,608 - [test_add.py-->line:63] - INFO: 借款利率大于24:用例执行通过
2019-09-10 21:04:34,041 - [test_add.py-->line:63] - INFO: 借款利率等于24:用例执行通过
2019-09-10 21:04:34,450 - [test_add.py-->line:63] - INFO: 借款期限类型为0:用例执行通过
2019-09-10 21:04:34,865 - [test_add.py-->line:63] - INFO: 借款期限类型为2:用例执行通过
2019-09-10 21:04:35,322 - [test_add.py-->line:63] - INFO: 借款期限类型为4:用例执行通过
2019-09-10 21:04:35,518 - [test_add.py-->line:63] - INFO: 期限类型为(0，2，4)之外的数:用例执行通过
2019-09-10 21:04:35,778 - [test_aduit.py-->line:63] - INFO: 正常登录:用例执行通过
2019-09-10 21:04:35,969 - [test_aduit.py-->line:63] - INFO: 加标:用例执行通过
2019-09-10 21:04:36,202 - [test_aduit.py-->line:63] - INFO: 审核项目为空:用例执行通过
2019-09-10 21:04:36,260 - [test_login.py-->line:57] - INFO: 正在请求地址http://test.lemonban.com/futureloan/mvc/api/member/login
2019-09-10 21:04:36,550 - [test_login.py-->line:73] - DEBUG: 正常登录成功，该条用例执行通过
2019-09-10 21:04:36,630 - [test_login.py-->line:57] - INFO: 正在请求地址http://test.lemonban.com/futureloan/mvc/api/member/login
2019-09-10 21:04:36,903 - [test_login.py-->line:73] - DEBUG: 密码不正确，该条用例执行通过
2019-09-10 21:04:36,973 - [test_login.py-->line:57] - INFO: 正在请求地址http://test.lemonban.com/futureloan/mvc/api/member/login
2019-09-10 21:04:37,244 - [test_login.py-->line:73] - DEBUG: 账号未注册，该条用例执行通过
2019-09-10 21:04:37,297 - [test_login.py-->line:57] - INFO: 正在请求地址http://test.lemonban.com/futureloan/mvc/api/member/login
2019-09-10 21:04:37,533 - [test_login.py-->line:73] - DEBUG: 手机号为空，该条用例执行通过
2019-09-10 21:04:37,603 - [test_login.py-->line:57] - INFO: 正在请求地址http://test.lemonban.com/futureloan/mvc/api/member/login
2019-09-10 21:04:37,905 - [test_login.py-->line:73] - DEBUG: 手机号包含非数字，该条用例执行通过
2019-09-10 21:04:37,954 - [test_login.py-->line:57] - INFO: 正在请求地址http://test.lemonban.com/futureloan/mvc/api/member/login
2019-09-10 21:04:38,228 - [test_login.py-->line:73] - DEBUG: 手机号为非手机号码数字，该条用例执行通过
2019-09-10 21:04:38,293 - [test_login.py-->line:57] - INFO: 正在请求地址http://test.lemonban.com/futureloan/mvc/api/member/login
2019-09-10 21:04:38,634 - [test_login.py-->line:73] - DEBUG: 手机号长度不足11位，该条用例执行通过
2019-09-10 21:04:38,686 - [test_login.py-->line:57] - INFO: 正在请求地址http://test.lemonban.com/futureloan/mvc/api/member/login
2019-09-10 21:04:38,937 - [test_login.py-->line:73] - DEBUG: 手机号长度超过11位，该条用例执行通过
2019-09-10 21:04:39,321 - [test_login.py-->line:132] - INFO: 用例执行通过
2019-09-10 21:04:39,755 - [test_login.py-->line:132] - INFO: 用例执行通过
2019-09-10 21:04:40,090 - [test_login.py-->line:132] - INFO: 用例执行通过
2019-09-10 21:04:40,389 - [test_login.py-->line:132] - INFO: 用例执行通过
2019-09-10 21:04:40,689 - [test_login.py-->line:132] - INFO: 用例执行通过
2019-09-10 21:04:40,942 - [test_login.py-->line:132] - INFO: 用例执行通过
2019-09-10 21:04:41,262 - [test_login.py-->line:132] - INFO: 用例执行通过
2019-09-10 21:04:41,541 - [test_login.py-->line:132] - INFO: 用例执行通过
2019-09-10 21:04:41,824 - [test_login.py-->line:132] - INFO: 用例执行通过
2019-09-10 21:04:42,097 - [test_login.py-->line:132] - INFO: 用例执行通过
2019-09-10 21:04:42,388 - [test_login.py-->line:132] - INFO: 用例执行通过
2019-09-10 21:04:42,617 - [test_recharge.py-->line:80] - INFO: 正常登陆:用例执行通过
2019-09-10 21:04:43,195 - [test_recharge.py-->line:80] - INFO: 正常充值:用例执行通过
2019-09-10 21:04:43,647 - [test_recharge.py-->line:80] - INFO: 正常充值：充值金额为小数:用例执行通过
2019-09-10 21:04:43,822 - [test_recharge.py-->line:80] - INFO: 充值手机号码不存在:用例执行通过
2019-09-10 21:04:44,012 - [test_recharge.py-->line:80] - INFO: 充值金额小数点大于两位:用例执行通过
2019-09-10 21:04:44,185 - [test_recharge.py-->line:80] - INFO: 充值额度为负数:用例执行通过
2019-09-10 21:04:44,435 - [test_recharge.py-->line:80] - INFO: 充值额度为空:用例执行通过
2019-09-10 21:04:44,678 - [test_recharge.py-->line:80] - INFO: 充值失败，充值额度大于50万:用例执行通过
2019-09-10 21:04:44,885 - [test_recharge.py-->line:80] - INFO: 充值失败，充值金额小数超过两位:用例执行通过
2019-09-10 21:04:45,180 - [test_recharge.py-->line:80] - INFO: 充值失败，充值金额输入的不是数字:用例执行通过
2019-09-10 21:04:45,440 - [test_recharge.py-->line:134] - INFO: 正常登陆:用例执行通过
2019-09-10 21:04:45,923 - [test_recharge.py-->line:134] - INFO: 取现成功:用例执行通过
2019-09-10 21:04:46,122 - [test_recharge.py-->line:134] - INFO: 取现失败，手机号为空:用例执行通过
2019-09-10 21:04:46,313 - [test_recharge.py-->line:134] - INFO: 取现失败，金额为空:用例执行通过
2019-09-10 21:04:46,572 - [test_recharge.py-->line:134] - INFO: 取现失败，金额不大于0:用例执行通过
2019-09-10 21:04:46,814 - [test_recharge.py-->line:134] - INFO: 取现失败，金额大于50万:用例执行通过
2019-09-10 21:04:47,042 - [test_recharge.py-->line:134] - INFO: 取现失败，金额小数超过两位:用例执行通过
2019-09-10 21:04:47,241 - [test_recharge.py-->line:134] - INFO: 取现失败，金额不是数字:用例执行通过
2019-09-10 21:04:47,264 - [run_test.py-->line:43] - INFO: ----------本次所有用例执行完毕---------------------
2019-09-10 21:17:12,660 - [run_test.py-->line:19] - INFO: -------------------开启测试运行程序--------------
2019-09-10 21:17:20,090 - [run_test.py-->line:19] - INFO: -------------------开启测试运行程序--------------
2019-09-10 21:17:22,998 - [test_add.py-->line:63] - INFO: 管理员正常登录:用例执行通过
2019-09-10 21:17:23,412 - [test_add.py-->line:63] - INFO: 正常加标:用例执行通过
2019-09-10 21:17:23,633 - [test_add.py-->line:63] - INFO: 加标用户id不存在:用例执行通过
2019-09-10 21:17:23,811 - [test_add.py-->line:63] - INFO: 标title为空:用例执行通过
2019-09-10 21:17:24,027 - [test_add.py-->line:57] - INFO: 借款金额少于1000:用例执行未通过
2019-09-10 21:17:24,028 - [test_add.py-->line:58] - ERROR: '20106' != '10001'
- 20106
+ 10001
Traceback (most recent call last):
  File "C:\project\python21\class21_api_project\testcases\test_add.py", line 49, in test_add
    self.assertEqual(str(case.excepted_code), res_code)
  File "C:\python37\lib\unittest\case.py", line 839, in assertEqual
    assertion_func(first, second, msg=msg)
  File "C:\python37\lib\unittest\case.py", line 1220, in assertMultiLineEqual
    self.fail(self._formatMessage(msg, standardMsg))
  File "C:\python37\lib\unittest\case.py", line 680, in fail
    raise self.failureException(msg)
AssertionError: '20106' != '10001'
- 20106
+ 10001

2019-09-10 21:17:24,268 - [test_add.py-->line:63] - INFO: 借款不能被100整除:用例执行通过
2019-09-10 21:17:24,475 - [test_add.py-->line:63] - INFO: 借款利率等于0:用例执行通过
2019-09-10 21:17:24,666 - [test_add.py-->line:63] - INFO: 借款利率大于24:用例执行通过
2019-09-10 21:17:25,347 - [test_add.py-->line:63] - INFO: 借款利率等于24:用例执行通过
2019-09-10 21:17:25,759 - [test_add.py-->line:63] - INFO: 借款期限类型为0:用例执行通过
2019-09-10 21:17:26,169 - [test_add.py-->line:63] - INFO: 借款期限类型为2:用例执行通过
2019-09-10 21:17:26,569 - [test_add.py-->line:63] - INFO: 借款期限类型为4:用例执行通过
2019-09-10 21:17:26,779 - [test_add.py-->line:63] - INFO: 期限类型为(0，2，4)之外的数:用例执行通过
2019-09-10 21:17:27,027 - [test_aduit.py-->line:74] - INFO: 正常登录:用例执行通过
2019-09-10 21:17:27,303 - [test_aduit.py-->line:74] - INFO: 加标:用例执行通过
2019-09-10 21:17:27,478 - [test_aduit.py-->line:74] - INFO: 审核项目为空:用例执行通过
2019-09-10 21:17:27,543 - [test_login.py-->line:57] - INFO: 正在请求地址http://test.lemonban.com/futureloan/mvc/api/member/login
2019-09-10 21:17:27,837 - [test_login.py-->line:73] - DEBUG: 正常登录成功，该条用例执行通过
2019-09-10 21:17:27,902 - [test_login.py-->line:57] - INFO: 正在请求地址http://test.lemonban.com/futureloan/mvc/api/member/login
2019-09-10 21:17:28,166 - [test_login.py-->line:73] - DEBUG: 密码不正确，该条用例执行通过
2019-09-10 21:17:28,222 - [test_login.py-->line:57] - INFO: 正在请求地址http://test.lemonban.com/futureloan/mvc/api/member/login
2019-09-10 21:17:28,466 - [test_login.py-->line:73] - DEBUG: 账号未注册，该条用例执行通过
2019-09-10 21:17:28,537 - [test_login.py-->line:57] - INFO: 正在请求地址http://test.lemonban.com/futureloan/mvc/api/member/login
2019-09-10 21:17:28,757 - [test_login.py-->line:73] - DEBUG: 手机号为空，该条用例执行通过
2019-09-10 21:17:28,811 - [test_login.py-->line:57] - INFO: 正在请求地址http://test.lemonban.com/futureloan/mvc/api/member/login
2019-09-10 21:17:29,058 - [test_login.py-->line:73] - DEBUG: 手机号包含非数字，该条用例执行通过
2019-09-10 21:17:29,126 - [test_login.py-->line:57] - INFO: 正在请求地址http://test.lemonban.com/futureloan/mvc/api/member/login
2019-09-10 21:17:29,383 - [test_login.py-->line:73] - DEBUG: 手机号为非手机号码数字，该条用例执行通过
2019-09-10 21:17:29,440 - [test_login.py-->line:57] - INFO: 正在请求地址http://test.lemonban.com/futureloan/mvc/api/member/login
2019-09-10 21:17:29,743 - [test_login.py-->line:73] - DEBUG: 手机号长度不足11位，该条用例执行通过
2019-09-10 21:17:29,796 - [test_login.py-->line:57] - INFO: 正在请求地址http://test.lemonban.com/futureloan/mvc/api/member/login
2019-09-10 21:17:30,044 - [test_login.py-->line:73] - DEBUG: 手机号长度超过11位，该条用例执行通过
2019-09-10 21:17:30,417 - [test_login.py-->line:132] - INFO: 用例执行通过
2019-09-10 21:17:30,881 - [test_login.py-->line:132] - INFO: 用例执行通过
2019-09-10 21:17:31,221 - [test_login.py-->line:132] - INFO: 用例执行通过
2019-09-10 21:17:31,480 - [test_login.py-->line:132] - INFO: 用例执行通过
2019-09-10 21:17:31,762 - [test_login.py-->line:132] - INFO: 用例执行通过
2019-09-10 21:17:32,067 - [test_login.py-->line:132] - INFO: 用例执行通过
2019-09-10 21:17:32,340 - [test_login.py-->line:132] - INFO: 用例执行通过
2019-09-10 21:17:32,625 - [test_login.py-->line:132] - INFO: 用例执行通过
2019-09-10 21:17:32,922 - [test_login.py-->line:132] - INFO: 用例执行通过
2019-09-10 21:17:33,201 - [test_login.py-->line:132] - INFO: 用例执行通过
2019-09-10 21:17:33,472 - [test_login.py-->line:132] - INFO: 用例执行通过
2019-09-10 21:17:33,730 - [test_recharge.py-->line:80] - INFO: 正常登陆:用例执行通过
2019-09-10 21:17:34,187 - [test_recharge.py-->line:80] - INFO: 正常充值:用例执行通过
2019-09-10 21:17:34,610 - [test_recharge.py-->line:80] - INFO: 正常充值：充值金额为小数:用例执行通过
2019-09-10 21:17:34,799 - [test_recharge.py-->line:80] - INFO: 充值手机号码不存在:用例执行通过
2019-09-10 21:17:35,029 - [test_recharge.py-->line:80] - INFO: 充值金额小数点大于两位:用例执行通过
2019-09-10 21:17:35,212 - [test_recharge.py-->line:80] - INFO: 充值额度为负数:用例执行通过
2019-09-10 21:17:35,426 - [test_recharge.py-->line:80] - INFO: 充值额度为空:用例执行通过
2019-09-10 21:17:35,606 - [test_recharge.py-->line:80] - INFO: 充值失败，充值额度大于50万:用例执行通过
2019-09-10 21:17:35,857 - [test_recharge.py-->line:80] - INFO: 充值失败，充值金额小数超过两位:用例执行通过
2019-09-10 21:17:36,148 - [test_recharge.py-->line:80] - INFO: 充值失败，充值金额输入的不是数字:用例执行通过
2019-09-10 21:17:36,402 - [test_recharge.py-->line:134] - INFO: 正常登陆:用例执行通过
2019-09-10 21:17:36,885 - [test_recharge.py-->line:134] - INFO: 取现成功:用例执行通过
2019-09-10 21:17:37,083 - [test_recharge.py-->line:134] - INFO: 取现失败，手机号为空:用例执行通过
2019-09-10 21:17:37,282 - [test_recharge.py-->line:134] - INFO: 取现失败，金额为空:用例执行通过
2019-09-10 21:17:37,522 - [test_recharge.py-->line:134] - INFO: 取现失败，金额不大于0:用例执行通过
2019-09-10 21:17:37,752 - [test_recharge.py-->line:134] - INFO: 取现失败，金额大于50万:用例执行通过
2019-09-10 21:17:37,926 - [test_recharge.py-->line:134] - INFO: 取现失败，金额小数超过两位:用例执行通过
2019-09-10 21:17:38,117 - [test_recharge.py-->line:134] - INFO: 取现失败，金额不是数字:用例执行通过
2019-09-10 21:17:38,133 - [run_test.py-->line:43] - INFO: ----------本次所有用例执行完毕---------------------
2019-09-10 21:25:48,057 - [run_test.py-->line:19] - INFO: -------------------开启测试运行程序--------------
2019-09-10 21:25:58,346 - [test_add.py-->line:63] - INFO: 管理员正常登录:用例执行通过
2019-09-10 21:25:58,881 - [test_add.py-->line:63] - INFO: 正常加标:用例执行通过
2019-09-10 21:25:59,116 - [test_add.py-->line:63] - INFO: 加标用户id不存在:用例执行通过
2019-09-10 21:25:59,299 - [test_add.py-->line:63] - INFO: 标title为空:用例执行通过
2019-09-10 21:25:59,530 - [test_add.py-->line:57] - INFO: 借款金额少于1000:用例执行未通过
2019-09-10 21:25:59,530 - [test_add.py-->line:58] - ERROR: '20106' != '10001'
- 20106
+ 10001
Traceback (most recent call last):
  File "C:\project\python21\class21_api_project\testcases\test_add.py", line 49, in test_add
    self.assertEqual(str(case.excepted_code), res_code)
  File "C:\python37\lib\unittest\case.py", line 839, in assertEqual
    assertion_func(first, second, msg=msg)
  File "C:\python37\lib\unittest\case.py", line 1220, in assertMultiLineEqual
    self.fail(self._formatMessage(msg, standardMsg))
  File "C:\python37\lib\unittest\case.py", line 680, in fail
    raise self.failureException(msg)
AssertionError: '20106' != '10001'
- 20106
+ 10001

2019-09-10 21:25:59,700 - [test_add.py-->line:63] - INFO: 借款不能被100整除:用例执行通过
2019-09-10 21:25:59,927 - [test_add.py-->line:63] - INFO: 借款利率等于0:用例执行通过
2019-09-10 21:26:00,109 - [test_add.py-->line:63] - INFO: 借款利率大于24:用例执行通过
2019-09-10 21:26:00,498 - [test_add.py-->line:63] - INFO: 借款利率等于24:用例执行通过
2019-09-10 21:26:00,941 - [test_add.py-->line:63] - INFO: 借款期限类型为0:用例执行通过
2019-09-10 21:26:01,321 - [test_add.py-->line:63] - INFO: 借款期限类型为2:用例执行通过
2019-09-10 21:26:01,739 - [test_add.py-->line:63] - INFO: 借款期限类型为4:用例执行通过
2019-09-10 21:26:01,917 - [test_add.py-->line:63] - INFO: 期限类型为(0，2，4)之外的数:用例执行通过
2019-09-10 21:26:02,168 - [test_aduit.py-->line:74] - INFO: 正常登录:用例执行通过
2019-09-10 21:26:02,473 - [test_aduit.py-->line:74] - INFO: 加标:用例执行通过
2019-09-10 21:26:02,668 - [test_aduit.py-->line:74] - INFO: 审核项目为空:用例执行通过
2019-09-10 21:26:02,726 - [test_login.py-->line:57] - INFO: 正在请求地址http://test.lemonban.com/futureloan/mvc/api/member/login
2019-09-10 21:26:02,981 - [test_login.py-->line:73] - DEBUG: 正常登录成功，该条用例执行通过
2019-09-10 21:26:03,046 - [test_login.py-->line:57] - INFO: 正在请求地址http://test.lemonban.com/futureloan/mvc/api/member/login
2019-09-10 21:26:03,317 - [test_login.py-->line:73] - DEBUG: 密码不正确，该条用例执行通过
2019-09-10 21:26:03,406 - [test_login.py-->line:57] - INFO: 正在请求地址http://test.lemonban.com/futureloan/mvc/api/member/login
2019-09-10 21:26:03,771 - [test_login.py-->line:73] - DEBUG: 账号未注册，该条用例执行通过
2019-09-10 21:26:03,857 - [test_login.py-->line:57] - INFO: 正在请求地址http://test.lemonban.com/futureloan/mvc/api/member/login
2019-09-10 21:26:04,100 - [test_login.py-->line:73] - DEBUG: 手机号为空，该条用例执行通过
2019-09-10 21:26:04,161 - [test_login.py-->line:57] - INFO: 正在请求地址http://test.lemonban.com/futureloan/mvc/api/member/login
2019-09-10 21:26:04,387 - [test_login.py-->line:73] - DEBUG: 手机号包含非数字，该条用例执行通过
2019-09-10 21:26:04,437 - [test_login.py-->line:57] - INFO: 正在请求地址http://test.lemonban.com/futureloan/mvc/api/member/login
2019-09-10 21:26:04,667 - [test_login.py-->line:73] - DEBUG: 手机号为非手机号码数字，该条用例执行通过
2019-09-10 21:26:04,727 - [test_login.py-->line:57] - INFO: 正在请求地址http://test.lemonban.com/futureloan/mvc/api/member/login
2019-09-10 21:26:04,987 - [test_login.py-->line:73] - DEBUG: 手机号长度不足11位，该条用例执行通过
2019-09-10 21:26:05,085 - [test_login.py-->line:57] - INFO: 正在请求地址http://test.lemonban.com/futureloan/mvc/api/member/login
2019-09-10 21:26:05,495 - [test_login.py-->line:73] - DEBUG: 手机号长度超过11位，该条用例执行通过
2019-09-10 21:26:05,885 - [test_login.py-->line:132] - INFO: 用例执行通过
2019-09-10 21:26:06,264 - [test_login.py-->line:132] - INFO: 用例执行通过
2019-09-10 21:26:06,634 - [test_login.py-->line:132] - INFO: 用例执行通过
2019-09-10 21:26:06,959 - [test_login.py-->line:132] - INFO: 用例执行通过
2019-09-10 21:26:07,250 - [test_login.py-->line:132] - INFO: 用例执行通过
2019-09-10 21:26:07,588 - [test_login.py-->line:132] - INFO: 用例执行通过
2019-09-10 21:26:07,878 - [test_login.py-->line:132] - INFO: 用例执行通过
2019-09-10 21:26:08,196 - [test_login.py-->line:132] - INFO: 用例执行通过
2019-09-10 21:26:08,465 - [test_login.py-->line:132] - INFO: 用例执行通过
2019-09-10 21:26:08,731 - [test_login.py-->line:132] - INFO: 用例执行通过
2019-09-10 21:26:08,997 - [test_login.py-->line:132] - INFO: 用例执行通过
2019-09-10 21:26:09,234 - [test_recharge.py-->line:80] - INFO: 正常登陆:用例执行通过
2019-09-10 21:26:09,648 - [test_recharge.py-->line:80] - INFO: 正常充值:用例执行通过
2019-09-10 21:26:10,223 - [test_recharge.py-->line:80] - INFO: 正常充值：充值金额为小数:用例执行通过
2019-09-10 21:26:10,397 - [test_recharge.py-->line:80] - INFO: 充值手机号码不存在:用例执行通过
2019-09-10 21:26:10,609 - [test_recharge.py-->line:80] - INFO: 充值金额小数点大于两位:用例执行通过
2019-09-10 21:26:10,786 - [test_recharge.py-->line:80] - INFO: 充值额度为负数:用例执行通过
2019-09-10 21:26:11,004 - [test_recharge.py-->line:80] - INFO: 充值额度为空:用例执行通过
2019-09-10 21:26:11,183 - [test_recharge.py-->line:80] - INFO: 充值失败，充值额度大于50万:用例执行通过
2019-09-10 21:26:11,422 - [test_recharge.py-->line:80] - INFO: 充值失败，充值金额小数超过两位:用例执行通过
2019-09-10 21:26:11,620 - [test_recharge.py-->line:80] - INFO: 充值失败，充值金额输入的不是数字:用例执行通过
2019-09-10 21:26:11,929 - [test_recharge.py-->line:134] - INFO: 正常登陆:用例执行通过
2019-09-10 21:26:12,373 - [test_recharge.py-->line:134] - INFO: 取现成功:用例执行通过
2019-09-10 21:26:12,569 - [test_recharge.py-->line:134] - INFO: 取现失败，手机号为空:用例执行通过
2019-09-10 21:26:12,777 - [test_recharge.py-->line:134] - INFO: 取现失败，金额为空:用例执行通过
2019-09-10 21:26:13,003 - [test_recharge.py-->line:134] - INFO: 取现失败，金额不大于0:用例执行通过
2019-09-10 21:26:13,246 - [test_recharge.py-->line:134] - INFO: 取现失败，金额大于50万:用例执行通过
2019-09-10 21:26:13,429 - [test_recharge.py-->line:134] - INFO: 取现失败，金额小数超过两位:用例执行通过
2019-09-10 21:26:13,659 - [test_recharge.py-->line:134] - INFO: 取现失败，金额不是数字:用例执行通过
2019-09-10 21:26:13,675 - [run_test.py-->line:43] - INFO: ----------本次所有用例执行完毕---------------------
2019-09-10 21:28:06,963 - [run_test.py-->line:19] - INFO: -------------------开启测试运行程序--------------
2019-09-10 21:28:12,315 - [test_add.py-->line:63] - INFO: 管理员正常登录:用例执行通过
2019-09-10 21:28:12,750 - [test_add.py-->line:63] - INFO: 正常加标:用例执行通过
2019-09-10 21:28:12,974 - [test_add.py-->line:63] - INFO: 加标用户id不存在:用例执行通过
2019-09-10 21:28:13,143 - [test_add.py-->line:63] - INFO: 标title为空:用例执行通过
2019-09-10 21:28:13,393 - [test_add.py-->line:57] - INFO: 借款金额少于1000:用例执行未通过
2019-09-10 21:28:13,393 - [test_add.py-->line:58] - ERROR: '20106' != '10001'
- 20106
+ 10001
Traceback (most recent call last):
  File "C:\project\python21\class21_api_project\testcases\test_add.py", line 49, in test_add
    self.assertEqual(str(case.excepted_code), res_code)
  File "C:\python37\lib\unittest\case.py", line 839, in assertEqual
    assertion_func(first, second, msg=msg)
  File "C:\python37\lib\unittest\case.py", line 1220, in assertMultiLineEqual
    self.fail(self._formatMessage(msg, standardMsg))
  File "C:\python37\lib\unittest\case.py", line 680, in fail
    raise self.failureException(msg)
AssertionError: '20106' != '10001'
- 20106
+ 10001

2019-09-10 21:28:13,663 - [test_add.py-->line:63] - INFO: 借款不能被100整除:用例执行通过
2019-09-10 21:28:13,912 - [test_add.py-->line:63] - INFO: 借款利率等于0:用例执行通过
2019-09-10 21:28:14,308 - [test_add.py-->line:63] - INFO: 借款利率大于24:用例执行通过
2019-09-10 21:28:14,842 - [test_add.py-->line:63] - INFO: 借款利率等于24:用例执行通过
2019-09-10 21:28:15,241 - [test_add.py-->line:63] - INFO: 借款期限类型为0:用例执行通过
2019-09-10 21:28:15,626 - [test_add.py-->line:63] - INFO: 借款期限类型为2:用例执行通过
2019-09-10 21:28:16,110 - [test_add.py-->line:63] - INFO: 借款期限类型为4:用例执行通过
2019-09-10 21:28:16,367 - [test_add.py-->line:63] - INFO: 期限类型为(0，2，4)之外的数:用例执行通过
2019-09-10 21:28:16,639 - [test_aduit.py-->line:74] - INFO: 正常登录:用例执行通过
2019-09-10 21:28:16,936 - [test_aduit.py-->line:74] - INFO: 加标:用例执行通过
2019-09-10 21:28:17,216 - [test_aduit.py-->line:74] - INFO: 审核项目状态不变:用例执行通过
2019-09-10 21:28:17,440 - [test_aduit.py-->line:74] - INFO: 审核状态参数为空:用例执行通过
2019-09-10 21:28:17,658 - [test_aduit.py-->line:74] - INFO: 审核项目为空:用例执行通过
2019-09-10 21:28:17,863 - [test_aduit.py-->line:74] - INFO: 审核状态少于1:用例执行通过
2019-09-10 21:28:18,069 - [test_aduit.py-->line:74] - INFO: 审核状态大于11:用例执行通过
2019-09-10 21:28:18,144 - [test_login.py-->line:57] - INFO: 正在请求地址http://test.lemonban.com/futureloan/mvc/api/member/login
2019-09-10 21:28:18,375 - [test_login.py-->line:73] - DEBUG: 正常登录成功，该条用例执行通过
2019-09-10 21:28:18,433 - [test_login.py-->line:57] - INFO: 正在请求地址http://test.lemonban.com/futureloan/mvc/api/member/login
2019-09-10 21:28:18,662 - [test_login.py-->line:73] - DEBUG: 密码不正确，该条用例执行通过
2019-09-10 21:28:18,723 - [test_login.py-->line:57] - INFO: 正在请求地址http://test.lemonban.com/futureloan/mvc/api/member/login
2019-09-10 21:28:19,036 - [test_login.py-->line:73] - DEBUG: 账号未注册，该条用例执行通过
2019-09-10 21:28:19,101 - [test_login.py-->line:57] - INFO: 正在请求地址http://test.lemonban.com/futureloan/mvc/api/member/login
2019-09-10 21:28:19,305 - [test_login.py-->line:73] - DEBUG: 手机号为空，该条用例执行通过
2019-09-10 21:28:19,378 - [test_login.py-->line:57] - INFO: 正在请求地址http://test.lemonban.com/futureloan/mvc/api/member/login
2019-09-10 21:28:19,623 - [test_login.py-->line:73] - DEBUG: 手机号包含非数字，该条用例执行通过
2019-09-10 21:28:19,685 - [test_login.py-->line:57] - INFO: 正在请求地址http://test.lemonban.com/futureloan/mvc/api/member/login
2019-09-10 21:28:20,036 - [test_login.py-->line:73] - DEBUG: 手机号为非手机号码数字，该条用例执行通过
2019-09-10 21:28:20,097 - [test_login.py-->line:57] - INFO: 正在请求地址http://test.lemonban.com/futureloan/mvc/api/member/login
2019-09-10 21:28:20,393 - [test_login.py-->line:73] - DEBUG: 手机号长度不足11位，该条用例执行通过
2019-09-10 21:28:20,448 - [test_login.py-->line:57] - INFO: 正在请求地址http://test.lemonban.com/futureloan/mvc/api/member/login
2019-09-10 21:28:20,720 - [test_login.py-->line:73] - DEBUG: 手机号长度超过11位，该条用例执行通过
2019-09-10 21:28:21,131 - [test_login.py-->line:132] - INFO: 用例执行通过
2019-09-10 21:28:21,480 - [test_login.py-->line:132] - INFO: 用例执行通过
2019-09-10 21:28:21,756 - [test_login.py-->line:132] - INFO: 用例执行通过
2019-09-10 21:28:22,032 - [test_login.py-->line:132] - INFO: 用例执行通过
2019-09-10 21:28:22,292 - [test_login.py-->line:132] - INFO: 用例执行通过
2019-09-10 21:28:22,575 - [test_login.py-->line:132] - INFO: 用例执行通过
2019-09-10 21:28:22,833 - [test_login.py-->line:132] - INFO: 用例执行通过
2019-09-10 21:28:23,124 - [test_login.py-->line:132] - INFO: 用例执行通过
2019-09-10 21:28:23,405 - [test_login.py-->line:132] - INFO: 用例执行通过
2019-09-10 21:28:23,699 - [test_login.py-->line:132] - INFO: 用例执行通过
2019-09-10 21:28:24,013 - [test_login.py-->line:132] - INFO: 用例执行通过
2019-09-10 21:28:24,280 - [test_recharge.py-->line:80] - INFO: 正常登陆:用例执行通过
2019-09-10 21:28:24,742 - [test_recharge.py-->line:80] - INFO: 正常充值:用例执行通过
2019-09-10 21:28:25,134 - [test_recharge.py-->line:80] - INFO: 正常充值：充值金额为小数:用例执行通过
2019-09-10 21:28:25,320 - [test_recharge.py-->line:80] - INFO: 充值手机号码不存在:用例执行通过
2019-09-10 21:28:25,578 - [test_recharge.py-->line:80] - INFO: 充值金额小数点大于两位:用例执行通过
2019-09-10 21:28:25,894 - [test_recharge.py-->line:80] - INFO: 充值额度为负数:用例执行通过
2019-09-10 21:28:26,159 - [test_recharge.py-->line:80] - INFO: 充值额度为空:用例执行通过
2019-09-10 21:28:26,351 - [test_recharge.py-->line:80] - INFO: 充值失败，充值额度大于50万:用例执行通过
2019-09-10 21:28:26,558 - [test_recharge.py-->line:80] - INFO: 充值失败，充值金额小数超过两位:用例执行通过
2019-09-10 21:28:26,772 - [test_recharge.py-->line:80] - INFO: 充值失败，充值金额输入的不是数字:用例执行通过
2019-09-10 21:28:27,012 - [test_recharge.py-->line:134] - INFO: 正常登陆:用例执行通过
2019-09-10 21:28:27,434 - [test_recharge.py-->line:134] - INFO: 取现成功:用例执行通过
2019-09-10 21:28:27,614 - [test_recharge.py-->line:134] - INFO: 取现失败，手机号为空:用例执行通过
2019-09-10 21:28:27,820 - [test_recharge.py-->line:134] - INFO: 取现失败，金额为空:用例执行通过
2019-09-10 21:28:28,038 - [test_recharge.py-->line:134] - INFO: 取现失败，金额不大于0:用例执行通过
2019-09-10 21:28:28,285 - [test_recharge.py-->line:134] - INFO: 取现失败，金额大于50万:用例执行通过
2019-09-10 21:28:28,457 - [test_recharge.py-->line:134] - INFO: 取现失败，金额小数超过两位:用例执行通过
2019-09-10 21:28:28,662 - [test_recharge.py-->line:134] - INFO: 取现失败，金额不是数字:用例执行通过
2019-09-10 21:28:28,677 - [run_test.py-->line:43] - INFO: ----------本次所有用例执行完毕---------------------
2019-09-10 21:35:44,099 - [run_test.py-->line:19] - INFO: -------------------开启测试运行程序--------------
2019-09-10 21:35:57,381 - [test_add.py-->line:63] - INFO: 管理员正常登录:用例执行通过
2019-09-10 21:35:57,838 - [test_add.py-->line:63] - INFO: 正常加标:用例执行通过
2019-09-10 21:35:58,084 - [test_add.py-->line:63] - INFO: 加标用户id不存在:用例执行通过
2019-09-10 21:35:58,317 - [test_add.py-->line:63] - INFO: 标title为空:用例执行通过
2019-09-10 21:35:58,544 - [test_add.py-->line:57] - INFO: 借款金额少于1000:用例执行未通过
2019-09-10 21:35:58,545 - [test_add.py-->line:58] - ERROR: '20106' != '10001'
- 20106
+ 10001
Traceback (most recent call last):
  File "C:\project\python21\class21_api_project\testcases\test_add.py", line 49, in test_add
    self.assertEqual(str(case.excepted_code), res_code)
  File "C:\python37\lib\unittest\case.py", line 839, in assertEqual
    assertion_func(first, second, msg=msg)
  File "C:\python37\lib\unittest\case.py", line 1220, in assertMultiLineEqual
    self.fail(self._formatMessage(msg, standardMsg))
  File "C:\python37\lib\unittest\case.py", line 680, in fail
    raise self.failureException(msg)
AssertionError: '20106' != '10001'
- 20106
+ 10001

2019-09-10 21:35:58,784 - [test_add.py-->line:63] - INFO: 借款不能被100整除:用例执行通过
2019-09-10 21:35:58,982 - [test_add.py-->line:63] - INFO: 借款利率等于0:用例执行通过
2019-09-10 21:35:59,177 - [test_add.py-->line:63] - INFO: 借款利率大于24:用例执行通过
2019-09-10 21:35:59,631 - [test_add.py-->line:63] - INFO: 借款利率等于24:用例执行通过
2019-09-10 21:36:00,055 - [test_add.py-->line:63] - INFO: 借款期限类型为0:用例执行通过
2019-09-10 21:36:00,547 - [test_add.py-->line:63] - INFO: 借款期限类型为2:用例执行通过
2019-09-10 21:36:01,012 - [test_add.py-->line:63] - INFO: 借款期限类型为4:用例执行通过
2019-09-10 21:36:01,219 - [test_add.py-->line:63] - INFO: 期限类型为(0，2，4)之外的数:用例执行通过
2019-09-10 21:36:01,453 - [test_aduit.py-->line:79] - INFO: 正常登录:用例执行通过
2019-09-10 21:36:01,742 - [test_aduit.py-->line:79] - INFO: 加标:用例执行通过
2019-09-10 21:36:02,027 - [test_aduit.py-->line:79] - INFO: 审核项目状态不变:用例执行通过
2019-09-10 21:36:02,223 - [test_aduit.py-->line:79] - INFO: 审核状态参数为空:用例执行通过
2019-09-10 21:36:02,444 - [test_aduit.py-->line:79] - INFO: 审核项目为空:用例执行通过
2019-09-10 21:36:02,666 - [test_aduit.py-->line:79] - INFO: 审核项目不存在:用例执行通过
2019-09-10 21:36:02,877 - [test_aduit.py-->line:79] - INFO: 审核状态少于1:用例执行通过
2019-09-10 21:36:03,063 - [test_aduit.py-->line:79] - INFO: 审核状态大于11:用例执行通过
2019-09-10 21:36:03,177 - [test_login.py-->line:57] - INFO: 正在请求地址http://test.lemonban.com/futureloan/mvc/api/member/login
2019-09-10 21:36:03,401 - [test_login.py-->line:73] - DEBUG: 正常登录成功，该条用例执行通过
2019-09-10 21:36:03,474 - [test_login.py-->line:57] - INFO: 正在请求地址http://test.lemonban.com/futureloan/mvc/api/member/login
2019-09-10 21:36:03,730 - [test_login.py-->line:73] - DEBUG: 密码不正确，该条用例执行通过
2019-09-10 21:36:03,799 - [test_login.py-->line:57] - INFO: 正在请求地址http://test.lemonban.com/futureloan/mvc/api/member/login
2019-09-10 21:36:04,146 - [test_login.py-->line:73] - DEBUG: 账号未注册，该条用例执行通过
2019-09-10 21:36:04,243 - [test_login.py-->line:57] - INFO: 正在请求地址http://test.lemonban.com/futureloan/mvc/api/member/login
2019-09-10 21:36:04,463 - [test_login.py-->line:73] - DEBUG: 手机号为空，该条用例执行通过
2019-09-10 21:36:04,529 - [test_login.py-->line:57] - INFO: 正在请求地址http://test.lemonban.com/futureloan/mvc/api/member/login
2019-09-10 21:36:04,779 - [test_login.py-->line:73] - DEBUG: 手机号包含非数字，该条用例执行通过
2019-09-10 21:36:04,867 - [test_login.py-->line:57] - INFO: 正在请求地址http://test.lemonban.com/futureloan/mvc/api/member/login
2019-09-10 21:36:05,147 - [test_login.py-->line:73] - DEBUG: 手机号为非手机号码数字，该条用例执行通过
2019-09-10 21:36:05,231 - [test_login.py-->line:57] - INFO: 正在请求地址http://test.lemonban.com/futureloan/mvc/api/member/login
2019-09-10 21:36:05,477 - [test_login.py-->line:73] - DEBUG: 手机号长度不足11位，该条用例执行通过
2019-09-10 21:36:05,556 - [test_login.py-->line:57] - INFO: 正在请求地址http://test.lemonban.com/futureloan/mvc/api/member/login
2019-09-10 21:36:05,817 - [test_login.py-->line:73] - DEBUG: 手机号长度超过11位，该条用例执行通过
2019-09-10 21:36:06,227 - [test_login.py-->line:132] - INFO: 用例执行通过
2019-09-10 21:36:06,662 - [test_login.py-->line:132] - INFO: 用例执行通过
2019-09-10 21:36:06,971 - [test_login.py-->line:132] - INFO: 用例执行通过
2019-09-10 21:36:07,299 - [test_login.py-->line:132] - INFO: 用例执行通过
2019-09-10 21:36:07,633 - [test_login.py-->line:132] - INFO: 用例执行通过
2019-09-10 21:36:07,937 - [test_login.py-->line:132] - INFO: 用例执行通过
2019-09-10 21:36:08,209 - [test_login.py-->line:132] - INFO: 用例执行通过
2019-09-10 21:36:08,491 - [test_login.py-->line:132] - INFO: 用例执行通过
2019-09-10 21:36:08,782 - [test_login.py-->line:132] - INFO: 用例执行通过
2019-09-10 21:36:09,073 - [test_login.py-->line:132] - INFO: 用例执行通过
2019-09-10 21:36:09,363 - [test_login.py-->line:132] - INFO: 用例执行通过
2019-09-10 21:36:09,633 - [test_recharge.py-->line:80] - INFO: 正常登陆:用例执行通过
2019-09-10 21:36:10,106 - [test_recharge.py-->line:80] - INFO: 正常充值:用例执行通过
2019-09-10 21:36:10,621 - [test_recharge.py-->line:80] - INFO: 正常充值：充值金额为小数:用例执行通过
2019-09-10 21:36:10,832 - [test_recharge.py-->line:80] - INFO: 充值手机号码不存在:用例执行通过
2019-09-10 21:36:11,059 - [test_recharge.py-->line:80] - INFO: 充值金额小数点大于两位:用例执行通过
2019-09-10 21:36:11,348 - [test_recharge.py-->line:80] - INFO: 充值额度为负数:用例执行通过
2019-09-10 21:36:11,660 - [test_recharge.py-->line:80] - INFO: 充值额度为空:用例执行通过
2019-09-10 21:36:11,895 - [test_recharge.py-->line:80] - INFO: 充值失败，充值额度大于50万:用例执行通过
2019-09-10 21:36:12,138 - [test_recharge.py-->line:80] - INFO: 充值失败，充值金额小数超过两位:用例执行通过
2019-09-10 21:36:12,411 - [test_recharge.py-->line:80] - INFO: 充值失败，充值金额输入的不是数字:用例执行通过
2019-09-10 21:36:12,744 - [test_recharge.py-->line:134] - INFO: 正常登陆:用例执行通过
2019-09-10 21:36:13,197 - [test_recharge.py-->line:134] - INFO: 取现成功:用例执行通过
2019-09-10 21:36:13,382 - [test_recharge.py-->line:134] - INFO: 取现失败，手机号为空:用例执行通过
2019-09-10 21:36:13,590 - [test_recharge.py-->line:134] - INFO: 取现失败，金额为空:用例执行通过
2019-09-10 21:36:13,798 - [test_recharge.py-->line:134] - INFO: 取现失败，金额不大于0:用例执行通过
2019-09-10 21:36:14,016 - [test_recharge.py-->line:134] - INFO: 取现失败，金额大于50万:用例执行通过
2019-09-10 21:36:14,249 - [test_recharge.py-->line:134] - INFO: 取现失败，金额小数超过两位:用例执行通过
2019-09-10 21:36:14,457 - [test_recharge.py-->line:134] - INFO: 取现失败，金额不是数字:用例执行通过
2019-09-10 21:36:14,484 - [run_test.py-->line:43] - INFO: ----------本次所有用例执行完毕---------------------
2019-09-10 21:37:48,436 - [run_test.py-->line:19] - INFO: -------------------开启测试运行程序--------------
2019-09-10 21:37:56,271 - [test_add.py-->line:63] - INFO: 管理员正常登录:用例执行通过
2019-09-10 21:37:56,698 - [test_add.py-->line:63] - INFO: 正常加标:用例执行通过
2019-09-10 21:37:56,918 - [test_add.py-->line:63] - INFO: 加标用户id不存在:用例执行通过
2019-09-10 21:37:57,105 - [test_add.py-->line:63] - INFO: 标title为空:用例执行通过
2019-09-10 21:37:57,303 - [test_add.py-->line:57] - INFO: 借款金额少于1000:用例执行未通过
2019-09-10 21:37:57,303 - [test_add.py-->line:58] - ERROR: '20106' != '10001'
- 20106
+ 10001
Traceback (most recent call last):
  File "C:\project\python21\class21_api_project\testcases\test_add.py", line 49, in test_add
    self.assertEqual(str(case.excepted_code), res_code)
  File "C:\python37\lib\unittest\case.py", line 839, in assertEqual
    assertion_func(first, second, msg=msg)
  File "C:\python37\lib\unittest\case.py", line 1220, in assertMultiLineEqual
    self.fail(self._formatMessage(msg, standardMsg))
  File "C:\python37\lib\unittest\case.py", line 680, in fail
    raise self.failureException(msg)
AssertionError: '20106' != '10001'
- 20106
+ 10001

2019-09-10 21:37:57,484 - [test_add.py-->line:63] - INFO: 借款不能被100整除:用例执行通过
2019-09-10 21:37:57,650 - [test_add.py-->line:63] - INFO: 借款利率等于0:用例执行通过
2019-09-10 21:37:57,824 - [test_add.py-->line:63] - INFO: 借款利率大于24:用例执行通过
2019-09-10 21:37:58,273 - [test_add.py-->line:63] - INFO: 借款利率等于24:用例执行通过
2019-09-10 21:37:58,704 - [test_add.py-->line:63] - INFO: 借款期限类型为0:用例执行通过
2019-09-10 21:37:59,172 - [test_add.py-->line:63] - INFO: 借款期限类型为2:用例执行通过
2019-09-10 21:37:59,634 - [test_add.py-->line:63] - INFO: 借款期限类型为4:用例执行通过
2019-09-10 21:37:59,846 - [test_add.py-->line:63] - INFO: 期限类型为(0，2，4)之外的数:用例执行通过
2019-09-10 21:38:00,088 - [test_aduit.py-->line:79] - INFO: 正常登录:用例执行通过
2019-09-10 21:38:00,370 - [test_aduit.py-->line:79] - INFO: 加标:用例执行通过
2019-09-10 21:38:00,742 - [test_aduit.py-->line:79] - INFO: 审核项目状态不变:用例执行通过
2019-09-10 21:38:00,983 - [test_aduit.py-->line:79] - INFO: 审核状态参数为空:用例执行通过
2019-09-10 21:38:01,213 - [test_aduit.py-->line:79] - INFO: 审核项目为空:用例执行通过
2019-09-10 21:38:01,425 - [test_aduit.py-->line:79] - INFO: 审核项目不存在:用例执行通过
2019-09-10 21:38:01,618 - [test_aduit.py-->line:79] - INFO: 审核状态少于1:用例执行通过
2019-09-10 21:38:01,796 - [test_aduit.py-->line:79] - INFO: 审核状态大于11:用例执行通过
2019-09-10 21:38:01,857 - [test_login.py-->line:57] - INFO: 正在请求地址http://test.lemonban.com/futureloan/mvc/api/member/login
2019-09-10 21:38:02,095 - [test_login.py-->line:73] - DEBUG: 正常登录成功，该条用例执行通过
2019-09-10 21:38:02,155 - [test_login.py-->line:57] - INFO: 正在请求地址http://test.lemonban.com/futureloan/mvc/api/member/login
2019-09-10 21:38:02,429 - [test_login.py-->line:73] - DEBUG: 密码不正确，该条用例执行通过
2019-09-10 21:38:02,498 - [test_login.py-->line:57] - INFO: 正在请求地址http://test.lemonban.com/futureloan/mvc/api/member/login
2019-09-10 21:38:02,922 - [test_login.py-->line:73] - DEBUG: 账号未注册，该条用例执行通过
2019-09-10 21:38:02,984 - [test_login.py-->line:57] - INFO: 正在请求地址http://test.lemonban.com/futureloan/mvc/api/member/login
2019-09-10 21:38:03,225 - [test_login.py-->line:73] - DEBUG: 手机号为空，该条用例执行通过
2019-09-10 21:38:03,317 - [test_login.py-->line:57] - INFO: 正在请求地址http://test.lemonban.com/futureloan/mvc/api/member/login
2019-09-10 21:38:03,590 - [test_login.py-->line:73] - DEBUG: 手机号包含非数字，该条用例执行通过
2019-09-10 21:38:03,640 - [test_login.py-->line:57] - INFO: 正在请求地址http://test.lemonban.com/futureloan/mvc/api/member/login
2019-09-10 21:38:03,883 - [test_login.py-->line:73] - DEBUG: 手机号为非手机号码数字，该条用例执行通过
2019-09-10 21:38:03,982 - [test_login.py-->line:57] - INFO: 正在请求地址http://test.lemonban.com/futureloan/mvc/api/member/login
2019-09-10 21:38:04,218 - [test_login.py-->line:73] - DEBUG: 手机号长度不足11位，该条用例执行通过
2019-09-10 21:38:04,274 - [test_login.py-->line:57] - INFO: 正在请求地址http://test.lemonban.com/futureloan/mvc/api/member/login
2019-09-10 21:38:04,504 - [test_login.py-->line:73] - DEBUG: 手机号长度超过11位，该条用例执行通过
2019-09-10 21:38:04,917 - [test_login.py-->line:132] - INFO: 用例执行通过
2019-09-10 21:38:05,322 - [test_login.py-->line:132] - INFO: 用例执行通过
2019-09-10 21:38:05,615 - [test_login.py-->line:132] - INFO: 用例执行通过
2019-09-10 21:38:05,896 - [test_login.py-->line:132] - INFO: 用例执行通过
2019-09-10 21:38:06,174 - [test_login.py-->line:132] - INFO: 用例执行通过
2019-09-10 21:38:06,433 - [test_login.py-->line:132] - INFO: 用例执行通过
2019-09-10 21:38:06,778 - [test_login.py-->line:132] - INFO: 用例执行通过
2019-09-10 21:38:07,102 - [test_login.py-->line:132] - INFO: 用例执行通过
2019-09-10 21:38:07,426 - [test_login.py-->line:132] - INFO: 用例执行通过
2019-09-10 21:38:07,704 - [test_login.py-->line:132] - INFO: 用例执行通过
2019-09-10 21:38:07,952 - [test_login.py-->line:132] - INFO: 用例执行通过
2019-09-10 21:38:08,190 - [test_recharge.py-->line:80] - INFO: 正常登陆:用例执行通过
2019-09-10 21:38:08,972 - [test_recharge.py-->line:80] - INFO: 正常充值:用例执行通过
2019-09-10 21:38:09,556 - [test_recharge.py-->line:80] - INFO: 正常充值：充值金额为小数:用例执行通过
2019-09-10 21:38:09,857 - [test_recharge.py-->line:80] - INFO: 充值手机号码不存在:用例执行通过
2019-09-10 21:38:10,485 - [test_recharge.py-->line:80] - INFO: 充值金额小数点大于两位:用例执行通过
2019-09-10 21:38:10,981 - [test_recharge.py-->line:80] - INFO: 充值额度为负数:用例执行通过
2019-09-10 21:38:11,218 - [test_recharge.py-->line:80] - INFO: 充值额度为空:用例执行通过
2019-09-10 21:38:11,531 - [test_recharge.py-->line:80] - INFO: 充值失败，充值额度大于50万:用例执行通过
2019-09-10 21:38:11,777 - [test_recharge.py-->line:80] - INFO: 充值失败，充值金额小数超过两位:用例执行通过
2019-09-10 21:38:12,020 - [test_recharge.py-->line:80] - INFO: 充值失败，充值金额输入的不是数字:用例执行通过
2019-09-10 21:38:12,335 - [test_recharge.py-->line:134] - INFO: 正常登陆:用例执行通过
2019-09-10 21:38:12,775 - [test_recharge.py-->line:134] - INFO: 取现成功:用例执行通过
2019-09-10 21:38:13,053 - [test_recharge.py-->line:134] - INFO: 取现失败，手机号为空:用例执行通过
2019-09-10 21:38:13,219 - [test_recharge.py-->line:134] - INFO: 取现失败，金额为空:用例执行通过
2019-09-10 21:38:13,542 - [test_recharge.py-->line:134] - INFO: 取现失败，金额不大于0:用例执行通过
2019-09-10 21:38:13,849 - [test_recharge.py-->line:134] - INFO: 取现失败，金额大于50万:用例执行通过
2019-09-10 21:38:14,054 - [test_recharge.py-->line:134] - INFO: 取现失败，金额小数超过两位:用例执行通过
2019-09-10 21:38:14,337 - [test_recharge.py-->line:134] - INFO: 取现失败，金额不是数字:用例执行通过
2019-09-10 21:38:14,359 - [run_test.py-->line:43] - INFO: ----------本次所有用例执行完毕---------------------
2019-09-10 21:41:46,597 - [run_test.py-->line:19] - INFO: -------------------开启测试运行程序--------------
2019-09-10 21:41:51,194 - [test_add.py-->line:63] - INFO: 管理员正常登录:用例执行通过
2019-09-10 21:41:51,672 - [test_add.py-->line:63] - INFO: 正常加标:用例执行通过
2019-09-10 21:41:51,912 - [test_add.py-->line:63] - INFO: 加标用户id不存在:用例执行通过
2019-09-10 21:41:52,160 - [test_add.py-->line:63] - INFO: 标title为空:用例执行通过
2019-09-10 21:41:52,429 - [test_add.py-->line:57] - INFO: 借款金额少于1000:用例执行未通过
2019-09-10 21:41:52,429 - [test_add.py-->line:58] - ERROR: '20106' != '10001'
- 20106
+ 10001
Traceback (most recent call last):
  File "C:\project\python21\class21_api_project\testcases\test_add.py", line 49, in test_add
    self.assertEqual(str(case.excepted_code), res_code)
  File "C:\python37\lib\unittest\case.py", line 839, in assertEqual
    assertion_func(first, second, msg=msg)
  File "C:\python37\lib\unittest\case.py", line 1220, in assertMultiLineEqual
    self.fail(self._formatMessage(msg, standardMsg))
  File "C:\python37\lib\unittest\case.py", line 680, in fail
    raise self.failureException(msg)
AssertionError: '20106' != '10001'
- 20106
+ 10001

2019-09-10 21:41:52,692 - [test_add.py-->line:63] - INFO: 借款不能被100整除:用例执行通过
2019-09-10 21:41:52,926 - [test_add.py-->line:63] - INFO: 借款利率等于0:用例执行通过
2019-09-10 21:41:53,146 - [test_add.py-->line:63] - INFO: 借款利率大于24:用例执行通过
2019-09-10 21:41:53,596 - [test_add.py-->line:63] - INFO: 借款利率等于24:用例执行通过
2019-09-10 21:41:54,010 - [test_add.py-->line:63] - INFO: 借款期限类型为0:用例执行通过
2019-09-10 21:41:54,457 - [test_add.py-->line:63] - INFO: 借款期限类型为2:用例执行通过
2019-09-10 21:41:54,865 - [test_add.py-->line:63] - INFO: 借款期限类型为4:用例执行通过
2019-09-10 21:41:55,096 - [test_add.py-->line:63] - INFO: 期限类型为(0，2，4)之外的数:用例执行通过
2019-09-10 21:41:55,382 - [test_aduit.py-->line:79] - INFO: 正常登录:用例执行通过
2019-09-10 21:41:55,678 - [test_aduit.py-->line:79] - INFO: 加标:用例执行通过
2019-09-10 21:41:55,955 - [test_aduit.py-->line:79] - INFO: 审核项目状态不变:用例执行通过
2019-09-10 21:41:56,147 - [test_aduit.py-->line:79] - INFO: 审核状态参数为空:用例执行通过
2019-09-10 21:41:56,333 - [test_aduit.py-->line:79] - INFO: 审核项目为空:用例执行通过
2019-09-10 21:41:56,558 - [test_aduit.py-->line:79] - INFO: 审核项目不存在:用例执行通过
2019-09-10 21:41:56,741 - [test_aduit.py-->line:79] - INFO: 审核状态少于1:用例执行通过
2019-09-10 21:41:56,930 - [test_aduit.py-->line:79] - INFO: 审核状态大于11:用例执行通过
2019-09-10 21:41:56,995 - [test_login.py-->line:57] - INFO: 正在请求地址http://test.lemonban.com/futureloan/mvc/api/member/login
2019-09-10 21:41:57,231 - [test_login.py-->line:73] - DEBUG: 正常登录成功，该条用例执行通过
2019-09-10 21:41:57,287 - [test_login.py-->line:57] - INFO: 正在请求地址http://test.lemonban.com/futureloan/mvc/api/member/login
2019-09-10 21:41:57,531 - [test_login.py-->line:73] - DEBUG: 密码不正确，该条用例执行通过
2019-09-10 21:41:57,598 - [test_login.py-->line:57] - INFO: 正在请求地址http://test.lemonban.com/futureloan/mvc/api/member/login
2019-09-10 21:41:57,904 - [test_login.py-->line:73] - DEBUG: 账号未注册，该条用例执行通过
2019-09-10 21:41:57,971 - [test_login.py-->line:57] - INFO: 正在请求地址http://test.lemonban.com/futureloan/mvc/api/member/login
2019-09-10 21:41:58,232 - [test_login.py-->line:73] - DEBUG: 手机号为空，该条用例执行通过
2019-09-10 21:41:58,299 - [test_login.py-->line:57] - INFO: 正在请求地址http://test.lemonban.com/futureloan/mvc/api/member/login
2019-09-10 21:41:58,556 - [test_login.py-->line:73] - DEBUG: 手机号包含非数字，该条用例执行通过
2019-09-10 21:41:58,610 - [test_login.py-->line:57] - INFO: 正在请求地址http://test.lemonban.com/futureloan/mvc/api/member/login
2019-09-10 21:41:58,867 - [test_login.py-->line:73] - DEBUG: 手机号为非手机号码数字，该条用例执行通过
2019-09-10 21:41:58,923 - [test_login.py-->line:57] - INFO: 正在请求地址http://test.lemonban.com/futureloan/mvc/api/member/login
2019-09-10 21:41:59,167 - [test_login.py-->line:73] - DEBUG: 手机号长度不足11位，该条用例执行通过
2019-09-10 21:41:59,233 - [test_login.py-->line:57] - INFO: 正在请求地址http://test.lemonban.com/futureloan/mvc/api/member/login
2019-09-10 21:41:59,543 - [test_login.py-->line:73] - DEBUG: 手机号长度超过11位，该条用例执行通过
2019-09-10 21:41:59,953 - [test_login.py-->line:132] - INFO: 用例执行通过
2019-09-10 21:42:00,368 - [test_login.py-->line:132] - INFO: 用例执行通过
2019-09-10 21:42:00,693 - [test_login.py-->line:132] - INFO: 用例执行通过
2019-09-10 21:42:00,972 - [test_login.py-->line:132] - INFO: 用例执行通过
2019-09-10 21:42:01,236 - [test_login.py-->line:132] - INFO: 用例执行通过
2019-09-10 21:42:01,546 - [test_login.py-->line:132] - INFO: 用例执行通过
2019-09-10 21:42:01,855 - [test_login.py-->line:132] - INFO: 用例执行通过
2019-09-10 21:42:02,172 - [test_login.py-->line:132] - INFO: 用例执行通过
2019-09-10 21:42:02,468 - [test_login.py-->line:132] - INFO: 用例执行通过
2019-09-10 21:42:02,790 - [test_login.py-->line:132] - INFO: 用例执行通过
2019-09-10 21:42:03,120 - [test_login.py-->line:132] - INFO: 用例执行通过
2019-09-10 21:42:03,403 - [test_recharge.py-->line:80] - INFO: 正常登陆:用例执行通过
2019-09-10 21:42:03,879 - [test_recharge.py-->line:80] - INFO: 正常充值:用例执行通过
2019-09-10 21:42:04,329 - [test_recharge.py-->line:80] - INFO: 正常充值：充值金额为小数:用例执行通过
2019-09-10 21:42:04,504 - [test_recharge.py-->line:80] - INFO: 充值手机号码不存在:用例执行通过
2019-09-10 21:42:04,704 - [test_recharge.py-->line:80] - INFO: 充值金额小数点大于两位:用例执行通过
2019-09-10 21:42:04,990 - [test_recharge.py-->line:80] - INFO: 充值额度为负数:用例执行通过
2019-09-10 21:42:05,265 - [test_recharge.py-->line:80] - INFO: 充值额度为空:用例执行通过
2019-09-10 21:42:05,476 - [test_recharge.py-->line:80] - INFO: 充值失败，充值额度大于50万:用例执行通过
2019-09-10 21:42:05,696 - [test_recharge.py-->line:80] - INFO: 充值失败，充值金额小数超过两位:用例执行通过
2019-09-10 21:42:05,889 - [test_recharge.py-->line:80] - INFO: 充值失败，充值金额输入的不是数字:用例执行通过
2019-09-10 21:42:06,123 - [test_recharge.py-->line:134] - INFO: 正常登陆:用例执行通过
2019-09-10 21:42:06,608 - [test_recharge.py-->line:134] - INFO: 取现成功:用例执行通过
2019-09-10 21:42:06,964 - [test_recharge.py-->line:134] - INFO: 取现失败，手机号为空:用例执行通过
2019-09-10 21:42:07,182 - [test_recharge.py-->line:134] - INFO: 取现失败，金额为空:用例执行通过
2019-09-10 21:42:07,437 - [test_recharge.py-->line:134] - INFO: 取现失败，金额不大于0:用例执行通过
2019-09-10 21:42:07,683 - [test_recharge.py-->line:134] - INFO: 取现失败，金额大于50万:用例执行通过
2019-09-10 21:42:07,941 - [test_recharge.py-->line:134] - INFO: 取现失败，金额小数超过两位:用例执行通过
2019-09-10 21:42:08,288 - [test_recharge.py-->line:134] - INFO: 取现失败，金额不是数字:用例执行通过
2019-09-10 21:42:08,309 - [run_test.py-->line:43] - INFO: ----------本次所有用例执行完毕---------------------
2019-09-10 21:57:54,891 - [run_test.py-->line:19] - INFO: -------------------开启测试运行程序--------------
2019-09-10 21:58:00,101 - [test_add.py-->line:63] - INFO: 管理员正常登录:用例执行通过
2019-09-10 21:58:00,564 - [test_add.py-->line:63] - INFO: 正常加标:用例执行通过
2019-09-10 21:58:00,784 - [test_add.py-->line:63] - INFO: 加标用户id不存在:用例执行通过
2019-09-10 21:58:00,979 - [test_add.py-->line:63] - INFO: 标title为空:用例执行通过
2019-09-10 21:58:01,174 - [test_add.py-->line:57] - INFO: 借款金额少于1000:用例执行未通过
2019-09-10 21:58:01,174 - [test_add.py-->line:58] - ERROR: '20106' != '10001'
- 20106
+ 10001
Traceback (most recent call last):
  File "C:\project\python21\class21_api_project\testcases\test_add.py", line 49, in test_add
    self.assertEqual(str(case.excepted_code), res_code)
  File "C:\python37\lib\unittest\case.py", line 839, in assertEqual
    assertion_func(first, second, msg=msg)
  File "C:\python37\lib\unittest\case.py", line 1220, in assertMultiLineEqual
    self.fail(self._formatMessage(msg, standardMsg))
  File "C:\python37\lib\unittest\case.py", line 680, in fail
    raise self.failureException(msg)
AssertionError: '20106' != '10001'
- 20106
+ 10001

2019-09-10 21:58:01,353 - [test_add.py-->line:63] - INFO: 借款不能被100整除:用例执行通过
2019-09-10 21:58:01,558 - [test_add.py-->line:63] - INFO: 借款利率等于0:用例执行通过
2019-09-10 21:58:01,758 - [test_add.py-->line:63] - INFO: 借款利率大于24:用例执行通过
2019-09-10 21:58:02,169 - [test_add.py-->line:63] - INFO: 借款利率等于24:用例执行通过
2019-09-10 21:58:02,666 - [test_add.py-->line:63] - INFO: 借款期限类型为0:用例执行通过
2019-09-10 21:58:03,115 - [test_add.py-->line:63] - INFO: 借款期限类型为2:用例执行通过
2019-09-10 21:58:03,581 - [test_add.py-->line:63] - INFO: 借款期限类型为4:用例执行通过
2019-09-10 21:58:03,740 - [test_add.py-->line:63] - INFO: 期限类型为(0，2，4)之外的数:用例执行通过
2019-09-10 21:58:04,040 - [test_aduit.py-->line:80] - INFO: 正常登录:用例执行通过
2019-09-10 21:58:04,349 - [test_aduit.py-->line:80] - INFO: 加标:用例执行通过
2019-09-10 21:58:04,631 - [test_aduit.py-->line:80] - INFO: 审核项目状态不变:用例执行通过
2019-09-10 21:58:04,841 - [test_aduit.py-->line:80] - INFO: 审核状态参数为空:用例执行通过
2019-09-10 21:58:05,070 - [test_aduit.py-->line:80] - INFO: 审核项目为空:用例执行通过
2019-09-10 21:58:05,288 - [test_aduit.py-->line:80] - INFO: 审核项目不存在:用例执行通过
2019-09-10 21:58:05,504 - [test_aduit.py-->line:80] - INFO: 审核状态少于1:用例执行通过
2019-09-10 21:58:05,684 - [test_aduit.py-->line:80] - INFO: 审核状态大于11:用例执行通过
2019-09-10 21:58:05,760 - [test_login.py-->line:57] - INFO: 正在请求地址http://test.lemonban.com/futureloan/mvc/api/member/login
2019-09-10 21:58:06,024 - [test_login.py-->line:73] - DEBUG: 正常登录成功，该条用例执行通过
2019-09-10 21:58:06,084 - [test_login.py-->line:57] - INFO: 正在请求地址http://test.lemonban.com/futureloan/mvc/api/member/login
2019-09-10 21:58:06,346 - [test_login.py-->line:73] - DEBUG: 密码不正确，该条用例执行通过
2019-09-10 21:58:06,449 - [test_login.py-->line:57] - INFO: 正在请求地址http://test.lemonban.com/futureloan/mvc/api/member/login
2019-09-10 21:58:06,831 - [test_login.py-->line:73] - DEBUG: 账号未注册，该条用例执行通过
2019-09-10 21:58:06,892 - [test_login.py-->line:57] - INFO: 正在请求地址http://test.lemonban.com/futureloan/mvc/api/member/login
2019-09-10 21:58:07,122 - [test_login.py-->line:73] - DEBUG: 手机号为空，该条用例执行通过
2019-09-10 21:58:07,196 - [test_login.py-->line:57] - INFO: 正在请求地址http://test.lemonban.com/futureloan/mvc/api/member/login
2019-09-10 21:58:07,420 - [test_login.py-->line:73] - DEBUG: 手机号包含非数字，该条用例执行通过
2019-09-10 21:58:07,519 - [test_login.py-->line:57] - INFO: 正在请求地址http://test.lemonban.com/futureloan/mvc/api/member/login
2019-09-10 21:58:07,812 - [test_login.py-->line:73] - DEBUG: 手机号为非手机号码数字，该条用例执行通过
2019-09-10 21:58:07,917 - [test_login.py-->line:57] - INFO: 正在请求地址http://test.lemonban.com/futureloan/mvc/api/member/login
2019-09-10 21:58:08,142 - [test_login.py-->line:73] - DEBUG: 手机号长度不足11位，该条用例执行通过
2019-09-10 21:58:08,213 - [test_login.py-->line:57] - INFO: 正在请求地址http://test.lemonban.com/futureloan/mvc/api/member/login
2019-09-10 21:58:08,442 - [test_login.py-->line:73] - DEBUG: 手机号长度超过11位，该条用例执行通过
2019-09-10 21:58:08,846 - [test_login.py-->line:132] - INFO: 用例执行通过
2019-09-10 21:58:09,181 - [test_login.py-->line:132] - INFO: 用例执行通过
2019-09-10 21:58:09,456 - [test_login.py-->line:132] - INFO: 用例执行通过
2019-09-10 21:58:09,726 - [test_login.py-->line:132] - INFO: 用例执行通过
2019-09-10 21:58:10,045 - [test_login.py-->line:132] - INFO: 用例执行通过
2019-09-10 21:58:10,321 - [test_login.py-->line:132] - INFO: 用例执行通过
2019-09-10 21:58:10,580 - [test_login.py-->line:132] - INFO: 用例执行通过
2019-09-10 21:58:10,842 - [test_login.py-->line:132] - INFO: 用例执行通过
2019-09-10 21:58:11,169 - [test_login.py-->line:132] - INFO: 用例执行通过
2019-09-10 21:58:11,500 - [test_login.py-->line:132] - INFO: 用例执行通过
2019-09-10 21:58:11,787 - [test_login.py-->line:132] - INFO: 用例执行通过
2019-09-10 21:58:12,045 - [test_recharge.py-->line:80] - INFO: 正常登陆:用例执行通过
2019-09-10 21:58:12,485 - [test_recharge.py-->line:80] - INFO: 正常充值:用例执行通过
2019-09-10 21:58:12,924 - [test_recharge.py-->line:80] - INFO: 正常充值：充值金额为小数:用例执行通过
2019-09-10 21:58:13,166 - [test_recharge.py-->line:80] - INFO: 充值手机号码不存在:用例执行通过
2019-09-10 21:58:13,388 - [test_recharge.py-->line:80] - INFO: 充值金额小数点大于两位:用例执行通过
2019-09-10 21:58:13,634 - [test_recharge.py-->line:80] - INFO: 充值额度为负数:用例执行通过
2019-09-10 21:58:13,814 - [test_recharge.py-->line:80] - INFO: 充值额度为空:用例执行通过
2019-09-10 21:58:14,045 - [test_recharge.py-->line:80] - INFO: 充值失败，充值额度大于50万:用例执行通过
2019-09-10 21:58:14,243 - [test_recharge.py-->line:80] - INFO: 充值失败，充值金额小数超过两位:用例执行通过
2019-09-10 21:58:14,435 - [test_recharge.py-->line:80] - INFO: 充值失败，充值金额输入的不是数字:用例执行通过
2019-09-10 21:58:14,672 - [test_recharge.py-->line:134] - INFO: 正常登陆:用例执行通过
2019-09-10 21:58:15,126 - [test_recharge.py-->line:134] - INFO: 取现成功:用例执行通过
2019-09-10 21:58:15,308 - [test_recharge.py-->line:134] - INFO: 取现失败，手机号为空:用例执行通过
2019-09-10 21:58:15,520 - [test_recharge.py-->line:134] - INFO: 取现失败，金额为空:用例执行通过
2019-09-10 21:58:15,744 - [test_recharge.py-->line:134] - INFO: 取现失败，金额不大于0:用例执行通过
2019-09-10 21:58:16,000 - [test_recharge.py-->line:134] - INFO: 取现失败，金额大于50万:用例执行通过
2019-09-10 21:58:16,189 - [test_recharge.py-->line:134] - INFO: 取现失败，金额小数超过两位:用例执行通过
2019-09-10 21:58:16,389 - [test_recharge.py-->line:134] - INFO: 取现失败，金额不是数字:用例执行通过
2019-09-10 21:58:16,413 - [run_test.py-->line:43] - INFO: ----------本次所有用例执行完毕---------------------
2019-09-10 21:59:11,742 - [run_test.py-->line:19] - INFO: -------------------开启测试运行程序--------------
2019-09-10 21:59:14,408 - [test_add.py-->line:63] - INFO: 管理员正常登录:用例执行通过
2019-09-10 21:59:14,907 - [test_add.py-->line:63] - INFO: 正常加标:用例执行通过
2019-09-10 21:59:15,145 - [test_add.py-->line:63] - INFO: 加标用户id不存在:用例执行通过
2019-09-10 21:59:15,382 - [test_add.py-->line:63] - INFO: 标title为空:用例执行通过
2019-09-10 21:59:15,582 - [test_add.py-->line:57] - INFO: 借款金额少于1000:用例执行未通过
2019-09-10 21:59:15,583 - [test_add.py-->line:58] - ERROR: '20106' != '10001'
- 20106
+ 10001
Traceback (most recent call last):
  File "C:\project\python21\class21_api_project\testcases\test_add.py", line 49, in test_add
    self.assertEqual(str(case.excepted_code), res_code)
  File "C:\python37\lib\unittest\case.py", line 839, in assertEqual
    assertion_func(first, second, msg=msg)
  File "C:\python37\lib\unittest\case.py", line 1220, in assertMultiLineEqual
    self.fail(self._formatMessage(msg, standardMsg))
  File "C:\python37\lib\unittest\case.py", line 680, in fail
    raise self.failureException(msg)
AssertionError: '20106' != '10001'
- 20106
+ 10001

2019-09-10 21:59:15,767 - [test_add.py-->line:63] - INFO: 借款不能被100整除:用例执行通过
2019-09-10 21:59:15,979 - [test_add.py-->line:63] - INFO: 借款利率等于0:用例执行通过
2019-09-10 21:59:16,170 - [test_add.py-->line:63] - INFO: 借款利率大于24:用例执行通过
2019-09-10 21:59:16,587 - [test_add.py-->line:63] - INFO: 借款利率等于24:用例执行通过
2019-09-10 21:59:16,991 - [test_add.py-->line:63] - INFO: 借款期限类型为0:用例执行通过
2019-09-10 21:59:17,406 - [test_add.py-->line:63] - INFO: 借款期限类型为2:用例执行通过
2019-09-10 21:59:17,891 - [test_add.py-->line:63] - INFO: 借款期限类型为4:用例执行通过
2019-09-10 21:59:18,162 - [test_add.py-->line:63] - INFO: 期限类型为(0，2，4)之外的数:用例执行通过
2019-09-10 21:59:18,463 - [test_aduit.py-->line:80] - INFO: 正常登录:用例执行通过
2019-09-10 21:59:18,808 - [test_aduit.py-->line:80] - INFO: 加标:用例执行通过
2019-09-10 21:59:19,089 - [test_aduit.py-->line:80] - INFO: 正常审核:用例执行通过
2019-09-10 21:59:19,318 - [test_aduit.py-->line:80] - INFO: 审核项目状态不变:用例执行通过
2019-09-10 21:59:19,539 - [test_aduit.py-->line:80] - INFO: 审核状态参数为空:用例执行通过
2019-09-10 21:59:19,795 - [test_aduit.py-->line:80] - INFO: 审核项目为空:用例执行通过
2019-09-10 21:59:20,064 - [test_aduit.py-->line:80] - INFO: 审核项目不存在:用例执行通过
2019-09-10 21:59:20,249 - [test_aduit.py-->line:80] - INFO: 审核状态少于1:用例执行通过
2019-09-10 21:59:20,454 - [test_aduit.py-->line:80] - INFO: 审核状态大于11:用例执行通过
2019-09-10 21:59:20,531 - [test_login.py-->line:57] - INFO: 正在请求地址http://test.lemonban.com/futureloan/mvc/api/member/login
2019-09-10 21:59:20,891 - [test_login.py-->line:73] - DEBUG: 正常登录成功，该条用例执行通过
2019-09-10 21:59:20,954 - [test_login.py-->line:57] - INFO: 正在请求地址http://test.lemonban.com/futureloan/mvc/api/member/login
2019-09-10 21:59:21,188 - [test_login.py-->line:73] - DEBUG: 密码不正确，该条用例执行通过
2019-09-10 21:59:21,257 - [test_login.py-->line:57] - INFO: 正在请求地址http://test.lemonban.com/futureloan/mvc/api/member/login
2019-09-10 21:59:21,464 - [test_login.py-->line:73] - DEBUG: 账号未注册，该条用例执行通过
2019-09-10 21:59:21,520 - [test_login.py-->line:57] - INFO: 正在请求地址http://test.lemonban.com/futureloan/mvc/api/member/login
2019-09-10 21:59:21,723 - [test_login.py-->line:73] - DEBUG: 手机号为空，该条用例执行通过
2019-09-10 21:59:21,787 - [test_login.py-->line:57] - INFO: 正在请求地址http://test.lemonban.com/futureloan/mvc/api/member/login
2019-09-10 21:59:22,041 - [test_login.py-->line:73] - DEBUG: 手机号包含非数字，该条用例执行通过
2019-09-10 21:59:22,114 - [test_login.py-->line:57] - INFO: 正在请求地址http://test.lemonban.com/futureloan/mvc/api/member/login
2019-09-10 21:59:22,379 - [test_login.py-->line:73] - DEBUG: 手机号为非手机号码数字，该条用例执行通过
2019-09-10 21:59:22,449 - [test_login.py-->line:57] - INFO: 正在请求地址http://test.lemonban.com/futureloan/mvc/api/member/login
2019-09-10 21:59:22,711 - [test_login.py-->line:73] - DEBUG: 手机号长度不足11位，该条用例执行通过
2019-09-10 21:59:22,773 - [test_login.py-->line:57] - INFO: 正在请求地址http://test.lemonban.com/futureloan/mvc/api/member/login
2019-09-10 21:59:23,006 - [test_login.py-->line:73] - DEBUG: 手机号长度超过11位，该条用例执行通过
2019-09-10 21:59:23,354 - [test_login.py-->line:132] - INFO: 用例执行通过
2019-09-10 21:59:23,741 - [test_login.py-->line:132] - INFO: 用例执行通过
2019-09-10 21:59:24,013 - [test_login.py-->line:132] - INFO: 用例执行通过
2019-09-10 21:59:24,285 - [test_login.py-->line:132] - INFO: 用例执行通过
2019-09-10 21:59:24,550 - [test_login.py-->line:132] - INFO: 用例执行通过
2019-09-10 21:59:24,817 - [test_login.py-->line:132] - INFO: 用例执行通过
2019-09-10 21:59:25,083 - [test_login.py-->line:132] - INFO: 用例执行通过
2019-09-10 21:59:25,354 - [test_login.py-->line:132] - INFO: 用例执行通过
2019-09-10 21:59:25,615 - [test_login.py-->line:132] - INFO: 用例执行通过
2019-09-10 21:59:25,874 - [test_login.py-->line:132] - INFO: 用例执行通过
2019-09-10 21:59:26,110 - [test_login.py-->line:132] - INFO: 用例执行通过
2019-09-10 21:59:26,367 - [test_recharge.py-->line:80] - INFO: 正常登陆:用例执行通过
2019-09-10 21:59:26,772 - [test_recharge.py-->line:80] - INFO: 正常充值:用例执行通过
2019-09-10 21:59:27,180 - [test_recharge.py-->line:80] - INFO: 正常充值：充值金额为小数:用例执行通过
2019-09-10 21:59:27,467 - [test_recharge.py-->line:80] - INFO: 充值手机号码不存在:用例执行通过
2019-09-10 21:59:27,638 - [test_recharge.py-->line:80] - INFO: 充值金额小数点大于两位:用例执行通过
2019-09-10 21:59:27,852 - [test_recharge.py-->line:80] - INFO: 充值额度为负数:用例执行通过
2019-09-10 21:59:28,034 - [test_recharge.py-->line:80] - INFO: 充值额度为空:用例执行通过
2019-09-10 21:59:28,250 - [test_recharge.py-->line:80] - INFO: 充值失败，充值额度大于50万:用例执行通过
2019-09-10 21:59:28,438 - [test_recharge.py-->line:80] - INFO: 充值失败，充值金额小数超过两位:用例执行通过
2019-09-10 21:59:28,640 - [test_recharge.py-->line:80] - INFO: 充值失败，充值金额输入的不是数字:用例执行通过
2019-09-10 21:59:28,847 - [test_recharge.py-->line:134] - INFO: 正常登陆:用例执行通过
2019-09-10 21:59:29,290 - [test_recharge.py-->line:134] - INFO: 取现成功:用例执行通过
2019-09-10 21:59:29,469 - [test_recharge.py-->line:134] - INFO: 取现失败，手机号为空:用例执行通过
2019-09-10 21:59:29,667 - [test_recharge.py-->line:134] - INFO: 取现失败，金额为空:用例执行通过
2019-09-10 21:59:29,883 - [test_recharge.py-->line:134] - INFO: 取现失败，金额不大于0:用例执行通过
2019-09-10 21:59:30,120 - [test_recharge.py-->line:134] - INFO: 取现失败，金额大于50万:用例执行通过
2019-09-10 21:59:30,303 - [test_recharge.py-->line:134] - INFO: 取现失败，金额小数超过两位:用例执行通过
2019-09-10 21:59:30,517 - [test_recharge.py-->line:134] - INFO: 取现失败，金额不是数字:用例执行通过
2019-09-10 21:59:30,535 - [run_test.py-->line:43] - INFO: ----------本次所有用例执行完毕---------------------
2019-09-10 22:13:15,857 - [run_test.py-->line:20] - INFO: -------------------开启测试运行程序--------------
2019-09-10 22:13:53,693 - [run_test.py-->line:20] - INFO: -------------------开启测试运行程序--------------
2019-09-10 22:13:56,852 - [test_add.py-->line:63] - INFO: 管理员正常登录:用例执行通过
2019-09-10 22:13:57,252 - [test_add.py-->line:63] - INFO: 正常加标:用例执行通过
2019-09-10 22:13:57,426 - [test_add.py-->line:63] - INFO: 加标用户id不存在:用例执行通过
2019-09-10 22:13:57,577 - [test_add.py-->line:63] - INFO: 标title为空:用例执行通过
2019-09-10 22:13:57,734 - [test_add.py-->line:57] - INFO: 借款金额少于1000:用例执行未通过
2019-09-10 22:13:57,735 - [test_add.py-->line:58] - ERROR: '20106' != '10001'
- 20106
+ 10001
Traceback (most recent call last):
  File "C:\project\python21\class21_api_project\testcases\test_add.py", line 49, in test_add
    self.assertEqual(str(case.excepted_code), res_code)
  File "C:\python37\lib\unittest\case.py", line 839, in assertEqual
    assertion_func(first, second, msg=msg)
  File "C:\python37\lib\unittest\case.py", line 1220, in assertMultiLineEqual
    self.fail(self._formatMessage(msg, standardMsg))
  File "C:\python37\lib\unittest\case.py", line 680, in fail
    raise self.failureException(msg)
AssertionError: '20106' != '10001'
- 20106
+ 10001

2019-09-10 22:13:57,888 - [test_add.py-->line:63] - INFO: 借款不能被100整除:用例执行通过
2019-09-10 22:13:58,028 - [test_add.py-->line:63] - INFO: 借款利率等于0:用例执行通过
2019-09-10 22:13:58,178 - [test_add.py-->line:63] - INFO: 借款利率大于24:用例执行通过
2019-09-10 22:13:58,564 - [test_add.py-->line:63] - INFO: 借款利率等于24:用例执行通过
2019-09-10 22:13:58,977 - [test_add.py-->line:63] - INFO: 借款期限类型为0:用例执行通过
2019-09-10 22:13:59,382 - [test_add.py-->line:63] - INFO: 借款期限类型为2:用例执行通过
2019-09-10 22:13:59,719 - [test_add.py-->line:63] - INFO: 借款期限类型为4:用例执行通过
2019-09-10 22:13:59,859 - [test_add.py-->line:63] - INFO: 期限类型为(0，2，4)之外的数:用例执行通过
2019-09-10 22:14:00,062 - [test_aduit.py-->line:80] - INFO: 正常登录:用例执行通过
2019-09-10 22:14:00,324 - [test_aduit.py-->line:80] - INFO: 加标:用例执行通过
2019-09-10 22:14:00,548 - [test_aduit.py-->line:80] - INFO: 正常审核:用例执行通过
2019-09-10 22:14:00,687 - [test_aduit.py-->line:80] - INFO: 审核项目状态不变:用例执行通过
2019-09-10 22:14:00,835 - [test_aduit.py-->line:80] - INFO: 审核状态参数为空:用例执行通过
2019-09-10 22:14:00,970 - [test_aduit.py-->line:80] - INFO: 审核项目为空:用例执行通过
2019-09-10 22:14:01,147 - [test_aduit.py-->line:80] - INFO: 审核项目不存在:用例执行通过
2019-09-10 22:14:01,281 - [test_aduit.py-->line:80] - INFO: 审核状态少于1:用例执行通过
2019-09-10 22:14:01,420 - [test_aduit.py-->line:80] - INFO: 审核状态大于11:用例执行通过
2019-09-10 22:14:01,510 - [test_login.py-->line:57] - INFO: 正在请求地址http://test.lemonban.com/futureloan/mvc/api/member/login
2019-09-10 22:14:01,727 - [test_login.py-->line:73] - DEBUG: 正常登录成功，该条用例执行通过
2019-09-10 22:14:01,777 - [test_login.py-->line:57] - INFO: 正在请求地址http://test.lemonban.com/futureloan/mvc/api/member/login
2019-09-10 22:14:02,001 - [test_login.py-->line:73] - DEBUG: 密码不正确，该条用例执行通过
2019-09-10 22:14:02,053 - [test_login.py-->line:57] - INFO: 正在请求地址http://test.lemonban.com/futureloan/mvc/api/member/login
2019-09-10 22:14:02,251 - [test_login.py-->line:73] - DEBUG: 账号未注册，该条用例执行通过
2019-09-10 22:14:02,318 - [test_login.py-->line:57] - INFO: 正在请求地址http://test.lemonban.com/futureloan/mvc/api/member/login
2019-09-10 22:14:02,465 - [test_login.py-->line:73] - DEBUG: 手机号为空，该条用例执行通过
2019-09-10 22:14:02,532 - [test_login.py-->line:57] - INFO: 正在请求地址http://test.lemonban.com/futureloan/mvc/api/member/login
2019-09-10 22:14:02,723 - [test_login.py-->line:73] - DEBUG: 手机号包含非数字，该条用例执行通过
2019-09-10 22:14:02,806 - [test_login.py-->line:57] - INFO: 正在请求地址http://test.lemonban.com/futureloan/mvc/api/member/login
2019-09-10 22:14:02,998 - [test_login.py-->line:73] - DEBUG: 手机号为非手机号码数字，该条用例执行通过
2019-09-10 22:14:03,084 - [test_login.py-->line:57] - INFO: 正在请求地址http://test.lemonban.com/futureloan/mvc/api/member/login
2019-09-10 22:14:03,329 - [test_login.py-->line:73] - DEBUG: 手机号长度不足11位，该条用例执行通过
2019-09-10 22:14:03,399 - [test_login.py-->line:57] - INFO: 正在请求地址http://test.lemonban.com/futureloan/mvc/api/member/login
2019-09-10 22:14:03,589 - [test_login.py-->line:73] - DEBUG: 手机号长度超过11位，该条用例执行通过
2019-09-10 22:14:03,935 - [test_login.py-->line:132] - INFO: 用例执行通过
2019-09-10 22:14:04,259 - [test_login.py-->line:132] - INFO: 用例执行通过
2019-09-10 22:14:04,518 - [test_login.py-->line:132] - INFO: 用例执行通过
2019-09-10 22:14:04,760 - [test_login.py-->line:132] - INFO: 用例执行通过
2019-09-10 22:14:05,003 - [test_login.py-->line:132] - INFO: 用例执行通过
2019-09-10 22:14:05,203 - [test_login.py-->line:132] - INFO: 用例执行通过
2019-09-10 22:14:05,398 - [test_login.py-->line:132] - INFO: 用例执行通过
2019-09-10 22:14:05,642 - [test_login.py-->line:132] - INFO: 用例执行通过
2019-09-10 22:14:05,870 - [test_login.py-->line:132] - INFO: 用例执行通过
2019-09-10 22:14:06,119 - [test_login.py-->line:132] - INFO: 用例执行通过
2019-09-10 22:14:06,388 - [test_login.py-->line:132] - INFO: 用例执行通过
2019-09-10 22:14:06,576 - [test_recharge.py-->line:80] - INFO: 正常登陆:用例执行通过
2019-09-10 22:14:07,050 - [test_recharge.py-->line:80] - INFO: 正常充值:用例执行通过
2019-09-10 22:14:07,596 - [test_recharge.py-->line:80] - INFO: 正常充值：充值金额为小数:用例执行通过
2019-09-10 22:14:07,755 - [test_recharge.py-->line:80] - INFO: 充值手机号码不存在:用例执行通过
2019-09-10 22:14:07,898 - [test_recharge.py-->line:80] - INFO: 充值金额小数点大于两位:用例执行通过
2019-09-10 22:14:08,045 - [test_recharge.py-->line:80] - INFO: 充值额度为负数:用例执行通过
2019-09-10 22:14:08,183 - [test_recharge.py-->line:80] - INFO: 充值额度为空:用例执行通过
2019-09-10 22:14:08,322 - [test_recharge.py-->line:80] - INFO: 充值失败，充值额度大于50万:用例执行通过
2019-09-10 22:14:08,458 - [test_recharge.py-->line:80] - INFO: 充值失败，充值金额小数超过两位:用例执行通过
2019-09-10 22:14:08,593 - [test_recharge.py-->line:80] - INFO: 充值失败，充值金额输入的不是数字:用例执行通过
2019-09-10 22:14:08,793 - [test_recharge.py-->line:134] - INFO: 正常登陆:用例执行通过
2019-09-10 22:14:09,195 - [test_recharge.py-->line:134] - INFO: 取现成功:用例执行通过
2019-09-10 22:14:09,331 - [test_recharge.py-->line:134] - INFO: 取现失败，手机号为空:用例执行通过
2019-09-10 22:14:09,469 - [test_recharge.py-->line:134] - INFO: 取现失败，金额为空:用例执行通过
2019-09-10 22:14:09,664 - [test_recharge.py-->line:134] - INFO: 取现失败，金额不大于0:用例执行通过
2019-09-10 22:14:09,840 - [test_recharge.py-->line:134] - INFO: 取现失败，金额大于50万:用例执行通过
2019-09-10 22:14:09,977 - [test_recharge.py-->line:134] - INFO: 取现失败，金额小数超过两位:用例执行通过
2019-09-10 22:14:10,121 - [test_recharge.py-->line:134] - INFO: 取现失败，金额不是数字:用例执行通过
2019-09-10 22:14:10,132 - [run_test.py-->line:48] - INFO: ----------本次所有用例执行完毕---------------------
2019-09-10 22:14:42,959 - [run_test.py-->line:20] - INFO: -------------------开启测试运行程序--------------
